mode: set
github.com/F5Networks/k8s-bigip-ctlr/v2/cmd/k8s-bigip-ctlr/main.go:222.14,236.29 12 1
github.com/F5Networks/k8s-bigip-ctlr/v2/cmd/k8s-bigip-ctlr/main.go:236.29,238.17 2 0
github.com/F5Networks/k8s-bigip-ctlr/v2/cmd/k8s-bigip-ctlr/main.go:238.17,240.4 1 0
github.com/F5Networks/k8s-bigip-ctlr/v2/cmd/k8s-bigip-ctlr/main.go:244.2,287.29 23 1
github.com/F5Networks/k8s-bigip-ctlr/v2/cmd/k8s-bigip-ctlr/main.go:287.29,289.3 1 0
github.com/F5Networks/k8s-bigip-ctlr/v2/cmd/k8s-bigip-ctlr/main.go:292.2,333.28 21 1
github.com/F5Networks/k8s-bigip-ctlr/v2/cmd/k8s-bigip-ctlr/main.go:333.28,335.3 1 0
github.com/F5Networks/k8s-bigip-ctlr/v2/cmd/k8s-bigip-ctlr/main.go:338.2,412.27 26 1
github.com/F5Networks/k8s-bigip-ctlr/v2/cmd/k8s-bigip-ctlr/main.go:412.27,414.3 1 0
github.com/F5Networks/k8s-bigip-ctlr/v2/cmd/k8s-bigip-ctlr/main.go:422.2,432.28 5 1
github.com/F5Networks/k8s-bigip-ctlr/v2/cmd/k8s-bigip-ctlr/main.go:432.28,434.3 1 0
github.com/F5Networks/k8s-bigip-ctlr/v2/cmd/k8s-bigip-ctlr/main.go:437.2,451.30 7 1
github.com/F5Networks/k8s-bigip-ctlr/v2/cmd/k8s-bigip-ctlr/main.go:451.30,453.3 1 0
github.com/F5Networks/k8s-bigip-ctlr/v2/cmd/k8s-bigip-ctlr/main.go:456.2,465.31 5 1
github.com/F5Networks/k8s-bigip-ctlr/v2/cmd/k8s-bigip-ctlr/main.go:465.31,467.3 1 0
github.com/F5Networks/k8s-bigip-ctlr/v2/cmd/k8s-bigip-ctlr/main.go:470.2,481.23 9 1
github.com/F5Networks/k8s-bigip-ctlr/v2/cmd/k8s-bigip-ctlr/main.go:481.23,490.3 8 0
github.com/F5Networks/k8s-bigip-ctlr/v2/cmd/k8s-bigip-ctlr/main.go:493.49,495.22 2 1
github.com/F5Networks/k8s-bigip-ctlr/v2/cmd/k8s-bigip-ctlr/main.go:495.22,497.3 1 0
github.com/F5Networks/k8s-bigip-ctlr/v2/cmd/k8s-bigip-ctlr/main.go:497.8,499.3 1 1
github.com/F5Networks/k8s-bigip-ctlr/v2/cmd/k8s-bigip-ctlr/main.go:500.2,503.48 2 1
github.com/F5Networks/k8s-bigip-ctlr/v2/cmd/k8s-bigip-ctlr/main.go:503.48,504.29 1 1
github.com/F5Networks/k8s-bigip-ctlr/v2/cmd/k8s-bigip-ctlr/main.go:504.29,507.4 2 0
github.com/F5Networks/k8s-bigip-ctlr/v2/cmd/k8s-bigip-ctlr/main.go:508.3,508.23 1 1
github.com/F5Networks/k8s-bigip-ctlr/v2/cmd/k8s-bigip-ctlr/main.go:509.8,512.3 1 1
github.com/F5Networks/k8s-bigip-ctlr/v2/cmd/k8s-bigip-ctlr/main.go:513.2,513.12 1 1
github.com/F5Networks/k8s-bigip-ctlr/v2/cmd/k8s-bigip-ctlr/main.go:517.13,519.2 1 1
github.com/F5Networks/k8s-bigip-ctlr/v2/cmd/k8s-bigip-ctlr/main.go:521.51,522.31 1 1
github.com/F5Networks/k8s-bigip-ctlr/v2/cmd/k8s-bigip-ctlr/main.go:522.31,523.20 1 1
github.com/F5Networks/k8s-bigip-ctlr/v2/cmd/k8s-bigip-ctlr/main.go:523.20,525.4 1 1
github.com/F5Networks/k8s-bigip-ctlr/v2/cmd/k8s-bigip-ctlr/main.go:527.2,527.14 1 1
github.com/F5Networks/k8s-bigip-ctlr/v2/cmd/k8s-bigip-ctlr/main.go:530.31,532.29 2 1
github.com/F5Networks/k8s-bigip-ctlr/v2/cmd/k8s-bigip-ctlr/main.go:532.29,534.3 1 1
github.com/F5Networks/k8s-bigip-ctlr/v2/cmd/k8s-bigip-ctlr/main.go:535.2,535.29 1 1
github.com/F5Networks/k8s-bigip-ctlr/v2/cmd/k8s-bigip-ctlr/main.go:535.29,537.3 1 1
github.com/F5Networks/k8s-bigip-ctlr/v2/cmd/k8s-bigip-ctlr/main.go:538.2,538.24 1 1
github.com/F5Networks/k8s-bigip-ctlr/v2/cmd/k8s-bigip-ctlr/main.go:538.24,540.3 1 1
github.com/F5Networks/k8s-bigip-ctlr/v2/cmd/k8s-bigip-ctlr/main.go:541.2,541.29 1 1
github.com/F5Networks/k8s-bigip-ctlr/v2/cmd/k8s-bigip-ctlr/main.go:541.29,543.3 1 1
github.com/F5Networks/k8s-bigip-ctlr/v2/cmd/k8s-bigip-ctlr/main.go:544.2,544.12 1 1
github.com/F5Networks/k8s-bigip-ctlr/v2/cmd/k8s-bigip-ctlr/main.go:547.25,550.19 3 1
github.com/F5Networks/k8s-bigip-ctlr/v2/cmd/k8s-bigip-ctlr/main.go:550.19,552.3 1 1
github.com/F5Networks/k8s-bigip-ctlr/v2/cmd/k8s-bigip-ctlr/main.go:554.2,554.31 1 1
github.com/F5Networks/k8s-bigip-ctlr/v2/cmd/k8s-bigip-ctlr/main.go:554.31,556.3 1 0
github.com/F5Networks/k8s-bigip-ctlr/v2/cmd/k8s-bigip-ctlr/main.go:558.2,558.91 1 1
github.com/F5Networks/k8s-bigip-ctlr/v2/cmd/k8s-bigip-ctlr/main.go:558.91,560.3 1 1
github.com/F5Networks/k8s-bigip-ctlr/v2/cmd/k8s-bigip-ctlr/main.go:562.2,562.32 1 1
github.com/F5Networks/k8s-bigip-ctlr/v2/cmd/k8s-bigip-ctlr/main.go:562.32,563.146 1 1
github.com/F5Networks/k8s-bigip-ctlr/v2/cmd/k8s-bigip-ctlr/main.go:563.146,565.4 1 1
github.com/F5Networks/k8s-bigip-ctlr/v2/cmd/k8s-bigip-ctlr/main.go:565.9,567.4 1 0
github.com/F5Networks/k8s-bigip-ctlr/v2/cmd/k8s-bigip-ctlr/main.go:568.8,568.38 1 1
github.com/F5Networks/k8s-bigip-ctlr/v2/cmd/k8s-bigip-ctlr/main.go:568.38,570.19 2 1
github.com/F5Networks/k8s-bigip-ctlr/v2/cmd/k8s-bigip-ctlr/main.go:570.19,572.4 1 1
github.com/F5Networks/k8s-bigip-ctlr/v2/cmd/k8s-bigip-ctlr/main.go:575.2,576.52 1 1
github.com/F5Networks/k8s-bigip-ctlr/v2/cmd/k8s-bigip-ctlr/main.go:576.52,578.3 1 1
github.com/F5Networks/k8s-bigip-ctlr/v2/cmd/k8s-bigip-ctlr/main.go:580.2,580.56 1 1
github.com/F5Networks/k8s-bigip-ctlr/v2/cmd/k8s-bigip-ctlr/main.go:580.56,582.3 1 1
github.com/F5Networks/k8s-bigip-ctlr/v2/cmd/k8s-bigip-ctlr/main.go:584.2,584.56 1 1
github.com/F5Networks/k8s-bigip-ctlr/v2/cmd/k8s-bigip-ctlr/main.go:584.56,586.3 1 1
github.com/F5Networks/k8s-bigip-ctlr/v2/cmd/k8s-bigip-ctlr/main.go:586.8,588.3 1 1
github.com/F5Networks/k8s-bigip-ctlr/v2/cmd/k8s-bigip-ctlr/main.go:590.2,590.73 1 1
github.com/F5Networks/k8s-bigip-ctlr/v2/cmd/k8s-bigip-ctlr/main.go:590.73,592.3 1 1
github.com/F5Networks/k8s-bigip-ctlr/v2/cmd/k8s-bigip-ctlr/main.go:592.8,592.79 1 1
github.com/F5Networks/k8s-bigip-ctlr/v2/cmd/k8s-bigip-ctlr/main.go:592.79,594.3 1 1
github.com/F5Networks/k8s-bigip-ctlr/v2/cmd/k8s-bigip-ctlr/main.go:594.8,596.3 1 1
github.com/F5Networks/k8s-bigip-ctlr/v2/cmd/k8s-bigip-ctlr/main.go:597.2,597.37 1 1
github.com/F5Networks/k8s-bigip-ctlr/v2/cmd/k8s-bigip-ctlr/main.go:597.37,598.59 1 0
github.com/F5Networks/k8s-bigip-ctlr/v2/cmd/k8s-bigip-ctlr/main.go:598.59,601.4 1 0
github.com/F5Networks/k8s-bigip-ctlr/v2/cmd/k8s-bigip-ctlr/main.go:603.2,603.34 1 1
github.com/F5Networks/k8s-bigip-ctlr/v2/cmd/k8s-bigip-ctlr/main.go:603.34,604.56 1 1
github.com/F5Networks/k8s-bigip-ctlr/v2/cmd/k8s-bigip-ctlr/main.go:604.56,607.4 1 1
github.com/F5Networks/k8s-bigip-ctlr/v2/cmd/k8s-bigip-ctlr/main.go:610.2,610.136 1 1
github.com/F5Networks/k8s-bigip-ctlr/v2/cmd/k8s-bigip-ctlr/main.go:610.136,612.3 1 0
github.com/F5Networks/k8s-bigip-ctlr/v2/cmd/k8s-bigip-ctlr/main.go:612.8,612.36 1 1
github.com/F5Networks/k8s-bigip-ctlr/v2/cmd/k8s-bigip-ctlr/main.go:612.36,614.3 1 0
github.com/F5Networks/k8s-bigip-ctlr/v2/cmd/k8s-bigip-ctlr/main.go:616.2,616.100 1 1
github.com/F5Networks/k8s-bigip-ctlr/v2/cmd/k8s-bigip-ctlr/main.go:616.100,618.3 1 0
github.com/F5Networks/k8s-bigip-ctlr/v2/cmd/k8s-bigip-ctlr/main.go:620.2,620.32 1 1
github.com/F5Networks/k8s-bigip-ctlr/v2/cmd/k8s-bigip-ctlr/main.go:620.32,621.95 1 1
github.com/F5Networks/k8s-bigip-ctlr/v2/cmd/k8s-bigip-ctlr/main.go:621.95,624.4 1 1
github.com/F5Networks/k8s-bigip-ctlr/v2/cmd/k8s-bigip-ctlr/main.go:625.3,625.88 1 1
github.com/F5Networks/k8s-bigip-ctlr/v2/cmd/k8s-bigip-ctlr/main.go:625.88,628.4 1 1
github.com/F5Networks/k8s-bigip-ctlr/v2/cmd/k8s-bigip-ctlr/main.go:631.2,632.16 2 1
github.com/F5Networks/k8s-bigip-ctlr/v2/cmd/k8s-bigip-ctlr/main.go:632.16,634.3 1 1
github.com/F5Networks/k8s-bigip-ctlr/v2/cmd/k8s-bigip-ctlr/main.go:636.2,636.41 1 1
github.com/F5Networks/k8s-bigip-ctlr/v2/cmd/k8s-bigip-ctlr/main.go:636.41,637.65 1 1
github.com/F5Networks/k8s-bigip-ctlr/v2/cmd/k8s-bigip-ctlr/main.go:637.65,639.4 1 1
github.com/F5Networks/k8s-bigip-ctlr/v2/cmd/k8s-bigip-ctlr/main.go:640.3,640.55 1 1
github.com/F5Networks/k8s-bigip-ctlr/v2/cmd/k8s-bigip-ctlr/main.go:640.55,643.4 1 0
github.com/F5Networks/k8s-bigip-ctlr/v2/cmd/k8s-bigip-ctlr/main.go:644.3,645.32 2 1
github.com/F5Networks/k8s-bigip-ctlr/v2/cmd/k8s-bigip-ctlr/main.go:646.8,646.74 1 1
github.com/F5Networks/k8s-bigip-ctlr/v2/cmd/k8s-bigip-ctlr/main.go:646.74,647.93 1 1
github.com/F5Networks/k8s-bigip-ctlr/v2/cmd/k8s-bigip-ctlr/main.go:647.93,649.4 1 0
github.com/F5Networks/k8s-bigip-ctlr/v2/cmd/k8s-bigip-ctlr/main.go:650.3,650.97 1 1
github.com/F5Networks/k8s-bigip-ctlr/v2/cmd/k8s-bigip-ctlr/main.go:650.97,652.4 1 0
github.com/F5Networks/k8s-bigip-ctlr/v2/cmd/k8s-bigip-ctlr/main.go:653.3,653.55 1 1
github.com/F5Networks/k8s-bigip-ctlr/v2/cmd/k8s-bigip-ctlr/main.go:653.55,656.4 1 0
github.com/F5Networks/k8s-bigip-ctlr/v2/cmd/k8s-bigip-ctlr/main.go:657.3,659.33 3 1
github.com/F5Networks/k8s-bigip-ctlr/v2/cmd/k8s-bigip-ctlr/main.go:659.33,661.4 1 0
github.com/F5Networks/k8s-bigip-ctlr/v2/cmd/k8s-bigip-ctlr/main.go:664.2,664.38 1 1
github.com/F5Networks/k8s-bigip-ctlr/v2/cmd/k8s-bigip-ctlr/main.go:664.38,666.3 1 0
github.com/F5Networks/k8s-bigip-ctlr/v2/cmd/k8s-bigip-ctlr/main.go:667.2,667.44 1 1
github.com/F5Networks/k8s-bigip-ctlr/v2/cmd/k8s-bigip-ctlr/main.go:667.44,668.34 1 0
github.com/F5Networks/k8s-bigip-ctlr/v2/cmd/k8s-bigip-ctlr/main.go:668.34,670.4 1 0
github.com/F5Networks/k8s-bigip-ctlr/v2/cmd/k8s-bigip-ctlr/main.go:672.2,672.35 1 1
github.com/F5Networks/k8s-bigip-ctlr/v2/cmd/k8s-bigip-ctlr/main.go:672.35,673.60 1 1
github.com/F5Networks/k8s-bigip-ctlr/v2/cmd/k8s-bigip-ctlr/main.go:673.60,676.4 1 1
github.com/F5Networks/k8s-bigip-ctlr/v2/cmd/k8s-bigip-ctlr/main.go:678.2,678.25 1 1
github.com/F5Networks/k8s-bigip-ctlr/v2/cmd/k8s-bigip-ctlr/main.go:681.37,682.8 1 1
github.com/F5Networks/k8s-bigip-ctlr/v2/cmd/k8s-bigip-ctlr/main.go:683.40,684.72 1 1
github.com/F5Networks/k8s-bigip-ctlr/v2/cmd/k8s-bigip-ctlr/main.go:684.72,687.4 1 0
github.com/F5Networks/k8s-bigip-ctlr/v2/cmd/k8s-bigip-ctlr/main.go:688.3,688.27 1 1
github.com/F5Networks/k8s-bigip-ctlr/v2/cmd/k8s-bigip-ctlr/main.go:688.27,690.4 1 1
github.com/F5Networks/k8s-bigip-ctlr/v2/cmd/k8s-bigip-ctlr/main.go:691.10,692.59 1 1
github.com/F5Networks/k8s-bigip-ctlr/v2/cmd/k8s-bigip-ctlr/main.go:694.2,694.12 1 1
github.com/F5Networks/k8s-bigip-ctlr/v2/cmd/k8s-bigip-ctlr/main.go:697.29,698.24 1 1
github.com/F5Networks/k8s-bigip-ctlr/v2/cmd/k8s-bigip-ctlr/main.go:698.24,701.40 3 1
github.com/F5Networks/k8s-bigip-ctlr/v2/cmd/k8s-bigip-ctlr/main.go:701.40,705.4 3 0
github.com/F5Networks/k8s-bigip-ctlr/v2/cmd/k8s-bigip-ctlr/main.go:705.9,709.4 3 1
github.com/F5Networks/k8s-bigip-ctlr/v2/cmd/k8s-bigip-ctlr/main.go:711.3,711.69 1 1
github.com/F5Networks/k8s-bigip-ctlr/v2/cmd/k8s-bigip-ctlr/main.go:711.69,713.22 2 1
github.com/F5Networks/k8s-bigip-ctlr/v2/cmd/k8s-bigip-ctlr/main.go:713.22,716.25 2 1
github.com/F5Networks/k8s-bigip-ctlr/v2/cmd/k8s-bigip-ctlr/main.go:716.25,718.6 1 0
github.com/F5Networks/k8s-bigip-ctlr/v2/cmd/k8s-bigip-ctlr/main.go:719.10,721.5 1 1
github.com/F5Networks/k8s-bigip-ctlr/v2/cmd/k8s-bigip-ctlr/main.go:722.4,722.14 1 1
github.com/F5Networks/k8s-bigip-ctlr/v2/cmd/k8s-bigip-ctlr/main.go:725.3,726.17 2 1
github.com/F5Networks/k8s-bigip-ctlr/v2/cmd/k8s-bigip-ctlr/main.go:726.17,728.4 1 0
github.com/F5Networks/k8s-bigip-ctlr/v2/cmd/k8s-bigip-ctlr/main.go:729.3,730.17 2 1
github.com/F5Networks/k8s-bigip-ctlr/v2/cmd/k8s-bigip-ctlr/main.go:730.17,732.4 1 0
github.com/F5Networks/k8s-bigip-ctlr/v2/cmd/k8s-bigip-ctlr/main.go:733.3,734.17 2 1
github.com/F5Networks/k8s-bigip-ctlr/v2/cmd/k8s-bigip-ctlr/main.go:734.17,736.4 1 0
github.com/F5Networks/k8s-bigip-ctlr/v2/cmd/k8s-bigip-ctlr/main.go:739.2,739.47 1 1
github.com/F5Networks/k8s-bigip-ctlr/v2/cmd/k8s-bigip-ctlr/main.go:739.47,741.3 1 1
github.com/F5Networks/k8s-bigip-ctlr/v2/cmd/k8s-bigip-ctlr/main.go:742.2,743.16 2 1
github.com/F5Networks/k8s-bigip-ctlr/v2/cmd/k8s-bigip-ctlr/main.go:743.16,745.3 1 0
github.com/F5Networks/k8s-bigip-ctlr/v2/cmd/k8s-bigip-ctlr/main.go:746.2,746.38 1 1
github.com/F5Networks/k8s-bigip-ctlr/v2/cmd/k8s-bigip-ctlr/main.go:746.38,749.3 1 1
github.com/F5Networks/k8s-bigip-ctlr/v2/cmd/k8s-bigip-ctlr/main.go:750.2,750.12 1 1
github.com/F5Networks/k8s-bigip-ctlr/v2/cmd/k8s-bigip-ctlr/main.go:753.26,754.27 1 1
github.com/F5Networks/k8s-bigip-ctlr/v2/cmd/k8s-bigip-ctlr/main.go:754.27,756.43 2 1
github.com/F5Networks/k8s-bigip-ctlr/v2/cmd/k8s-bigip-ctlr/main.go:756.43,760.4 3 0
github.com/F5Networks/k8s-bigip-ctlr/v2/cmd/k8s-bigip-ctlr/main.go:760.9,764.4 3 1
github.com/F5Networks/k8s-bigip-ctlr/v2/cmd/k8s-bigip-ctlr/main.go:766.3,766.63 1 1
github.com/F5Networks/k8s-bigip-ctlr/v2/cmd/k8s-bigip-ctlr/main.go:766.63,768.22 2 1
github.com/F5Networks/k8s-bigip-ctlr/v2/cmd/k8s-bigip-ctlr/main.go:768.22,771.25 2 1
github.com/F5Networks/k8s-bigip-ctlr/v2/cmd/k8s-bigip-ctlr/main.go:771.25,773.6 1 0
github.com/F5Networks/k8s-bigip-ctlr/v2/cmd/k8s-bigip-ctlr/main.go:774.10,776.5 1 1
github.com/F5Networks/k8s-bigip-ctlr/v2/cmd/k8s-bigip-ctlr/main.go:779.3,781.44 3 1
github.com/F5Networks/k8s-bigip-ctlr/v2/cmd/k8s-bigip-ctlr/main.go:785.2,785.50 1 1
github.com/F5Networks/k8s-bigip-ctlr/v2/cmd/k8s-bigip-ctlr/main.go:785.50,788.3 2 1
github.com/F5Networks/k8s-bigip-ctlr/v2/cmd/k8s-bigip-ctlr/main.go:789.2,790.16 2 1
github.com/F5Networks/k8s-bigip-ctlr/v2/cmd/k8s-bigip-ctlr/main.go:790.16,792.3 1 0
github.com/F5Networks/k8s-bigip-ctlr/v2/cmd/k8s-bigip-ctlr/main.go:793.2,793.38 1 1
github.com/F5Networks/k8s-bigip-ctlr/v2/cmd/k8s-bigip-ctlr/main.go:793.38,796.3 1 0
github.com/F5Networks/k8s-bigip-ctlr/v2/cmd/k8s-bigip-ctlr/main.go:799.57,802.17 3 1
github.com/F5Networks/k8s-bigip-ctlr/v2/cmd/k8s-bigip-ctlr/main.go:802.17,804.3 1 1
github.com/F5Networks/k8s-bigip-ctlr/v2/cmd/k8s-bigip-ctlr/main.go:804.8,806.17 2 1
github.com/F5Networks/k8s-bigip-ctlr/v2/cmd/k8s-bigip-ctlr/main.go:806.17,808.4 1 0
github.com/F5Networks/k8s-bigip-ctlr/v2/cmd/k8s-bigip-ctlr/main.go:810.2,810.15 1 1
github.com/F5Networks/k8s-bigip-ctlr/v2/cmd/k8s-bigip-ctlr/main.go:814.48,815.56 1 1
github.com/F5Networks/k8s-bigip-ctlr/v2/cmd/k8s-bigip-ctlr/main.go:815.56,817.3 1 1
github.com/F5Networks/k8s-bigip-ctlr/v2/cmd/k8s-bigip-ctlr/main.go:818.2,818.56 1 1
github.com/F5Networks/k8s-bigip-ctlr/v2/cmd/k8s-bigip-ctlr/main.go:818.56,820.3 1 1
github.com/F5Networks/k8s-bigip-ctlr/v2/cmd/k8s-bigip-ctlr/main.go:825.76,829.16 3 1
github.com/F5Networks/k8s-bigip-ctlr/v2/cmd/k8s-bigip-ctlr/main.go:829.16,831.3 1 0
github.com/F5Networks/k8s-bigip-ctlr/v2/cmd/k8s-bigip-ctlr/main.go:832.2,832.31 1 1
github.com/F5Networks/k8s-bigip-ctlr/v2/cmd/k8s-bigip-ctlr/main.go:832.31,836.17 2 1
github.com/F5Networks/k8s-bigip-ctlr/v2/cmd/k8s-bigip-ctlr/main.go:836.17,838.4 1 0
github.com/F5Networks/k8s-bigip-ctlr/v2/cmd/k8s-bigip-ctlr/main.go:839.3,840.17 2 1
github.com/F5Networks/k8s-bigip-ctlr/v2/cmd/k8s-bigip-ctlr/main.go:840.17,842.4 1 0
github.com/F5Networks/k8s-bigip-ctlr/v2/cmd/k8s-bigip-ctlr/main.go:843.3,844.17 2 1
github.com/F5Networks/k8s-bigip-ctlr/v2/cmd/k8s-bigip-ctlr/main.go:844.17,846.4 1 0
github.com/F5Networks/k8s-bigip-ctlr/v2/cmd/k8s-bigip-ctlr/main.go:847.3,847.33 1 1
github.com/F5Networks/k8s-bigip-ctlr/v2/cmd/k8s-bigip-ctlr/main.go:847.33,849.18 2 1
github.com/F5Networks/k8s-bigip-ctlr/v2/cmd/k8s-bigip-ctlr/main.go:849.18,851.5 1 0
github.com/F5Networks/k8s-bigip-ctlr/v2/cmd/k8s-bigip-ctlr/main.go:852.9,853.42 1 1
github.com/F5Networks/k8s-bigip-ctlr/v2/cmd/k8s-bigip-ctlr/main.go:853.42,855.19 2 1
github.com/F5Networks/k8s-bigip-ctlr/v2/cmd/k8s-bigip-ctlr/main.go:855.19,857.6 1 0
github.com/F5Networks/k8s-bigip-ctlr/v2/cmd/k8s-bigip-ctlr/main.go:857.11,859.6 1 1
github.com/F5Networks/k8s-bigip-ctlr/v2/cmd/k8s-bigip-ctlr/main.go:862.8,864.17 2 1
github.com/F5Networks/k8s-bigip-ctlr/v2/cmd/k8s-bigip-ctlr/main.go:864.17,866.4 1 0
github.com/F5Networks/k8s-bigip-ctlr/v2/cmd/k8s-bigip-ctlr/main.go:867.3,868.17 2 1
github.com/F5Networks/k8s-bigip-ctlr/v2/cmd/k8s-bigip-ctlr/main.go:868.17,870.4 1 0
github.com/F5Networks/k8s-bigip-ctlr/v2/cmd/k8s-bigip-ctlr/main.go:871.3,871.26 1 1
github.com/F5Networks/k8s-bigip-ctlr/v2/cmd/k8s-bigip-ctlr/main.go:877.26,902.31 3 0
github.com/F5Networks/k8s-bigip-ctlr/v2/cmd/k8s-bigip-ctlr/main.go:902.31,905.3 2 0
github.com/F5Networks/k8s-bigip-ctlr/v2/cmd/k8s-bigip-ctlr/main.go:906.2,925.24 3 0
github.com/F5Networks/k8s-bigip-ctlr/v2/cmd/k8s-bigip-ctlr/main.go:925.24,927.3 1 0
github.com/F5Networks/k8s-bigip-ctlr/v2/cmd/k8s-bigip-ctlr/main.go:929.2,932.34 3 0
github.com/F5Networks/k8s-bigip-ctlr/v2/cmd/k8s-bigip-ctlr/main.go:932.34,934.3 1 0
github.com/F5Networks/k8s-bigip-ctlr/v2/cmd/k8s-bigip-ctlr/main.go:934.8,936.3 1 0
github.com/F5Networks/k8s-bigip-ctlr/v2/cmd/k8s-bigip-ctlr/main.go:938.2,970.13 2 0
github.com/F5Networks/k8s-bigip-ctlr/v2/cmd/k8s-bigip-ctlr/main.go:973.13,974.15 1 0
github.com/F5Networks/k8s-bigip-ctlr/v2/cmd/k8s-bigip-ctlr/main.go:974.15,975.31 1 0
github.com/F5Networks/k8s-bigip-ctlr/v2/cmd/k8s-bigip-ctlr/main.go:975.31,977.4 1 0
github.com/F5Networks/k8s-bigip-ctlr/v2/cmd/k8s-bigip-ctlr/main.go:979.2,980.16 2 0
github.com/F5Networks/k8s-bigip-ctlr/v2/cmd/k8s-bigip-ctlr/main.go:980.16,982.3 1 0
github.com/F5Networks/k8s-bigip-ctlr/v2/cmd/k8s-bigip-ctlr/main.go:984.2,984.19 1 0
github.com/F5Networks/k8s-bigip-ctlr/v2/cmd/k8s-bigip-ctlr/main.go:984.19,987.3 2 0
github.com/F5Networks/k8s-bigip-ctlr/v2/cmd/k8s-bigip-ctlr/main.go:989.2,990.16 2 0
github.com/F5Networks/k8s-bigip-ctlr/v2/cmd/k8s-bigip-ctlr/main.go:990.16,994.3 3 0
github.com/F5Networks/k8s-bigip-ctlr/v2/cmd/k8s-bigip-ctlr/main.go:995.2,996.16 2 0
github.com/F5Networks/k8s-bigip-ctlr/v2/cmd/k8s-bigip-ctlr/main.go:996.16,1000.3 3 0
github.com/F5Networks/k8s-bigip-ctlr/v2/cmd/k8s-bigip-ctlr/main.go:1002.2,1004.69 2 0
github.com/F5Networks/k8s-bigip-ctlr/v2/cmd/k8s-bigip-ctlr/main.go:1004.69,1006.3 1 0
github.com/F5Networks/k8s-bigip-ctlr/v2/cmd/k8s-bigip-ctlr/main.go:1007.2,1007.31 1 0
github.com/F5Networks/k8s-bigip-ctlr/v2/cmd/k8s-bigip-ctlr/main.go:1007.31,1009.3 1 0
github.com/F5Networks/k8s-bigip-ctlr/v2/cmd/k8s-bigip-ctlr/main.go:1010.2,1011.38 2 0
github.com/F5Networks/k8s-bigip-ctlr/v2/cmd/k8s-bigip-ctlr/main.go:1011.38,1014.3 2 0
github.com/F5Networks/k8s-bigip-ctlr/v2/cmd/k8s-bigip-ctlr/main.go:1015.2,1019.57 2 0
github.com/F5Networks/k8s-bigip-ctlr/v2/cmd/k8s-bigip-ctlr/main.go:1019.57,1021.3 1 0
github.com/F5Networks/k8s-bigip-ctlr/v2/cmd/k8s-bigip-ctlr/main.go:1025.2,1026.24 2 0
github.com/F5Networks/k8s-bigip-ctlr/v2/cmd/k8s-bigip-ctlr/main.go:1026.24,1029.21 3 0
github.com/F5Networks/k8s-bigip-ctlr/v2/cmd/k8s-bigip-ctlr/main.go:1029.21,1032.4 1 0
github.com/F5Networks/k8s-bigip-ctlr/v2/cmd/k8s-bigip-ctlr/main.go:1032.9,1035.4 1 0
github.com/F5Networks/k8s-bigip-ctlr/v2/cmd/k8s-bigip-ctlr/main.go:1037.2,1037.32 1 0
github.com/F5Networks/k8s-bigip-ctlr/v2/cmd/k8s-bigip-ctlr/main.go:1037.32,1040.34 2 0
github.com/F5Networks/k8s-bigip-ctlr/v2/cmd/k8s-bigip-ctlr/main.go:1040.34,1042.4 1 0
github.com/F5Networks/k8s-bigip-ctlr/v2/cmd/k8s-bigip-ctlr/main.go:1044.2,1045.16 2 0
github.com/F5Networks/k8s-bigip-ctlr/v2/cmd/k8s-bigip-ctlr/main.go:1045.16,1047.3 1 0
github.com/F5Networks/k8s-bigip-ctlr/v2/cmd/k8s-bigip-ctlr/main.go:1049.2,1050.16 2 0
github.com/F5Networks/k8s-bigip-ctlr/v2/cmd/k8s-bigip-ctlr/main.go:1050.16,1053.3 2 0
github.com/F5Networks/k8s-bigip-ctlr/v2/cmd/k8s-bigip-ctlr/main.go:1054.2,1077.22 3 0
github.com/F5Networks/k8s-bigip-ctlr/v2/cmd/k8s-bigip-ctlr/main.go:1077.22,1084.3 1 0
github.com/F5Networks/k8s-bigip-ctlr/v2/cmd/k8s-bigip-ctlr/main.go:1084.8,1087.3 2 0
github.com/F5Networks/k8s-bigip-ctlr/v2/cmd/k8s-bigip-ctlr/main.go:1089.2,1089.50 1 0
github.com/F5Networks/k8s-bigip-ctlr/v2/cmd/k8s-bigip-ctlr/main.go:1089.50,1093.23 4 0
github.com/F5Networks/k8s-bigip-ctlr/v2/cmd/k8s-bigip-ctlr/main.go:1093.23,1095.18 2 0
github.com/F5Networks/k8s-bigip-ctlr/v2/cmd/k8s-bigip-ctlr/main.go:1095.18,1097.5 1 0
github.com/F5Networks/k8s-bigip-ctlr/v2/cmd/k8s-bigip-ctlr/main.go:1098.4,1100.26 3 0
github.com/F5Networks/k8s-bigip-ctlr/v2/cmd/k8s-bigip-ctlr/main.go:1102.3,1107.9 6 0
github.com/F5Networks/k8s-bigip-ctlr/v2/cmd/k8s-bigip-ctlr/main.go:1111.2,1112.33 2 0
github.com/F5Networks/k8s-bigip-ctlr/v2/cmd/k8s-bigip-ctlr/main.go:1112.33,1114.3 1 0
github.com/F5Networks/k8s-bigip-ctlr/v2/cmd/k8s-bigip-ctlr/main.go:1116.2,1117.130 2 0
github.com/F5Networks/k8s-bigip-ctlr/v2/cmd/k8s-bigip-ctlr/main.go:1117.130,1119.3 1 0
github.com/F5Networks/k8s-bigip-ctlr/v2/cmd/k8s-bigip-ctlr/main.go:1122.2,1122.49 1 0
github.com/F5Networks/k8s-bigip-ctlr/v2/cmd/k8s-bigip-ctlr/main.go:1122.49,1132.32 2 0
github.com/F5Networks/k8s-bigip-ctlr/v2/cmd/k8s-bigip-ctlr/main.go:1132.32,1134.4 1 0
github.com/F5Networks/k8s-bigip-ctlr/v2/cmd/k8s-bigip-ctlr/main.go:1135.3,1135.26 1 0
github.com/F5Networks/k8s-bigip-ctlr/v2/cmd/k8s-bigip-ctlr/main.go:1135.26,1137.4 1 0
github.com/F5Networks/k8s-bigip-ctlr/v2/cmd/k8s-bigip-ctlr/main.go:1138.3,1146.17 3 0
github.com/F5Networks/k8s-bigip-ctlr/v2/cmd/k8s-bigip-ctlr/main.go:1146.17,1148.4 1 0
github.com/F5Networks/k8s-bigip-ctlr/v2/cmd/k8s-bigip-ctlr/main.go:1149.3,1150.23 2 0
github.com/F5Networks/k8s-bigip-ctlr/v2/cmd/k8s-bigip-ctlr/main.go:1150.23,1151.16 1 0
github.com/F5Networks/k8s-bigip-ctlr/v2/cmd/k8s-bigip-ctlr/main.go:1151.16,1154.19 3 0
github.com/F5Networks/k8s-bigip-ctlr/v2/cmd/k8s-bigip-ctlr/main.go:1154.19,1156.6 1 0
github.com/F5Networks/k8s-bigip-ctlr/v2/cmd/k8s-bigip-ctlr/main.go:1157.5,1158.19 2 0
github.com/F5Networks/k8s-bigip-ctlr/v2/cmd/k8s-bigip-ctlr/main.go:1158.19,1160.6 1 0
github.com/F5Networks/k8s-bigip-ctlr/v2/cmd/k8s-bigip-ctlr/main.go:1165.3,1168.50 2 0
github.com/F5Networks/k8s-bigip-ctlr/v2/cmd/k8s-bigip-ctlr/main.go:1169.8,1172.3 2 0
github.com/F5Networks/k8s-bigip-ctlr/v2/cmd/k8s-bigip-ctlr/main.go:1174.2,1174.58 1 0
github.com/F5Networks/k8s-bigip-ctlr/v2/cmd/k8s-bigip-ctlr/main.go:1174.58,1177.3 2 0
github.com/F5Networks/k8s-bigip-ctlr/v2/cmd/k8s-bigip-ctlr/main.go:1179.2,1179.26 1 0
github.com/F5Networks/k8s-bigip-ctlr/v2/cmd/k8s-bigip-ctlr/main.go:1179.26,1181.3 1 0
github.com/F5Networks/k8s-bigip-ctlr/v2/cmd/k8s-bigip-ctlr/main.go:1183.2,1188.44 4 0
github.com/F5Networks/k8s-bigip-ctlr/v2/cmd/k8s-bigip-ctlr/main.go:1188.44,1191.17 3 0
github.com/F5Networks/k8s-bigip-ctlr/v2/cmd/k8s-bigip-ctlr/main.go:1191.17,1193.4 1 0
github.com/F5Networks/k8s-bigip-ctlr/v2/cmd/k8s-bigip-ctlr/main.go:1194.3,1194.38 1 0
github.com/F5Networks/k8s-bigip-ctlr/v2/cmd/k8s-bigip-ctlr/main.go:1197.2,1203.16 5 0
github.com/F5Networks/k8s-bigip-ctlr/v2/cmd/k8s-bigip-ctlr/main.go:1203.16,1206.3 2 0
github.com/F5Networks/k8s-bigip-ctlr/v2/cmd/k8s-bigip-ctlr/main.go:1208.2,1208.68 1 0
github.com/F5Networks/k8s-bigip-ctlr/v2/cmd/k8s-bigip-ctlr/main.go:1208.68,1211.3 2 0
github.com/F5Networks/k8s-bigip-ctlr/v2/cmd/k8s-bigip-ctlr/main.go:1212.2,1214.48 2 0
github.com/F5Networks/k8s-bigip-ctlr/v2/cmd/k8s-bigip-ctlr/main.go:1214.48,1216.3 1 0
github.com/F5Networks/k8s-bigip-ctlr/v2/cmd/k8s-bigip-ctlr/main.go:1217.2,1217.53 1 0
github.com/F5Networks/k8s-bigip-ctlr/v2/cmd/k8s-bigip-ctlr/main.go:1217.53,1220.3 2 0
github.com/F5Networks/k8s-bigip-ctlr/v2/cmd/k8s-bigip-ctlr/main.go:1221.2,1229.12 6 0
github.com/F5Networks/k8s-bigip-ctlr/v2/cmd/k8s-bigip-ctlr/main.go:1229.12,1231.3 1 0
github.com/F5Networks/k8s-bigip-ctlr/v2/cmd/k8s-bigip-ctlr/main.go:1233.2,1242.13 8 0
github.com/F5Networks/k8s-bigip-ctlr/v2/cmd/k8s-bigip-ctlr/main.go:1245.38,1246.25 1 1
github.com/F5Networks/k8s-bigip-ctlr/v2/cmd/k8s-bigip-ctlr/main.go:1246.25,1249.17 3 1
github.com/F5Networks/k8s-bigip-ctlr/v2/cmd/k8s-bigip-ctlr/main.go:1249.17,1252.4 2 0
github.com/F5Networks/k8s-bigip-ctlr/v2/cmd/k8s-bigip-ctlr/main.go:1254.2,1254.21 1 1
github.com/F5Networks/k8s-bigip-ctlr/v2/cmd/k8s-bigip-ctlr/main.go:1257.46,1266.2 1 1
github.com/F5Networks/k8s-bigip-ctlr/v2/cmd/k8s-bigip-ctlr/main.go:1268.46,1301.2 1 1
github.com/F5Networks/k8s-bigip-ctlr/v2/cmd/k8s-bigip-ctlr/main.go:1303.47,1305.15 2 1
github.com/F5Networks/k8s-bigip-ctlr/v2/cmd/k8s-bigip-ctlr/main.go:1306.25,1307.26 1 1
github.com/F5Networks/k8s-bigip-ctlr/v2/cmd/k8s-bigip-ctlr/main.go:1308.26,1309.27 1 1
github.com/F5Networks/k8s-bigip-ctlr/v2/cmd/k8s-bigip-ctlr/main.go:1311.2,1311.15 1 1
github.com/F5Networks/k8s-bigip-ctlr/v2/cmd/k8s-bigip-ctlr/main.go:1314.33,1342.2 1 1
github.com/F5Networks/k8s-bigip-ctlr/v2/cmd/k8s-bigip-ctlr/main.go:1344.35,1355.2 1 1
github.com/F5Networks/k8s-bigip-ctlr/v2/cmd/k8s-bigip-ctlr/main.go:1357.44,1360.16 3 0
github.com/F5Networks/k8s-bigip-ctlr/v2/cmd/k8s-bigip-ctlr/main.go:1360.16,1362.3 1 0
github.com/F5Networks/k8s-bigip-ctlr/v2/cmd/k8s-bigip-ctlr/main.go:1362.8,1364.3 1 0
github.com/F5Networks/k8s-bigip-ctlr/v2/cmd/k8s-bigip-ctlr/main.go:1365.2,1365.16 1 0
github.com/F5Networks/k8s-bigip-ctlr/v2/cmd/k8s-bigip-ctlr/main.go:1365.16,1368.3 2 0
github.com/F5Networks/k8s-bigip-ctlr/v2/cmd/k8s-bigip-ctlr/main.go:1371.2,1371.20 1 0
github.com/F5Networks/k8s-bigip-ctlr/v2/cmd/k8s-bigip-ctlr/main.go:1375.36,1377.36 2 1
github.com/F5Networks/k8s-bigip-ctlr/v2/cmd/k8s-bigip-ctlr/main.go:1377.36,1380.3 2 1
github.com/F5Networks/k8s-bigip-ctlr/v2/cmd/k8s-bigip-ctlr/main.go:1382.2,1383.16 2 1
github.com/F5Networks/k8s-bigip-ctlr/v2/cmd/k8s-bigip-ctlr/main.go:1383.16,1387.3 2 0
github.com/F5Networks/k8s-bigip-ctlr/v2/cmd/k8s-bigip-ctlr/main.go:1389.2,1391.28 2 1
github.com/F5Networks/k8s-bigip-ctlr/v2/cmd/k8s-bigip-ctlr/main.go:1391.28,1393.3 1 1
github.com/F5Networks/k8s-bigip-ctlr/v2/cmd/k8s-bigip-ctlr/main.go:1394.2,1394.14 1 1
github.com/F5Networks/k8s-bigip-ctlr/v2/cmd/k8s-bigip-ctlr/main.go:1397.99,1399.16 2 1
github.com/F5Networks/k8s-bigip-ctlr/v2/cmd/k8s-bigip-ctlr/main.go:1399.16,1401.3 1 1
github.com/F5Networks/k8s-bigip-ctlr/v2/cmd/k8s-bigip-ctlr/main.go:1402.2,1402.20 1 1
github.com/F5Networks/k8s-bigip-ctlr/v2/cmd/k8s-bigip-ctlr/main.go:1405.78,1406.16 1 1
github.com/F5Networks/k8s-bigip-ctlr/v2/cmd/k8s-bigip-ctlr/main.go:1407.25,1408.55 1 1
github.com/F5Networks/k8s-bigip-ctlr/v2/cmd/k8s-bigip-ctlr/main.go:1408.55,1409.44 1 0
github.com/F5Networks/k8s-bigip-ctlr/v2/cmd/k8s-bigip-ctlr/main.go:1409.44,1410.18 1 0
github.com/F5Networks/k8s-bigip-ctlr/v2/cmd/k8s-bigip-ctlr/main.go:1410.18,1412.6 1 0
github.com/F5Networks/k8s-bigip-ctlr/v2/cmd/k8s-bigip-ctlr/main.go:1413.5,1414.20 2 0
github.com/F5Networks/k8s-bigip-ctlr/v2/cmd/k8s-bigip-ctlr/main.go:1414.20,1415.33 1 0
github.com/F5Networks/k8s-bigip-ctlr/v2/cmd/k8s-bigip-ctlr/main.go:1415.33,1417.7 1 0
github.com/F5Networks/k8s-bigip-ctlr/v2/cmd/k8s-bigip-ctlr/main.go:1418.6,1418.18 1 0
github.com/F5Networks/k8s-bigip-ctlr/v2/cmd/k8s-bigip-ctlr/main.go:1420.5,1420.16 1 0
github.com/F5Networks/k8s-bigip-ctlr/v2/cmd/k8s-bigip-ctlr/main.go:1422.4,1422.65 1 0
github.com/F5Networks/k8s-bigip-ctlr/v2/cmd/k8s-bigip-ctlr/main.go:1422.65,1424.5 1 0
github.com/F5Networks/k8s-bigip-ctlr/v2/cmd/k8s-bigip-ctlr/main.go:1424.10,1424.56 1 0
github.com/F5Networks/k8s-bigip-ctlr/v2/cmd/k8s-bigip-ctlr/main.go:1424.56,1426.5 1 0
github.com/F5Networks/k8s-bigip-ctlr/v2/cmd/k8s-bigip-ctlr/main.go:1427.4,1427.16 1 0
github.com/F5Networks/k8s-bigip-ctlr/v2/cmd/k8s-bigip-ctlr/main.go:1430.26,1431.55 1 1
github.com/F5Networks/k8s-bigip-ctlr/v2/cmd/k8s-bigip-ctlr/main.go:1431.55,1432.29 1 0
github.com/F5Networks/k8s-bigip-ctlr/v2/cmd/k8s-bigip-ctlr/main.go:1432.29,1434.5 1 0
github.com/F5Networks/k8s-bigip-ctlr/v2/cmd/k8s-bigip-ctlr/main.go:1435.4,1435.15 1 0
github.com/F5Networks/k8s-bigip-ctlr/v2/cmd/k8s-bigip-ctlr/main.go:1438.2,1438.12 1 0
github.com/F5Networks/k8s-bigip-ctlr/v2/cmd/k8s-bigip-ctlr/main.go:1442.32,1448.93 5 0
github.com/F5Networks/k8s-bigip-ctlr/v2/cmd/k8s-bigip-ctlr/main.go:1448.93,1449.60 1 0
github.com/F5Networks/k8s-bigip-ctlr/v2/cmd/k8s-bigip-ctlr/main.go:1449.60,1451.4 1 0
github.com/F5Networks/k8s-bigip-ctlr/v2/cmd/k8s-bigip-ctlr/main.go:1452.8,1452.100 1 0
github.com/F5Networks/k8s-bigip-ctlr/v2/cmd/k8s-bigip-ctlr/main.go:1452.100,1455.52 2 0
github.com/F5Networks/k8s-bigip-ctlr/v2/cmd/k8s-bigip-ctlr/main.go:1455.52,1456.36 1 0
github.com/F5Networks/k8s-bigip-ctlr/v2/cmd/k8s-bigip-ctlr/main.go:1456.36,1458.5 1 0
github.com/F5Networks/k8s-bigip-ctlr/v2/cmd/k8s-bigip-ctlr/main.go:1459.4,1459.53 1 0
github.com/F5Networks/k8s-bigip-ctlr/v2/cmd/k8s-bigip-ctlr/main.go:1461.8,1461.92 1 0
github.com/F5Networks/k8s-bigip-ctlr/v2/cmd/k8s-bigip-ctlr/main.go:1461.92,1463.59 1 0
github.com/F5Networks/k8s-bigip-ctlr/v2/cmd/k8s-bigip-ctlr/main.go:1463.59,1465.4 1 0
github.com/F5Networks/k8s-bigip-ctlr/v2/cmd/k8s-bigip-ctlr/main.go:1467.2,1468.40 2 0
github.com/F5Networks/k8s-bigip-ctlr/v2/cmd/k8s-bigip-ctlr/main.go:1471.45,1473.54 2 1
github.com/F5Networks/k8s-bigip-ctlr/v2/cmd/k8s-bigip-ctlr/main.go:1473.54,1475.3 1 1
github.com/F5Networks/k8s-bigip-ctlr/v2/cmd/k8s-bigip-ctlr/main.go:1475.8,1476.41 1 1
github.com/F5Networks/k8s-bigip-ctlr/v2/cmd/k8s-bigip-ctlr/main.go:1476.41,1478.4 1 0
github.com/F5Networks/k8s-bigip-ctlr/v2/cmd/k8s-bigip-ctlr/main.go:1478.9,1478.37 1 1
github.com/F5Networks/k8s-bigip-ctlr/v2/cmd/k8s-bigip-ctlr/main.go:1478.37,1479.29 1 0
github.com/F5Networks/k8s-bigip-ctlr/v2/cmd/k8s-bigip-ctlr/main.go:1480.22,1481.23 1 0
github.com/F5Networks/k8s-bigip-ctlr/v2/cmd/k8s-bigip-ctlr/main.go:1482.12,1483.32 1 0
github.com/F5Networks/k8s-bigip-ctlr/v2/cmd/k8s-bigip-ctlr/main.go:1485.9,1485.40 1 1
github.com/F5Networks/k8s-bigip-ctlr/v2/cmd/k8s-bigip-ctlr/main.go:1485.40,1487.18 2 1
github.com/F5Networks/k8s-bigip-ctlr/v2/cmd/k8s-bigip-ctlr/main.go:1487.18,1490.5 2 0
github.com/F5Networks/k8s-bigip-ctlr/v2/cmd/k8s-bigip-ctlr/main.go:1491.4,1491.51 1 1
github.com/F5Networks/k8s-bigip-ctlr/v2/cmd/k8s-bigip-ctlr/main.go:1492.9,1492.40 1 1
github.com/F5Networks/k8s-bigip-ctlr/v2/cmd/k8s-bigip-ctlr/main.go:1492.40,1494.4 1 0
github.com/F5Networks/k8s-bigip-ctlr/v2/cmd/k8s-bigip-ctlr/main.go:1494.9,1494.35 1 1
github.com/F5Networks/k8s-bigip-ctlr/v2/cmd/k8s-bigip-ctlr/main.go:1494.35,1496.4 1 1
github.com/F5Networks/k8s-bigip-ctlr/v2/cmd/k8s-bigip-ctlr/main.go:1496.9,1496.32 1 0
github.com/F5Networks/k8s-bigip-ctlr/v2/cmd/k8s-bigip-ctlr/main.go:1496.32,1498.4 1 0
github.com/F5Networks/k8s-bigip-ctlr/v2/cmd/k8s-bigip-ctlr/main.go:1498.9,1500.4 1 0
github.com/F5Networks/k8s-bigip-ctlr/v2/cmd/k8s-bigip-ctlr/main.go:1502.3,1502.41 1 1
github.com/F5Networks/k8s-bigip-ctlr/v2/cmd/k8s-bigip-ctlr/main.go:1502.41,1504.4 1 0
github.com/F5Networks/k8s-bigip-ctlr/v2/cmd/k8s-bigip-ctlr/main.go:1506.2,1506.16 1 1
github.com/F5Networks/k8s-bigip-ctlr/v2/cmd/k8s-bigip-ctlr/main.go:1509.80,1511.16 2 1
github.com/F5Networks/k8s-bigip-ctlr/v2/cmd/k8s-bigip-ctlr/main.go:1511.16,1513.3 1 1
github.com/F5Networks/k8s-bigip-ctlr/v2/cmd/k8s-bigip-ctlr/main.go:1514.2,1514.29 1 1
github.com/F5Networks/k8s-bigip-ctlr/v2/cmd/k8s-bigip-ctlr/main.go:1514.29,1516.78 1 0
github.com/F5Networks/k8s-bigip-ctlr/v2/cmd/k8s-bigip-ctlr/main.go:1516.78,1518.4 1 0
github.com/F5Networks/k8s-bigip-ctlr/v2/cmd/k8s-bigip-ctlr/main.go:1520.2,1520.23 1 1
github.com/F5Networks/k8s-bigip-ctlr/v2/cmd/k8s-bigip-ctlr/pythonDriver.go:36.9,37.25 1 1
github.com/F5Networks/k8s-bigip-ctlr/v2/cmd/k8s-bigip-ctlr/pythonDriver.go:37.25,39.3 1 1
github.com/F5Networks/k8s-bigip-ctlr/v2/cmd/k8s-bigip-ctlr/pythonDriver.go:41.2,42.49 2 1
github.com/F5Networks/k8s-bigip-ctlr/v2/cmd/k8s-bigip-ctlr/pythonDriver.go:42.49,44.17 2 1
github.com/F5Networks/k8s-bigip-ctlr/v2/cmd/k8s-bigip-ctlr/pythonDriver.go:44.17,46.4 1 1
github.com/F5Networks/k8s-bigip-ctlr/v2/cmd/k8s-bigip-ctlr/pythonDriver.go:47.3,47.10 1 1
github.com/F5Networks/k8s-bigip-ctlr/v2/cmd/k8s-bigip-ctlr/pythonDriver.go:48.17,48.17 0 1
github.com/F5Networks/k8s-bigip-ctlr/v2/cmd/k8s-bigip-ctlr/pythonDriver.go:49.21,51.27 1 1
github.com/F5Networks/k8s-bigip-ctlr/v2/cmd/k8s-bigip-ctlr/pythonDriver.go:52.46,53.68 1 1
github.com/F5Networks/k8s-bigip-ctlr/v2/cmd/k8s-bigip-ctlr/pythonDriver.go:57.2,57.12 1 1
github.com/F5Networks/k8s-bigip-ctlr/v2/cmd/k8s-bigip-ctlr/pythonDriver.go:63.13,66.37 2 1
github.com/F5Networks/k8s-bigip-ctlr/v2/cmd/k8s-bigip-ctlr/pythonDriver.go:66.37,71.3 2 1
github.com/F5Networks/k8s-bigip-ctlr/v2/cmd/k8s-bigip-ctlr/pythonDriver.go:71.8,78.3 3 1
github.com/F5Networks/k8s-bigip-ctlr/v2/cmd/k8s-bigip-ctlr/pythonDriver.go:80.2,80.12 1 1
github.com/F5Networks/k8s-bigip-ctlr/v2/cmd/k8s-bigip-ctlr/pythonDriver.go:83.52,88.12 3 1
github.com/F5Networks/k8s-bigip-ctlr/v2/cmd/k8s-bigip-ctlr/pythonDriver.go:88.12,90.7 2 1
github.com/F5Networks/k8s-bigip-ctlr/v2/cmd/k8s-bigip-ctlr/pythonDriver.go:90.7,93.23 3 1
github.com/F5Networks/k8s-bigip-ctlr/v2/cmd/k8s-bigip-ctlr/pythonDriver.go:93.23,94.51 1 1
github.com/F5Networks/k8s-bigip-ctlr/v2/cmd/k8s-bigip-ctlr/pythonDriver.go:94.51,96.6 1 0
github.com/F5Networks/k8s-bigip-ctlr/v2/cmd/k8s-bigip-ctlr/pythonDriver.go:96.11,96.60 1 1
github.com/F5Networks/k8s-bigip-ctlr/v2/cmd/k8s-bigip-ctlr/pythonDriver.go:96.60,98.6 1 0
github.com/F5Networks/k8s-bigip-ctlr/v2/cmd/k8s-bigip-ctlr/pythonDriver.go:98.11,98.58 1 1
github.com/F5Networks/k8s-bigip-ctlr/v2/cmd/k8s-bigip-ctlr/pythonDriver.go:98.58,100.6 1 0
github.com/F5Networks/k8s-bigip-ctlr/v2/cmd/k8s-bigip-ctlr/pythonDriver.go:100.11,100.61 1 1
github.com/F5Networks/k8s-bigip-ctlr/v2/cmd/k8s-bigip-ctlr/pythonDriver.go:100.61,102.6 1 0
github.com/F5Networks/k8s-bigip-ctlr/v2/cmd/k8s-bigip-ctlr/pythonDriver.go:102.11,104.6 1 1
github.com/F5Networks/k8s-bigip-ctlr/v2/cmd/k8s-bigip-ctlr/pythonDriver.go:106.4,106.41 1 1
github.com/F5Networks/k8s-bigip-ctlr/v2/cmd/k8s-bigip-ctlr/pythonDriver.go:106.41,109.5 2 0
github.com/F5Networks/k8s-bigip-ctlr/v2/cmd/k8s-bigip-ctlr/pythonDriver.go:109.10,110.29 1 1
github.com/F5Networks/k8s-bigip-ctlr/v2/cmd/k8s-bigip-ctlr/pythonDriver.go:110.29,112.6 1 0
github.com/F5Networks/k8s-bigip-ctlr/v2/cmd/k8s-bigip-ctlr/pythonDriver.go:113.5,113.10 1 1
github.com/F5Networks/k8s-bigip-ctlr/v2/cmd/k8s-bigip-ctlr/pythonDriver.go:118.2,119.16 2 1
github.com/F5Networks/k8s-bigip-ctlr/v2/cmd/k8s-bigip-ctlr/pythonDriver.go:119.16,121.3 1 0
github.com/F5Networks/k8s-bigip-ctlr/v2/cmd/k8s-bigip-ctlr/pythonDriver.go:122.2,128.48 5 1
github.com/F5Networks/k8s-bigip-ctlr/v2/cmd/k8s-bigip-ctlr/pythonDriver.go:128.48,130.28 2 0
github.com/F5Networks/k8s-bigip-ctlr/v2/cmd/k8s-bigip-ctlr/pythonDriver.go:130.28,133.4 1 0
github.com/F5Networks/k8s-bigip-ctlr/v2/cmd/k8s-bigip-ctlr/pythonDriver.go:133.9,135.4 1 0
github.com/F5Networks/k8s-bigip-ctlr/v2/cmd/k8s-bigip-ctlr/pythonDriver.go:136.8,136.23 1 1
github.com/F5Networks/k8s-bigip-ctlr/v2/cmd/k8s-bigip-ctlr/pythonDriver.go:136.23,138.3 1 0
github.com/F5Networks/k8s-bigip-ctlr/v2/cmd/k8s-bigip-ctlr/pythonDriver.go:138.8,141.3 2 1
github.com/F5Networks/k8s-bigip-ctlr/v2/cmd/k8s-bigip-ctlr/pythonDriver.go:150.23,154.16 3 1
github.com/F5Networks/k8s-bigip-ctlr/v2/cmd/k8s-bigip-ctlr/pythonDriver.go:154.16,156.3 1 0
github.com/F5Networks/k8s-bigip-ctlr/v2/cmd/k8s-bigip-ctlr/pythonDriver.go:158.2,159.63 2 1
github.com/F5Networks/k8s-bigip-ctlr/v2/cmd/k8s-bigip-ctlr/pythonDriver.go:159.63,162.3 2 1
github.com/F5Networks/k8s-bigip-ctlr/v2/cmd/k8s-bigip-ctlr/pythonDriver.go:162.8,164.3 1 0
github.com/F5Networks/k8s-bigip-ctlr/v2/cmd/k8s-bigip-ctlr/pythonDriver.go:165.2,171.22 3 1
github.com/F5Networks/k8s-bigip-ctlr/v2/pkg/agent/agent.go:45.63,46.19 1 1
github.com/F5Networks/k8s-bigip-ctlr/v2/pkg/agent/agent.go:47.16,48.28 1 0
github.com/F5Networks/k8s-bigip-ctlr/v2/pkg/agent/agent.go:49.17,50.29 1 1
github.com/F5Networks/k8s-bigip-ctlr/v2/pkg/agent/agent.go:56.10,57.47 1 0
github.com/F5Networks/k8s-bigip-ctlr/v2/pkg/agent/agentAS3.go:13.52,19.23 5 0
github.com/F5Networks/k8s-bigip-ctlr/v2/pkg/agent/agentAS3.go:19.23,21.3 1 0
github.com/F5Networks/k8s-bigip-ctlr/v2/pkg/agent/agentAS3.go:23.2,24.16 2 0
github.com/F5Networks/k8s-bigip-ctlr/v2/pkg/agent/agentAS3.go:24.16,26.3 1 0
github.com/F5Networks/k8s-bigip-ctlr/v2/pkg/agent/agentAS3.go:27.2,27.12 1 0
github.com/F5Networks/k8s-bigip-ctlr/v2/pkg/agent/agentAS3.go:30.45,32.16 2 1
github.com/F5Networks/k8s-bigip-ctlr/v2/pkg/agent/agentAS3.go:32.16,34.3 1 1
github.com/F5Networks/k8s-bigip-ctlr/v2/pkg/agent/agentAS3.go:35.2,35.12 1 1
github.com/F5Networks/k8s-bigip-ctlr/v2/pkg/agent/agentAS3.go:38.51,40.9 2 1
github.com/F5Networks/k8s-bigip-ctlr/v2/pkg/agent/agentAS3.go:41.28,41.28 0 1
github.com/F5Networks/k8s-bigip-ctlr/v2/pkg/agent/agentAS3.go:42.20,43.23 1 0
github.com/F5Networks/k8s-bigip-ctlr/v2/pkg/agent/agentAS3.go:45.2,45.12 1 1
github.com/F5Networks/k8s-bigip-ctlr/v2/pkg/agent/agentAS3.go:48.51,52.2 3 1
github.com/F5Networks/k8s-bigip-ctlr/v2/pkg/agent/agentAS3.go:54.36,58.2 3 1
github.com/F5Networks/k8s-bigip-ctlr/v2/pkg/agent/agentAS3.go:60.53,61.41 1 1
github.com/F5Networks/k8s-bigip-ctlr/v2/pkg/agent/agentAS3.go:61.41,63.3 1 1
github.com/F5Networks/k8s-bigip-ctlr/v2/pkg/agent/agentAS3.go:64.2,64.14 1 1
github.com/F5Networks/k8s-bigip-ctlr/v2/pkg/agent/agentCCCL.go:13.53,18.2 4 1
github.com/F5Networks/k8s-bigip-ctlr/v2/pkg/agent/agentCCCL.go:20.52,24.24 4 1
github.com/F5Networks/k8s-bigip-ctlr/v2/pkg/agent/agentCCCL.go:25.23,26.26 1 0
github.com/F5Networks/k8s-bigip-ctlr/v2/pkg/agent/agentCCCL.go:28.2,28.12 1 1
github.com/F5Networks/k8s-bigip-ctlr/v2/pkg/agent/agentCCCL.go:31.46,33.2 1 1
github.com/F5Networks/k8s-bigip-ctlr/v2/pkg/agent/agentCCCL.go:35.52,37.2 1 1
github.com/F5Networks/k8s-bigip-ctlr/v2/pkg/agent/agentCCCL.go:39.37,43.2 3 1
github.com/F5Networks/k8s-bigip-ctlr/v2/pkg/agent/agentCCCL.go:45.54,47.2 1 1
github.com/F5Networks/k8s-bigip-ctlr/v2/pkg/agent/as3/as3Common.go:32.65,34.37 2 1
github.com/F5Networks/k8s-bigip-ctlr/v2/pkg/agent/as3/as3Common.go:34.37,36.3 1 0
github.com/F5Networks/k8s-bigip-ctlr/v2/pkg/agent/as3/as3Common.go:38.2,39.15 2 1
github.com/F5Networks/k8s-bigip-ctlr/v2/pkg/agent/as3/as3Common.go:39.15,39.49 1 1
github.com/F5Networks/k8s-bigip-ctlr/v2/pkg/agent/as3/as3Common.go:42.2,46.16 4 1
github.com/F5Networks/k8s-bigip-ctlr/v2/pkg/agent/as3/as3Common.go:46.16,49.3 2 1
github.com/F5Networks/k8s-bigip-ctlr/v2/pkg/agent/as3/as3Common.go:49.8,49.28 1 0
github.com/F5Networks/k8s-bigip-ctlr/v2/pkg/agent/as3/as3Common.go:49.28,51.40 2 0
github.com/F5Networks/k8s-bigip-ctlr/v2/pkg/agent/as3/as3Common.go:51.40,53.4 1 0
github.com/F5Networks/k8s-bigip-ctlr/v2/pkg/agent/as3/as3Common.go:54.3,54.20 1 0
github.com/F5Networks/k8s-bigip-ctlr/v2/pkg/agent/as3/as3Common.go:55.8,57.3 1 0
github.com/F5Networks/k8s-bigip-ctlr/v2/pkg/agent/as3/as3Common.go:59.2,59.18 1 1
github.com/F5Networks/k8s-bigip-ctlr/v2/pkg/agent/as3/as3Common.go:62.90,63.47 1 1
github.com/F5Networks/k8s-bigip-ctlr/v2/pkg/agent/as3/as3Common.go:63.47,64.37 1 1
github.com/F5Networks/k8s-bigip-ctlr/v2/pkg/agent/as3/as3Common.go:64.37,76.4 4 1
github.com/F5Networks/k8s-bigip-ctlr/v2/pkg/agent/as3/as3Common.go:80.87,82.39 1 1
github.com/F5Networks/k8s-bigip-ctlr/v2/pkg/agent/as3/as3Common.go:82.39,83.37 1 1
github.com/F5Networks/k8s-bigip-ctlr/v2/pkg/agent/as3/as3Common.go:83.37,88.4 4 1
github.com/F5Networks/k8s-bigip-ctlr/v2/pkg/agent/as3/as3Common.go:92.90,93.36 1 1
github.com/F5Networks/k8s-bigip-ctlr/v2/pkg/agent/as3/as3Common.go:93.36,94.33 1 1
github.com/F5Networks/k8s-bigip-ctlr/v2/pkg/agent/as3/as3Common.go:94.33,95.27 1 1
github.com/F5Networks/k8s-bigip-ctlr/v2/pkg/agent/as3/as3Common.go:95.27,97.15 2 1
github.com/F5Networks/k8s-bigip-ctlr/v2/pkg/agent/as3/as3Common.go:97.15,101.40 4 1
github.com/F5Networks/k8s-bigip-ctlr/v2/pkg/agent/as3/as3Common.go:101.40,105.80 3 1
github.com/F5Networks/k8s-bigip-ctlr/v2/pkg/agent/as3/as3Common.go:105.80,107.8 1 1
github.com/F5Networks/k8s-bigip-ctlr/v2/pkg/agent/as3/as3Common.go:107.13,109.8 1 0
github.com/F5Networks/k8s-bigip-ctlr/v2/pkg/agent/as3/as3Common.go:110.7,110.49 1 1
github.com/F5Networks/k8s-bigip-ctlr/v2/pkg/agent/as3/as3Common.go:113.6,113.52 1 1
github.com/F5Networks/k8s-bigip-ctlr/v2/pkg/agent/as3/as3Common.go:113.52,113.108 1 0
github.com/F5Networks/k8s-bigip-ctlr/v2/pkg/agent/as3/as3Common.go:114.6,114.56 1 1
github.com/F5Networks/k8s-bigip-ctlr/v2/pkg/agent/as3/as3Common.go:115.11,116.40 1 0
github.com/F5Networks/k8s-bigip-ctlr/v2/pkg/agent/as3/as3Common.go:116.40,120.80 3 0
github.com/F5Networks/k8s-bigip-ctlr/v2/pkg/agent/as3/as3Common.go:120.80,122.8 1 0
github.com/F5Networks/k8s-bigip-ctlr/v2/pkg/agent/as3/as3Common.go:122.13,124.8 1 0
github.com/F5Networks/k8s-bigip-ctlr/v2/pkg/agent/as3/as3Common.go:125.7,125.128 1 0
github.com/F5Networks/k8s-bigip-ctlr/v2/pkg/agent/as3/as3Common.go:128.6,129.27 1 0
github.com/F5Networks/k8s-bigip-ctlr/v2/pkg/agent/as3/as3Common.go:129.27,132.8 1 0
github.com/F5Networks/k8s-bigip-ctlr/v2/pkg/agent/as3/as3Common.go:139.103,140.16 1 1
github.com/F5Networks/k8s-bigip-ctlr/v2/pkg/agent/as3/as3Common.go:141.32,142.31 1 1
github.com/F5Networks/k8s-bigip-ctlr/v2/pkg/agent/as3/as3Common.go:142.31,143.70 1 1
github.com/F5Networks/k8s-bigip-ctlr/v2/pkg/agent/as3/as3Common.go:143.70,144.59 1 1
github.com/F5Networks/k8s-bigip-ctlr/v2/pkg/agent/as3/as3Common.go:144.59,146.6 1 1
github.com/F5Networks/k8s-bigip-ctlr/v2/pkg/agent/as3/as3Common.go:147.5,147.46 1 0
github.com/F5Networks/k8s-bigip-ctlr/v2/pkg/agent/as3/as3Common.go:147.46,149.6 1 0
github.com/F5Networks/k8s-bigip-ctlr/v2/pkg/agent/as3/as3Common.go:150.5,150.72 1 0
github.com/F5Networks/k8s-bigip-ctlr/v2/pkg/agent/as3/as3Common.go:154.2,154.18 1 0
github.com/F5Networks/k8s-bigip-ctlr/v2/pkg/agent/as3/as3Common.go:157.95,162.34 4 1
github.com/F5Networks/k8s-bigip-ctlr/v2/pkg/agent/as3/as3Common.go:162.34,163.34 1 1
github.com/F5Networks/k8s-bigip-ctlr/v2/pkg/agent/as3/as3Common.go:163.34,166.21 2 1
github.com/F5Networks/k8s-bigip-ctlr/v2/pkg/agent/as3/as3Common.go:166.21,167.13 1 0
github.com/F5Networks/k8s-bigip-ctlr/v2/pkg/agent/as3/as3Common.go:169.4,169.68 1 1
github.com/F5Networks/k8s-bigip-ctlr/v2/pkg/agent/as3/as3Common.go:169.68,173.5 2 1
github.com/F5Networks/k8s-bigip-ctlr/v2/pkg/agent/as3/as3Common.go:173.10,175.25 2 1
github.com/F5Networks/k8s-bigip-ctlr/v2/pkg/agent/as3/as3Common.go:175.25,177.6 1 1
github.com/F5Networks/k8s-bigip-ctlr/v2/pkg/agent/as3/as3Common.go:178.5,181.56 2 1
github.com/F5Networks/k8s-bigip-ctlr/v2/pkg/agent/as3/as3Common.go:181.56,185.6 1 0
github.com/F5Networks/k8s-bigip-ctlr/v2/pkg/agent/as3/as3Common.go:191.2,191.31 1 1
github.com/F5Networks/k8s-bigip-ctlr/v2/pkg/agent/as3/as3Common.go:191.31,193.3 1 1
github.com/F5Networks/k8s-bigip-ctlr/v2/pkg/agent/as3/as3Common.go:194.2,194.37 1 1
github.com/F5Networks/k8s-bigip-ctlr/v2/pkg/agent/as3/as3Common.go:194.37,195.52 1 1
github.com/F5Networks/k8s-bigip-ctlr/v2/pkg/agent/as3/as3Common.go:195.52,198.11 3 1
github.com/F5Networks/k8s-bigip-ctlr/v2/pkg/agent/as3/as3Common.go:198.11,199.13 1 0
github.com/F5Networks/k8s-bigip-ctlr/v2/pkg/agent/as3/as3Common.go:201.4,201.39 1 1
github.com/F5Networks/k8s-bigip-ctlr/v2/pkg/agent/as3/as3Common.go:201.39,203.5 1 1
github.com/F5Networks/k8s-bigip-ctlr/v2/pkg/agent/as3/as3Common.go:210.78,222.32 4 1
github.com/F5Networks/k8s-bigip-ctlr/v2/pkg/agent/as3/as3Common.go:222.32,225.40 3 1
github.com/F5Networks/k8s-bigip-ctlr/v2/pkg/agent/as3/as3Common.go:225.40,226.23 1 1
github.com/F5Networks/k8s-bigip-ctlr/v2/pkg/agent/as3/as3Common.go:226.23,228.5 1 1
github.com/F5Networks/k8s-bigip-ctlr/v2/pkg/agent/as3/as3Common.go:229.4,229.31 1 1
github.com/F5Networks/k8s-bigip-ctlr/v2/pkg/agent/as3/as3Common.go:229.31,231.5 1 1
github.com/F5Networks/k8s-bigip-ctlr/v2/pkg/agent/as3/as3Common.go:234.3,234.67 1 1
github.com/F5Networks/k8s-bigip-ctlr/v2/pkg/agent/as3/as3Common.go:234.67,236.35 2 0
github.com/F5Networks/k8s-bigip-ctlr/v2/pkg/agent/as3/as3Common.go:236.35,237.31 1 0
github.com/F5Networks/k8s-bigip-ctlr/v2/pkg/agent/as3/as3Common.go:237.31,239.11 2 0
github.com/F5Networks/k8s-bigip-ctlr/v2/pkg/agent/as3/as3Common.go:242.4,242.17 1 0
github.com/F5Networks/k8s-bigip-ctlr/v2/pkg/agent/as3/as3Common.go:242.17,244.10 2 0
github.com/F5Networks/k8s-bigip-ctlr/v2/pkg/agent/as3/as3Common.go:250.72,252.34 2 1
github.com/F5Networks/k8s-bigip-ctlr/v2/pkg/agent/as3/as3Common.go:252.34,255.31 2 1
github.com/F5Networks/k8s-bigip-ctlr/v2/pkg/agent/as3/as3Common.go:255.31,271.4 7 1
github.com/F5Networks/k8s-bigip-ctlr/v2/pkg/agent/as3/as3Common.go:272.3,272.55 1 1
github.com/F5Networks/k8s-bigip-ctlr/v2/pkg/agent/as3/as3Common.go:272.55,274.4 1 1
github.com/F5Networks/k8s-bigip-ctlr/v2/pkg/agent/as3/as3Common.go:276.3,276.73 1 1
github.com/F5Networks/k8s-bigip-ctlr/v2/pkg/agent/as3/as3Common.go:281.103,282.30 1 1
github.com/F5Networks/k8s-bigip-ctlr/v2/pkg/agent/as3/as3Common.go:282.30,286.33 4 1
github.com/F5Networks/k8s-bigip-ctlr/v2/pkg/agent/as3/as3Common.go:286.33,291.18 5 1
github.com/F5Networks/k8s-bigip-ctlr/v2/pkg/agent/as3/as3Common.go:291.18,293.5 1 1
github.com/F5Networks/k8s-bigip-ctlr/v2/pkg/agent/as3/as3Common.go:294.4,294.47 1 1
github.com/F5Networks/k8s-bigip-ctlr/v2/pkg/agent/as3/as3Common.go:296.3,296.38 1 1
github.com/F5Networks/k8s-bigip-ctlr/v2/pkg/agent/as3/as3Common.go:296.38,305.4 4 1
github.com/F5Networks/k8s-bigip-ctlr/v2/pkg/agent/as3/as3Common.go:306.3,306.74 1 1
github.com/F5Networks/k8s-bigip-ctlr/v2/pkg/agent/as3/as3Common.go:310.42,314.2 3 1
github.com/F5Networks/k8s-bigip-ctlr/v2/pkg/agent/as3/as3Common.go:317.89,320.9 3 1
github.com/F5Networks/k8s-bigip-ctlr/v2/pkg/agent/as3/as3Common.go:321.24,323.55 2 1
github.com/F5Networks/k8s-bigip-ctlr/v2/pkg/agent/as3/as3Common.go:323.55,325.4 1 1
github.com/F5Networks/k8s-bigip-ctlr/v2/pkg/agent/as3/as3Common.go:326.3,329.62 1 1
github.com/F5Networks/k8s-bigip-ctlr/v2/pkg/agent/as3/as3Common.go:330.23,332.44 2 1
github.com/F5Networks/k8s-bigip-ctlr/v2/pkg/agent/as3/as3Common.go:332.44,333.56 1 1
github.com/F5Networks/k8s-bigip-ctlr/v2/pkg/agent/as3/as3Common.go:333.56,335.5 1 1
github.com/F5Networks/k8s-bigip-ctlr/v2/pkg/agent/as3/as3Common.go:336.4,345.5 1 1
github.com/F5Networks/k8s-bigip-ctlr/v2/pkg/agent/as3/as3Common.go:347.3,347.28 1 1
github.com/F5Networks/k8s-bigip-ctlr/v2/pkg/agent/as3/as3Common.go:350.2,350.32 1 1
github.com/F5Networks/k8s-bigip-ctlr/v2/pkg/agent/as3/as3Common.go:350.32,356.3 2 1
github.com/F5Networks/k8s-bigip-ctlr/v2/pkg/agent/as3/as3Common.go:358.2,361.54 4 1
github.com/F5Networks/k8s-bigip-ctlr/v2/pkg/agent/as3/as3Common.go:361.54,363.3 1 0
github.com/F5Networks/k8s-bigip-ctlr/v2/pkg/agent/as3/as3Common.go:364.2,370.39 5 1
github.com/F5Networks/k8s-bigip-ctlr/v2/pkg/agent/as3/as3Common.go:370.39,374.3 3 1
github.com/F5Networks/k8s-bigip-ctlr/v2/pkg/agent/as3/as3Common.go:376.2,377.39 2 1
github.com/F5Networks/k8s-bigip-ctlr/v2/pkg/agent/as3/as3Common.go:377.39,380.43 3 0
github.com/F5Networks/k8s-bigip-ctlr/v2/pkg/agent/as3/as3Common.go:380.43,385.4 2 0
github.com/F5Networks/k8s-bigip-ctlr/v2/pkg/agent/as3/as3Common.go:386.3,386.92 1 0
github.com/F5Networks/k8s-bigip-ctlr/v2/pkg/agent/as3/as3Common.go:389.2,389.82 1 1
github.com/F5Networks/k8s-bigip-ctlr/v2/pkg/agent/as3/as3Common.go:393.69,394.34 1 1
github.com/F5Networks/k8s-bigip-ctlr/v2/pkg/agent/as3/as3Common.go:394.34,396.13 2 1
github.com/F5Networks/k8s-bigip-ctlr/v2/pkg/agent/as3/as3Common.go:396.13,401.33 3 1
github.com/F5Networks/k8s-bigip-ctlr/v2/pkg/agent/as3/as3Common.go:401.33,402.29 1 0
github.com/F5Networks/k8s-bigip-ctlr/v2/pkg/agent/as3/as3Common.go:402.29,405.6 2 0
github.com/F5Networks/k8s-bigip-ctlr/v2/pkg/agent/as3/as3Common.go:406.10,409.29 1 1
github.com/F5Networks/k8s-bigip-ctlr/v2/pkg/agent/as3/as3Common.go:409.29,412.6 2 1
github.com/F5Networks/k8s-bigip-ctlr/v2/pkg/agent/as3/as3Common.go:414.4,417.18 2 1
github.com/F5Networks/k8s-bigip-ctlr/v2/pkg/agent/as3/as3Common.go:417.18,419.5 1 1
github.com/F5Networks/k8s-bigip-ctlr/v2/pkg/agent/as3/as3Common.go:420.4,420.16 1 1
github.com/F5Networks/k8s-bigip-ctlr/v2/pkg/agent/as3/as3Common.go:420.16,422.5 1 1
github.com/F5Networks/k8s-bigip-ctlr/v2/pkg/agent/as3/as3Common.go:423.9,423.27 1 1
github.com/F5Networks/k8s-bigip-ctlr/v2/pkg/agent/as3/as3Common.go:423.27,427.20 2 1
github.com/F5Networks/k8s-bigip-ctlr/v2/pkg/agent/as3/as3Common.go:427.20,429.5 1 1
github.com/F5Networks/k8s-bigip-ctlr/v2/pkg/agent/as3/as3Common.go:430.4,431.17 2 1
github.com/F5Networks/k8s-bigip-ctlr/v2/pkg/agent/as3/as3Common.go:431.17,433.5 1 0
github.com/F5Networks/k8s-bigip-ctlr/v2/pkg/agent/as3/as3Common.go:434.4,434.16 1 1
github.com/F5Networks/k8s-bigip-ctlr/v2/pkg/agent/as3/as3Common.go:434.16,436.5 1 1
github.com/F5Networks/k8s-bigip-ctlr/v2/pkg/agent/as3/as3Common.go:437.9,437.20 1 1
github.com/F5Networks/k8s-bigip-ctlr/v2/pkg/agent/as3/as3Common.go:437.20,441.20 2 1
github.com/F5Networks/k8s-bigip-ctlr/v2/pkg/agent/as3/as3Common.go:441.20,443.5 1 1
github.com/F5Networks/k8s-bigip-ctlr/v2/pkg/agent/as3/as3Common.go:444.4,445.17 2 1
github.com/F5Networks/k8s-bigip-ctlr/v2/pkg/agent/as3/as3Common.go:445.17,447.5 1 0
github.com/F5Networks/k8s-bigip-ctlr/v2/pkg/agent/as3/as3Common.go:448.4,448.16 1 1
github.com/F5Networks/k8s-bigip-ctlr/v2/pkg/agent/as3/as3Common.go:448.16,450.5 1 1
github.com/F5Networks/k8s-bigip-ctlr/v2/pkg/agent/as3/as3Common.go:451.9,451.19 1 1
github.com/F5Networks/k8s-bigip-ctlr/v2/pkg/agent/as3/as3Common.go:451.19,455.4 3 1
github.com/F5Networks/k8s-bigip-ctlr/v2/pkg/agent/as3/as3Common.go:456.3,456.16 1 1
github.com/F5Networks/k8s-bigip-ctlr/v2/pkg/agent/as3/as3Common.go:456.16,458.4 1 1
github.com/F5Networks/k8s-bigip-ctlr/v2/pkg/agent/as3/as3Common.go:460.3,460.65 1 1
github.com/F5Networks/k8s-bigip-ctlr/v2/pkg/agent/as3/as3Common.go:465.77,466.31 1 1
github.com/F5Networks/k8s-bigip-ctlr/v2/pkg/agent/as3/as3Common.go:466.31,468.16 2 1
github.com/F5Networks/k8s-bigip-ctlr/v2/pkg/agent/as3/as3Common.go:468.16,470.4 1 0
github.com/F5Networks/k8s-bigip-ctlr/v2/pkg/agent/as3/as3Common.go:471.3,471.14 1 1
github.com/F5Networks/k8s-bigip-ctlr/v2/pkg/agent/as3/as3Common.go:471.14,473.4 1 0
github.com/F5Networks/k8s-bigip-ctlr/v2/pkg/agent/as3/as3Common.go:474.3,474.16 1 1
github.com/F5Networks/k8s-bigip-ctlr/v2/pkg/agent/as3/as3Common.go:474.16,476.4 1 1
github.com/F5Networks/k8s-bigip-ctlr/v2/pkg/agent/as3/as3Common.go:477.3,477.17 1 1
github.com/F5Networks/k8s-bigip-ctlr/v2/pkg/agent/as3/as3Common.go:477.17,479.4 1 0
github.com/F5Networks/k8s-bigip-ctlr/v2/pkg/agent/as3/as3Common.go:480.3,480.17 1 1
github.com/F5Networks/k8s-bigip-ctlr/v2/pkg/agent/as3/as3Common.go:480.17,482.4 1 1
github.com/F5Networks/k8s-bigip-ctlr/v2/pkg/agent/as3/as3Common.go:483.3,483.16 1 1
github.com/F5Networks/k8s-bigip-ctlr/v2/pkg/agent/as3/as3Common.go:483.16,485.4 1 0
github.com/F5Networks/k8s-bigip-ctlr/v2/pkg/agent/as3/as3Common.go:486.3,486.23 1 1
github.com/F5Networks/k8s-bigip-ctlr/v2/pkg/agent/as3/as3Common.go:486.23,488.4 1 0
github.com/F5Networks/k8s-bigip-ctlr/v2/pkg/agent/as3/as3Common.go:490.3,490.30 1 1
github.com/F5Networks/k8s-bigip-ctlr/v2/pkg/agent/as3/as3Common.go:490.30,495.4 1 1
github.com/F5Networks/k8s-bigip-ctlr/v2/pkg/agent/as3/as3Common.go:497.3,497.29 1 1
github.com/F5Networks/k8s-bigip-ctlr/v2/pkg/agent/as3/as3Common.go:497.29,501.4 1 0
github.com/F5Networks/k8s-bigip-ctlr/v2/pkg/agent/as3/as3Common.go:502.3,503.19 2 1
github.com/F5Networks/k8s-bigip-ctlr/v2/pkg/agent/as3/as3Common.go:503.19,509.4 1 0
github.com/F5Networks/k8s-bigip-ctlr/v2/pkg/agent/as3/as3Common.go:510.3,510.56 1 1
github.com/F5Networks/k8s-bigip-ctlr/v2/pkg/agent/as3/as3Common.go:515.71,517.33 1 1
github.com/F5Networks/k8s-bigip-ctlr/v2/pkg/agent/as3/as3Common.go:517.33,528.19 11 1
github.com/F5Networks/k8s-bigip-ctlr/v2/pkg/agent/as3/as3Common.go:528.19,530.4 1 1
github.com/F5Networks/k8s-bigip-ctlr/v2/pkg/agent/as3/as3Common.go:531.3,535.25 5 1
github.com/F5Networks/k8s-bigip-ctlr/v2/pkg/agent/as3/as3Common.go:535.25,539.4 1 1
github.com/F5Networks/k8s-bigip-ctlr/v2/pkg/agent/as3/as3Common.go:540.3,540.77 1 1
github.com/F5Networks/k8s-bigip-ctlr/v2/pkg/agent/as3/as3Common.go:545.94,547.39 1 1
github.com/F5Networks/k8s-bigip-ctlr/v2/pkg/agent/as3/as3Common.go:547.39,550.10 2 1
github.com/F5Networks/k8s-bigip-ctlr/v2/pkg/agent/as3/as3Common.go:550.10,556.4 2 1
github.com/F5Networks/k8s-bigip-ctlr/v2/pkg/agent/as3/as3Common.go:557.3,557.38 1 1
github.com/F5Networks/k8s-bigip-ctlr/v2/pkg/agent/as3/as3Common.go:561.74,562.39 1 1
github.com/F5Networks/k8s-bigip-ctlr/v2/pkg/agent/as3/as3Common.go:562.39,564.44 2 1
github.com/F5Networks/k8s-bigip-ctlr/v2/pkg/agent/as3/as3Common.go:564.44,571.4 1 1
github.com/F5Networks/k8s-bigip-ctlr/v2/pkg/agent/as3/as3Common.go:571.9,578.4 1 0
github.com/F5Networks/k8s-bigip-ctlr/v2/pkg/agent/as3/as3Common.go:580.3,580.93 1 1
github.com/F5Networks/k8s-bigip-ctlr/v2/pkg/agent/as3/as3Common.go:585.112,587.39 1 1
github.com/F5Networks/k8s-bigip-ctlr/v2/pkg/agent/as3/as3Common.go:587.39,588.54 1 1
github.com/F5Networks/k8s-bigip-ctlr/v2/pkg/agent/as3/as3Common.go:588.54,592.11 4 1
github.com/F5Networks/k8s-bigip-ctlr/v2/pkg/agent/as3/as3Common.go:592.11,604.5 6 1
github.com/F5Networks/k8s-bigip-ctlr/v2/pkg/agent/as3/as3Common.go:605.4,611.40 2 1
github.com/F5Networks/k8s-bigip-ctlr/v2/pkg/agent/as3/as3Common.go:611.40,613.26 1 1
github.com/F5Networks/k8s-bigip-ctlr/v2/pkg/agent/as3/as3Common.go:613.26,615.7 1 1
github.com/F5Networks/k8s-bigip-ctlr/v2/pkg/agent/as3/as3Common.go:617.4,617.29 1 1
github.com/F5Networks/k8s-bigip-ctlr/v2/pkg/agent/as3/as3Common.go:617.29,619.5 1 0
github.com/F5Networks/k8s-bigip-ctlr/v2/pkg/agent/as3/as3Common.go:619.10,619.36 1 1
github.com/F5Networks/k8s-bigip-ctlr/v2/pkg/agent/as3/as3Common.go:619.36,624.5 2 1
github.com/F5Networks/k8s-bigip-ctlr/v2/pkg/agent/as3/as3Common.go:626.4,626.15 1 1
github.com/F5Networks/k8s-bigip-ctlr/v2/pkg/agent/as3/as3Common.go:630.2,630.14 1 1
github.com/F5Networks/k8s-bigip-ctlr/v2/pkg/agent/as3/as3Common.go:637.17,639.39 1 1
github.com/F5Networks/k8s-bigip-ctlr/v2/pkg/agent/as3/as3Common.go:639.39,655.3 7 1
github.com/F5Networks/k8s-bigip-ctlr/v2/pkg/agent/as3/as3Common.go:656.2,656.12 1 0
github.com/F5Networks/k8s-bigip-ctlr/v2/pkg/agent/as3/as3Common.go:660.56,661.42 1 1
github.com/F5Networks/k8s-bigip-ctlr/v2/pkg/agent/as3/as3Common.go:661.42,663.3 1 0
github.com/F5Networks/k8s-bigip-ctlr/v2/pkg/agent/as3/as3Common.go:664.2,664.28 1 1
github.com/F5Networks/k8s-bigip-ctlr/v2/pkg/agent/as3/as3ConfigMap.go:25.3,33.60 5 1
github.com/F5Networks/k8s-bigip-ctlr/v2/pkg/agent/as3/as3ConfigMap.go:33.60,35.10 2 1
github.com/F5Networks/k8s-bigip-ctlr/v2/pkg/agent/as3/as3ConfigMap.go:35.10,36.12 1 0
github.com/F5Networks/k8s-bigip-ctlr/v2/pkg/agent/as3/as3ConfigMap.go:39.3,39.21 1 1
github.com/F5Networks/k8s-bigip-ctlr/v2/pkg/agent/as3/as3ConfigMap.go:40.17,44.44 1 1
github.com/F5Networks/k8s-bigip-ctlr/v2/pkg/agent/as3/as3ConfigMap.go:44.44,45.13 1 0
github.com/F5Networks/k8s-bigip-ctlr/v2/pkg/agent/as3/as3ConfigMap.go:47.4,53.24 2 1
github.com/F5Networks/k8s-bigip-ctlr/v2/pkg/agent/as3/as3ConfigMap.go:53.24,54.58 1 0
github.com/F5Networks/k8s-bigip-ctlr/v2/pkg/agent/as3/as3ConfigMap.go:54.58,59.26 3 0
github.com/F5Networks/k8s-bigip-ctlr/v2/pkg/agent/as3/as3ConfigMap.go:59.26,61.7 1 0
github.com/F5Networks/k8s-bigip-ctlr/v2/pkg/agent/as3/as3ConfigMap.go:61.12,62.15 1 0
github.com/F5Networks/k8s-bigip-ctlr/v2/pkg/agent/as3/as3ConfigMap.go:68.4,70.18 2 1
github.com/F5Networks/k8s-bigip-ctlr/v2/pkg/agent/as3/as3ConfigMap.go:70.18,72.5 1 0
github.com/F5Networks/k8s-bigip-ctlr/v2/pkg/agent/as3/as3ConfigMap.go:73.4,73.24 1 1
github.com/F5Networks/k8s-bigip-ctlr/v2/pkg/agent/as3/as3ConfigMap.go:73.24,74.13 1 0
github.com/F5Networks/k8s-bigip-ctlr/v2/pkg/agent/as3/as3ConfigMap.go:77.4,79.43 3 1
github.com/F5Networks/k8s-bigip-ctlr/v2/pkg/agent/as3/as3ConfigMap.go:81.25,82.44 1 1
github.com/F5Networks/k8s-bigip-ctlr/v2/pkg/agent/as3/as3ConfigMap.go:82.44,87.5 2 0
github.com/F5Networks/k8s-bigip-ctlr/v2/pkg/agent/as3/as3ConfigMap.go:87.10,89.5 1 1
github.com/F5Networks/k8s-bigip-ctlr/v2/pkg/agent/as3/as3ConfigMap.go:90.24,100.18 5 0
github.com/F5Networks/k8s-bigip-ctlr/v2/pkg/agent/as3/as3ConfigMap.go:100.18,102.5 1 0
github.com/F5Networks/k8s-bigip-ctlr/v2/pkg/agent/as3/as3ConfigMap.go:103.4,105.43 3 0
github.com/F5Networks/k8s-bigip-ctlr/v2/pkg/agent/as3/as3ConfigMap.go:108.2,108.48 1 1
github.com/F5Networks/k8s-bigip-ctlr/v2/pkg/agent/as3/as3ConfigMap.go:111.76,112.64 1 1
github.com/F5Networks/k8s-bigip-ctlr/v2/pkg/agent/as3/as3ConfigMap.go:112.64,113.73 1 1
github.com/F5Networks/k8s-bigip-ctlr/v2/pkg/agent/as3/as3ConfigMap.go:113.73,117.4 3 1
github.com/F5Networks/k8s-bigip-ctlr/v2/pkg/agent/as3/as3ConfigMap.go:118.3,118.72 1 1
github.com/F5Networks/k8s-bigip-ctlr/v2/pkg/agent/as3/as3ConfigMap.go:118.72,120.84 2 1
github.com/F5Networks/k8s-bigip-ctlr/v2/pkg/agent/as3/as3ConfigMap.go:120.84,123.5 2 1
github.com/F5Networks/k8s-bigip-ctlr/v2/pkg/agent/as3/as3ConfigMap.go:124.4,124.33 1 1
github.com/F5Networks/k8s-bigip-ctlr/v2/pkg/agent/as3/as3ConfigMap.go:125.9,125.71 1 1
github.com/F5Networks/k8s-bigip-ctlr/v2/pkg/agent/as3/as3ConfigMap.go:125.71,127.4 1 1
github.com/F5Networks/k8s-bigip-ctlr/v2/pkg/agent/as3/as3ConfigMap.go:127.9,127.72 1 1
github.com/F5Networks/k8s-bigip-ctlr/v2/pkg/agent/as3/as3ConfigMap.go:127.72,129.4 1 1
github.com/F5Networks/k8s-bigip-ctlr/v2/pkg/agent/as3/as3ConfigMap.go:131.2,131.18 1 1
github.com/F5Networks/k8s-bigip-ctlr/v2/pkg/agent/as3/as3ConfigMap.go:140.3,143.9 3 1
github.com/F5Networks/k8s-bigip-ctlr/v2/pkg/agent/as3/as3ConfigMap.go:143.9,148.3 3 0
github.com/F5Networks/k8s-bigip-ctlr/v2/pkg/agent/as3/as3ConfigMap.go:150.2,150.53 1 1
github.com/F5Networks/k8s-bigip-ctlr/v2/pkg/agent/as3/as3ConfigMap.go:150.53,156.3 3 0
github.com/F5Networks/k8s-bigip-ctlr/v2/pkg/agent/as3/as3ConfigMap.go:158.2,162.16 3 1
github.com/F5Networks/k8s-bigip-ctlr/v2/pkg/agent/as3/as3ConfigMap.go:162.16,164.3 1 0
github.com/F5Networks/k8s-bigip-ctlr/v2/pkg/agent/as3/as3ConfigMap.go:167.2,169.50 2 1
github.com/F5Networks/k8s-bigip-ctlr/v2/pkg/agent/as3/as3ConfigMap.go:169.50,170.39 1 1
github.com/F5Networks/k8s-bigip-ctlr/v2/pkg/agent/as3/as3ConfigMap.go:170.39,172.4 1 1
github.com/F5Networks/k8s-bigip-ctlr/v2/pkg/agent/as3/as3ConfigMap.go:172.9,174.4 1 0
github.com/F5Networks/k8s-bigip-ctlr/v2/pkg/agent/as3/as3ConfigMap.go:176.2,176.48 1 1
github.com/F5Networks/k8s-bigip-ctlr/v2/pkg/agent/as3/as3ConfigMap.go:176.48,177.36 1 1
github.com/F5Networks/k8s-bigip-ctlr/v2/pkg/agent/as3/as3ConfigMap.go:177.36,179.4 1 1
github.com/F5Networks/k8s-bigip-ctlr/v2/pkg/agent/as3/as3ConfigMap.go:179.9,181.4 1 0
github.com/F5Networks/k8s-bigip-ctlr/v2/pkg/agent/as3/as3ConfigMap.go:184.2,189.29 4 1
github.com/F5Networks/k8s-bigip-ctlr/v2/pkg/agent/as3/as3ConfigMap.go:189.29,192.32 3 1
github.com/F5Networks/k8s-bigip-ctlr/v2/pkg/agent/as3/as3ConfigMap.go:192.32,194.29 2 1
github.com/F5Networks/k8s-bigip-ctlr/v2/pkg/agent/as3/as3ConfigMap.go:194.29,197.89 3 1
github.com/F5Networks/k8s-bigip-ctlr/v2/pkg/agent/as3/as3ConfigMap.go:197.89,199.6 1 0
github.com/F5Networks/k8s-bigip-ctlr/v2/pkg/agent/as3/as3ConfigMap.go:199.11,201.6 1 1
github.com/F5Networks/k8s-bigip-ctlr/v2/pkg/agent/as3/as3ConfigMap.go:203.5,203.19 1 1
github.com/F5Networks/k8s-bigip-ctlr/v2/pkg/agent/as3/as3ConfigMap.go:203.19,205.6 1 0
github.com/F5Networks/k8s-bigip-ctlr/v2/pkg/agent/as3/as3ConfigMap.go:207.5,207.22 1 1
github.com/F5Networks/k8s-bigip-ctlr/v2/pkg/agent/as3/as3ConfigMap.go:207.22,208.14 1 0
github.com/F5Networks/k8s-bigip-ctlr/v2/pkg/agent/as3/as3ConfigMap.go:210.5,212.43 3 1
github.com/F5Networks/k8s-bigip-ctlr/v2/pkg/agent/as3/as3ConfigMap.go:212.43,213.28 1 1
github.com/F5Networks/k8s-bigip-ctlr/v2/pkg/agent/as3/as3ConfigMap.go:213.28,215.66 2 1
github.com/F5Networks/k8s-bigip-ctlr/v2/pkg/agent/as3/as3ConfigMap.go:215.66,220.40 4 1
github.com/F5Networks/k8s-bigip-ctlr/v2/pkg/agent/as3/as3ConfigMap.go:220.40,222.9 1 1
github.com/F5Networks/k8s-bigip-ctlr/v2/pkg/agent/as3/as3ConfigMap.go:223.8,226.53 4 1
github.com/F5Networks/k8s-bigip-ctlr/v2/pkg/agent/as3/as3ConfigMap.go:229.11,231.28 2 1
github.com/F5Networks/k8s-bigip-ctlr/v2/pkg/agent/as3/as3ConfigMap.go:231.28,233.66 2 1
github.com/F5Networks/k8s-bigip-ctlr/v2/pkg/agent/as3/as3ConfigMap.go:233.66,239.40 5 1
github.com/F5Networks/k8s-bigip-ctlr/v2/pkg/agent/as3/as3ConfigMap.go:239.40,241.9 1 1
github.com/F5Networks/k8s-bigip-ctlr/v2/pkg/agent/as3/as3ConfigMap.go:242.8,244.30 3 1
github.com/F5Networks/k8s-bigip-ctlr/v2/pkg/agent/as3/as3ConfigMap.go:244.30,246.9 1 0
github.com/F5Networks/k8s-bigip-ctlr/v2/pkg/agent/as3/as3ConfigMap.go:247.8,247.53 1 1
github.com/F5Networks/k8s-bigip-ctlr/v2/pkg/agent/as3/as3ConfigMap.go:251.6,251.19 1 1
github.com/F5Networks/k8s-bigip-ctlr/v2/pkg/agent/as3/as3ConfigMap.go:251.19,254.29 3 0
github.com/F5Networks/k8s-bigip-ctlr/v2/pkg/agent/as3/as3ConfigMap.go:254.29,256.42 2 0
github.com/F5Networks/k8s-bigip-ctlr/v2/pkg/agent/as3/as3ConfigMap.go:256.42,261.41 4 0
github.com/F5Networks/k8s-bigip-ctlr/v2/pkg/agent/as3/as3ConfigMap.go:261.41,263.10 1 0
github.com/F5Networks/k8s-bigip-ctlr/v2/pkg/agent/as3/as3ConfigMap.go:264.9,266.31 3 0
github.com/F5Networks/k8s-bigip-ctlr/v2/pkg/agent/as3/as3ConfigMap.go:266.31,268.10 1 0
github.com/F5Networks/k8s-bigip-ctlr/v2/pkg/agent/as3/as3ConfigMap.go:269.9,269.54 1 0
github.com/F5Networks/k8s-bigip-ctlr/v2/pkg/agent/as3/as3ConfigMap.go:275.5,275.37 1 1
github.com/F5Networks/k8s-bigip-ctlr/v2/pkg/agent/as3/as3ConfigMap.go:278.3,278.37 1 1
github.com/F5Networks/k8s-bigip-ctlr/v2/pkg/agent/as3/as3ConfigMap.go:280.2,280.32 1 1
github.com/F5Networks/k8s-bigip-ctlr/v2/pkg/agent/as3/as3ConfigMap.go:284.89,288.2 1 1
github.com/F5Networks/k8s-bigip-ctlr/v2/pkg/agent/as3/as3Manager.go:170.48,208.48 2 1
github.com/F5Networks/k8s-bigip-ctlr/v2/pkg/agent/as3/as3Manager.go:208.48,210.3 1 1
github.com/F5Networks/k8s-bigip-ctlr/v2/pkg/agent/as3/as3Manager.go:212.2,214.20 2 1
github.com/F5Networks/k8s-bigip-ctlr/v2/pkg/agent/as3/as3Manager.go:217.57,219.46 1 1
github.com/F5Networks/k8s-bigip-ctlr/v2/pkg/agent/as3/as3Manager.go:219.46,220.45 1 1
github.com/F5Networks/k8s-bigip-ctlr/v2/pkg/agent/as3/as3Manager.go:220.45,222.4 1 1
github.com/F5Networks/k8s-bigip-ctlr/v2/pkg/agent/as3/as3Manager.go:224.2,224.22 1 1
github.com/F5Networks/k8s-bigip-ctlr/v2/pkg/agent/as3/as3Manager.go:227.87,243.16 6 1
github.com/F5Networks/k8s-bigip-ctlr/v2/pkg/agent/as3/as3Manager.go:243.16,245.3 1 0
github.com/F5Networks/k8s-bigip-ctlr/v2/pkg/agent/as3/as3Manager.go:246.2,246.22 1 1
github.com/F5Networks/k8s-bigip-ctlr/v2/pkg/agent/as3/as3Manager.go:246.22,248.3 1 1
github.com/F5Networks/k8s-bigip-ctlr/v2/pkg/agent/as3/as3Manager.go:250.2,251.25 2 1
github.com/F5Networks/k8s-bigip-ctlr/v2/pkg/agent/as3/as3Manager.go:254.55,261.2 4 1
github.com/F5Networks/k8s-bigip-ctlr/v2/pkg/agent/as3/as3Manager.go:263.98,270.16 5 1
github.com/F5Networks/k8s-bigip-ctlr/v2/pkg/agent/as3/as3Manager.go:270.16,272.3 1 0
github.com/F5Networks/k8s-bigip-ctlr/v2/pkg/agent/as3/as3Manager.go:274.2,274.36 1 1
github.com/F5Networks/k8s-bigip-ctlr/v2/pkg/agent/as3/as3Manager.go:277.103,278.91 1 1
github.com/F5Networks/k8s-bigip-ctlr/v2/pkg/agent/as3/as3Manager.go:278.91,280.3 1 0
github.com/F5Networks/k8s-bigip-ctlr/v2/pkg/agent/as3/as3Manager.go:280.8,282.3 1 1
github.com/F5Networks/k8s-bigip-ctlr/v2/pkg/agent/as3/as3Manager.go:285.79,286.53 1 1
github.com/F5Networks/k8s-bigip-ctlr/v2/pkg/agent/as3/as3Manager.go:286.53,287.26 1 0
github.com/F5Networks/k8s-bigip-ctlr/v2/pkg/agent/as3/as3Manager.go:287.26,289.4 1 0
github.com/F5Networks/k8s-bigip-ctlr/v2/pkg/agent/as3/as3Manager.go:293.85,298.29 3 1
github.com/F5Networks/k8s-bigip-ctlr/v2/pkg/agent/as3/as3Manager.go:298.29,299.44 1 1
github.com/F5Networks/k8s-bigip-ctlr/v2/pkg/agent/as3/as3Manager.go:299.44,309.4 4 1
github.com/F5Networks/k8s-bigip-ctlr/v2/pkg/agent/as3/as3Manager.go:311.3,313.34 2 1
github.com/F5Networks/k8s-bigip-ctlr/v2/pkg/agent/as3/as3Manager.go:313.34,315.4 1 1
github.com/F5Networks/k8s-bigip-ctlr/v2/pkg/agent/as3/as3Manager.go:316.3,316.26 1 1
github.com/F5Networks/k8s-bigip-ctlr/v2/pkg/agent/as3/as3Manager.go:318.2,318.34 1 0
github.com/F5Networks/k8s-bigip-ctlr/v2/pkg/agent/as3/as3Manager.go:321.45,324.2 2 1
github.com/F5Networks/k8s-bigip-ctlr/v2/pkg/agent/as3/as3Manager.go:326.84,331.57 3 1
github.com/F5Networks/k8s-bigip-ctlr/v2/pkg/agent/as3/as3Manager.go:331.57,332.116 1 1
github.com/F5Networks/k8s-bigip-ctlr/v2/pkg/agent/as3/as3Manager.go:332.116,343.4 7 1
github.com/F5Networks/k8s-bigip-ctlr/v2/pkg/agent/as3/as3Manager.go:345.2,346.52 2 1
github.com/F5Networks/k8s-bigip-ctlr/v2/pkg/agent/as3/as3Manager.go:349.74,350.56 1 1
github.com/F5Networks/k8s-bigip-ctlr/v2/pkg/agent/as3/as3Manager.go:350.56,352.3 1 1
github.com/F5Networks/k8s-bigip-ctlr/v2/pkg/agent/as3/as3Manager.go:353.2,353.46 1 1
github.com/F5Networks/k8s-bigip-ctlr/v2/pkg/agent/as3/as3Manager.go:353.46,355.3 1 1
github.com/F5Networks/k8s-bigip-ctlr/v2/pkg/agent/as3/as3Manager.go:356.2,356.44 1 1
github.com/F5Networks/k8s-bigip-ctlr/v2/pkg/agent/as3/as3Manager.go:356.44,358.3 1 1
github.com/F5Networks/k8s-bigip-ctlr/v2/pkg/agent/as3/as3Manager.go:359.2,359.43 1 1
github.com/F5Networks/k8s-bigip-ctlr/v2/pkg/agent/as3/as3Manager.go:359.43,361.3 1 1
github.com/F5Networks/k8s-bigip-ctlr/v2/pkg/agent/as3/as3Manager.go:362.2,362.57 1 1
github.com/F5Networks/k8s-bigip-ctlr/v2/pkg/agent/as3/as3Manager.go:362.57,364.3 1 1
github.com/F5Networks/k8s-bigip-ctlr/v2/pkg/agent/as3/as3Manager.go:365.2,365.40 1 1
github.com/F5Networks/k8s-bigip-ctlr/v2/pkg/agent/as3/as3Manager.go:365.40,367.3 1 1
github.com/F5Networks/k8s-bigip-ctlr/v2/pkg/agent/as3/as3Manager.go:368.2,368.36 1 1
github.com/F5Networks/k8s-bigip-ctlr/v2/pkg/agent/as3/as3Manager.go:371.77,372.22 1 1
github.com/F5Networks/k8s-bigip-ctlr/v2/pkg/agent/as3/as3Manager.go:372.22,374.3 1 1
github.com/F5Networks/k8s-bigip-ctlr/v2/pkg/agent/as3/as3Manager.go:375.2,376.23 2 1
github.com/F5Networks/k8s-bigip-ctlr/v2/pkg/agent/as3/as3Manager.go:376.23,378.3 1 0
github.com/F5Networks/k8s-bigip-ctlr/v2/pkg/agent/as3/as3Manager.go:379.2,379.71 1 1
github.com/F5Networks/k8s-bigip-ctlr/v2/pkg/agent/as3/as3Manager.go:379.71,381.3 1 0
github.com/F5Networks/k8s-bigip-ctlr/v2/pkg/agent/as3/as3Manager.go:383.2,383.30 1 1
github.com/F5Networks/k8s-bigip-ctlr/v2/pkg/agent/as3/as3Manager.go:383.30,384.61 1 0
github.com/F5Networks/k8s-bigip-ctlr/v2/pkg/agent/as3/as3Manager.go:384.61,386.4 1 0
github.com/F5Networks/k8s-bigip-ctlr/v2/pkg/agent/as3/as3Manager.go:389.2,393.97 3 1
github.com/F5Networks/k8s-bigip-ctlr/v2/pkg/agent/as3/as3Manager.go:396.57,401.2 4 1
github.com/F5Networks/k8s-bigip-ctlr/v2/pkg/agent/as3/as3Manager.go:403.57,404.37 1 1
github.com/F5Networks/k8s-bigip-ctlr/v2/pkg/agent/as3/as3Manager.go:404.37,405.29 1 1
github.com/F5Networks/k8s-bigip-ctlr/v2/pkg/agent/as3/as3Manager.go:405.29,406.19 1 1
github.com/F5Networks/k8s-bigip-ctlr/v2/pkg/agent/as3/as3Manager.go:406.19,408.5 1 1
github.com/F5Networks/k8s-bigip-ctlr/v2/pkg/agent/as3/as3Manager.go:411.2,411.14 1 0
github.com/F5Networks/k8s-bigip-ctlr/v2/pkg/agent/as3/as3Manager.go:414.76,421.53 5 1
github.com/F5Networks/k8s-bigip-ctlr/v2/pkg/agent/as3/as3Manager.go:421.53,423.3 1 1
github.com/F5Networks/k8s-bigip-ctlr/v2/pkg/agent/as3/as3Manager.go:424.2,424.36 1 1
github.com/F5Networks/k8s-bigip-ctlr/v2/pkg/agent/as3/as3Manager.go:424.36,425.45 1 1
github.com/F5Networks/k8s-bigip-ctlr/v2/pkg/agent/as3/as3Manager.go:425.45,427.4 1 1
github.com/F5Networks/k8s-bigip-ctlr/v2/pkg/agent/as3/as3Manager.go:429.2,429.48 1 1
github.com/F5Networks/k8s-bigip-ctlr/v2/pkg/agent/as3/as3Manager.go:429.48,434.3 1 0
github.com/F5Networks/k8s-bigip-ctlr/v2/pkg/agent/as3/as3Manager.go:436.2,436.27 1 1
github.com/F5Networks/k8s-bigip-ctlr/v2/pkg/agent/as3/as3Manager.go:436.27,438.3 1 1
github.com/F5Networks/k8s-bigip-ctlr/v2/pkg/agent/as3/as3Manager.go:440.2,440.41 1 1
github.com/F5Networks/k8s-bigip-ctlr/v2/pkg/agent/as3/as3Manager.go:440.41,442.3 1 1
github.com/F5Networks/k8s-bigip-ctlr/v2/pkg/agent/as3/as3Manager.go:443.2,444.16 2 1
github.com/F5Networks/k8s-bigip-ctlr/v2/pkg/agent/as3/as3Manager.go:444.16,446.3 1 0
github.com/F5Networks/k8s-bigip-ctlr/v2/pkg/agent/as3/as3Manager.go:448.2,448.37 1 1
github.com/F5Networks/k8s-bigip-ctlr/v2/pkg/agent/as3/as3Manager.go:448.37,451.3 2 1
github.com/F5Networks/k8s-bigip-ctlr/v2/pkg/agent/as3/as3Manager.go:453.2,457.33 2 1
github.com/F5Networks/k8s-bigip-ctlr/v2/pkg/agent/as3/as3Manager.go:457.33,461.3 3 0
github.com/F5Networks/k8s-bigip-ctlr/v2/pkg/agent/as3/as3Manager.go:462.2,463.46 2 1
github.com/F5Networks/k8s-bigip-ctlr/v2/pkg/agent/as3/as3Manager.go:467.79,476.21 8 1
github.com/F5Networks/k8s-bigip-ctlr/v2/pkg/agent/as3/as3Manager.go:476.21,478.3 1 1
github.com/F5Networks/k8s-bigip-ctlr/v2/pkg/agent/as3/as3Manager.go:479.2,480.29 2 1
github.com/F5Networks/k8s-bigip-ctlr/v2/pkg/agent/as3/as3Manager.go:484.101,493.21 8 1
github.com/F5Networks/k8s-bigip-ctlr/v2/pkg/agent/as3/as3Manager.go:493.21,497.3 3 1
github.com/F5Networks/k8s-bigip-ctlr/v2/pkg/agent/as3/as3Manager.go:498.2,499.29 2 1
github.com/F5Networks/k8s-bigip-ctlr/v2/pkg/agent/as3/as3Manager.go:503.68,508.39 5 1
github.com/F5Networks/k8s-bigip-ctlr/v2/pkg/agent/as3/as3Manager.go:508.39,510.3 1 1
github.com/F5Networks/k8s-bigip-ctlr/v2/pkg/agent/as3/as3Manager.go:511.2,512.21 2 1
github.com/F5Networks/k8s-bigip-ctlr/v2/pkg/agent/as3/as3Manager.go:515.87,519.34 3 1
github.com/F5Networks/k8s-bigip-ctlr/v2/pkg/agent/as3/as3Manager.go:519.34,520.44 1 1
github.com/F5Networks/k8s-bigip-ctlr/v2/pkg/agent/as3/as3Manager.go:520.44,522.4 1 0
github.com/F5Networks/k8s-bigip-ctlr/v2/pkg/agent/as3/as3Manager.go:524.2,524.23 1 1
github.com/F5Networks/k8s-bigip-ctlr/v2/pkg/agent/as3/as3Manager.go:527.100,529.57 2 1
github.com/F5Networks/k8s-bigip-ctlr/v2/pkg/agent/as3/as3Manager.go:529.57,530.53 1 1
github.com/F5Networks/k8s-bigip-ctlr/v2/pkg/agent/as3/as3Manager.go:530.53,532.4 1 1
github.com/F5Networks/k8s-bigip-ctlr/v2/pkg/agent/as3/as3Manager.go:534.2,534.23 1 1
github.com/F5Networks/k8s-bigip-ctlr/v2/pkg/agent/as3/as3Manager.go:538.72,541.2 2 1
github.com/F5Networks/k8s-bigip-ctlr/v2/pkg/agent/as3/as3Manager.go:543.71,546.2 2 1
github.com/F5Networks/k8s-bigip-ctlr/v2/pkg/agent/as3/as3Manager.go:549.40,553.2 3 1
github.com/F5Networks/k8s-bigip-ctlr/v2/pkg/agent/as3/as3Manager.go:557.40,562.33 4 1
github.com/F5Networks/k8s-bigip-ctlr/v2/pkg/agent/as3/as3Manager.go:562.33,563.53 1 1
github.com/F5Networks/k8s-bigip-ctlr/v2/pkg/agent/as3/as3Manager.go:563.53,567.4 2 0
github.com/F5Networks/k8s-bigip-ctlr/v2/pkg/agent/as3/as3Manager.go:570.3,570.10 1 1
github.com/F5Networks/k8s-bigip-ctlr/v2/pkg/agent/as3/as3Manager.go:571.30,571.30 0 0
github.com/F5Networks/k8s-bigip-ctlr/v2/pkg/agent/as3/as3Manager.go:572.43,572.43 0 1
github.com/F5Networks/k8s-bigip-ctlr/v2/pkg/agent/as3/as3Manager.go:574.3,576.17 2 1
github.com/F5Networks/k8s-bigip-ctlr/v2/pkg/agent/as3/as3Manager.go:576.17,577.12 1 0
github.com/F5Networks/k8s-bigip-ctlr/v2/pkg/agent/as3/as3Manager.go:579.3,582.15 2 1
github.com/F5Networks/k8s-bigip-ctlr/v2/pkg/agent/as3/as3Manager.go:582.15,585.34 3 0
github.com/F5Networks/k8s-bigip-ctlr/v2/pkg/agent/as3/as3Manager.go:585.34,587.5 1 0
github.com/F5Networks/k8s-bigip-ctlr/v2/pkg/agent/as3/as3Manager.go:588.4,591.18 4 0
github.com/F5Networks/k8s-bigip-ctlr/v2/pkg/agent/as3/as3Manager.go:591.18,592.13 1 0
github.com/F5Networks/k8s-bigip-ctlr/v2/pkg/agent/as3/as3Manager.go:594.4,594.31 1 0
github.com/F5Networks/k8s-bigip-ctlr/v2/pkg/agent/as3/as3Manager.go:596.3,597.32 2 1
github.com/F5Networks/k8s-bigip-ctlr/v2/pkg/agent/as3/as3Manager.go:597.32,599.4 1 1
github.com/F5Networks/k8s-bigip-ctlr/v2/pkg/agent/as3/as3Manager.go:603.55,604.22 1 1
github.com/F5Networks/k8s-bigip-ctlr/v2/pkg/agent/as3/as3Manager.go:604.22,606.80 2 1
github.com/F5Networks/k8s-bigip-ctlr/v2/pkg/agent/as3/as3Manager.go:606.80,609.40 3 1
github.com/F5Networks/k8s-bigip-ctlr/v2/pkg/agent/as3/as3Manager.go:609.40,611.5 1 1
github.com/F5Networks/k8s-bigip-ctlr/v2/pkg/agent/as3/as3Manager.go:613.3,613.53 1 1
github.com/F5Networks/k8s-bigip-ctlr/v2/pkg/agent/as3/as3Manager.go:615.2,615.123 1 1
github.com/F5Networks/k8s-bigip-ctlr/v2/pkg/agent/as3/as3Manager.go:619.89,620.9 1 1
github.com/F5Networks/k8s-bigip-ctlr/v2/pkg/agent/as3/as3Manager.go:621.30,622.55 1 1
github.com/F5Networks/k8s-bigip-ctlr/v2/pkg/agent/as3/as3Manager.go:623.29,625.26 2 0
github.com/F5Networks/k8s-bigip-ctlr/v2/pkg/agent/as3/as3Manager.go:630.43,634.2 3 1
github.com/F5Networks/k8s-bigip-ctlr/v2/pkg/agent/as3/as3Manager.go:637.65,638.9 1 1
github.com/F5Networks/k8s-bigip-ctlr/v2/pkg/agent/as3/as3Manager.go:639.28,639.28 0 1
github.com/F5Networks/k8s-bigip-ctlr/v2/pkg/agent/as3/as3Manager.go:640.20,641.23 1 0
github.com/F5Networks/k8s-bigip-ctlr/v2/pkg/agent/as3/as3Manager.go:648.59,654.16 6 1
github.com/F5Networks/k8s-bigip-ctlr/v2/pkg/agent/as3/as3Manager.go:654.16,657.3 2 0
github.com/F5Networks/k8s-bigip-ctlr/v2/pkg/agent/as3/as3Manager.go:658.2,660.16 3 1
github.com/F5Networks/k8s-bigip-ctlr/v2/pkg/agent/as3/as3Manager.go:660.16,663.3 2 0
github.com/F5Networks/k8s-bigip-ctlr/v2/pkg/agent/as3/as3Manager.go:664.2,665.77 2 1
github.com/F5Networks/k8s-bigip-ctlr/v2/pkg/agent/as3/as3Manager.go:665.77,668.3 2 1
github.com/F5Networks/k8s-bigip-ctlr/v2/pkg/agent/as3/as3Manager.go:670.2,670.34 1 1
github.com/F5Networks/k8s-bigip-ctlr/v2/pkg/agent/as3/as3Manager.go:670.34,677.3 6 1
github.com/F5Networks/k8s-bigip-ctlr/v2/pkg/agent/as3/as3Manager.go:679.2,681.40 1 1
github.com/F5Networks/k8s-bigip-ctlr/v2/pkg/agent/as3/as3Manager.go:684.48,689.2 4 1
github.com/F5Networks/k8s-bigip-ctlr/v2/pkg/agent/as3/as3Resource.go:27.57,34.2 5 1
github.com/F5Networks/k8s-bigip-ctlr/v2/pkg/agent/as3/as3Resource.go:36.63,40.70 3 1
github.com/F5Networks/k8s-bigip-ctlr/v2/pkg/agent/as3/as3Resource.go:40.70,43.3 2 1
github.com/F5Networks/k8s-bigip-ctlr/v2/pkg/agent/as3/as3Resource.go:43.8,45.3 1 1
github.com/F5Networks/k8s-bigip-ctlr/v2/pkg/agent/as3/as3Resource.go:46.2,46.36 1 1
github.com/F5Networks/k8s-bigip-ctlr/v2/pkg/agent/as3/as3Resource.go:46.36,68.3 8 1
github.com/F5Networks/k8s-bigip-ctlr/v2/pkg/agent/as3/as3Resource.go:69.2,69.12 1 1
github.com/F5Networks/k8s-bigip-ctlr/v2/pkg/agent/as3/as3Resource.go:72.89,75.47 1 1
github.com/F5Networks/k8s-bigip-ctlr/v2/pkg/agent/as3/as3Resource.go:75.47,76.37 1 1
github.com/F5Networks/k8s-bigip-ctlr/v2/pkg/agent/as3/as3Resource.go:76.37,77.107 1 1
github.com/F5Networks/k8s-bigip-ctlr/v2/pkg/agent/as3/as3Resource.go:77.107,78.38 1 1
github.com/F5Networks/k8s-bigip-ctlr/v2/pkg/agent/as3/as3Resource.go:79.28,80.55 1 1
github.com/F5Networks/k8s-bigip-ctlr/v2/pkg/agent/as3/as3Resource.go:81.30,82.56 1 1
github.com/F5Networks/k8s-bigip-ctlr/v2/pkg/agent/as3/as3Resource.go:83.13,84.78 1 0
github.com/F5Networks/k8s-bigip-ctlr/v2/pkg/agent/as3/as3Resource.go:91.73,94.43 2 1
github.com/F5Networks/k8s-bigip-ctlr/v2/pkg/agent/as3/as3Resource.go:94.43,95.36 1 1
github.com/F5Networks/k8s-bigip-ctlr/v2/pkg/agent/as3/as3Resource.go:95.36,96.27 1 1
github.com/F5Networks/k8s-bigip-ctlr/v2/pkg/agent/as3/as3Resource.go:97.29,105.30 3 1
github.com/F5Networks/k8s-bigip-ctlr/v2/pkg/agent/as3/as3Resource.go:106.29,111.30 2 1
github.com/F5Networks/k8s-bigip-ctlr/v2/pkg/agent/as3/as3Resource.go:115.2,115.24 1 1
github.com/F5Networks/k8s-bigip-ctlr/v2/pkg/agent/as3/as3Resource.go:115.24,118.3 2 1
github.com/F5Networks/k8s-bigip-ctlr/v2/pkg/agent/as3/as3Resource.go:121.73,125.44 3 1
github.com/F5Networks/k8s-bigip-ctlr/v2/pkg/agent/as3/as3Resource.go:125.44,126.40 1 1
github.com/F5Networks/k8s-bigip-ctlr/v2/pkg/agent/as3/as3Resource.go:126.40,127.12 1 0
github.com/F5Networks/k8s-bigip-ctlr/v2/pkg/agent/as3/as3Resource.go:129.3,130.22 2 1
github.com/F5Networks/k8s-bigip-ctlr/v2/pkg/agent/as3/as3Resource.go:131.28,136.29 3 1
github.com/F5Networks/k8s-bigip-ctlr/v2/pkg/agent/as3/as3Resource.go:137.28,142.29 2 1
github.com/F5Networks/k8s-bigip-ctlr/v2/pkg/agent/as3/as3Resource.go:145.2,145.24 1 1
github.com/F5Networks/k8s-bigip-ctlr/v2/pkg/agent/as3/as3Resource.go:145.24,148.3 2 1
github.com/F5Networks/k8s-bigip-ctlr/v2/pkg/agent/as3/as3Resource.go:153.78,154.25 1 1
github.com/F5Networks/k8s-bigip-ctlr/v2/pkg/agent/as3/as3Resource.go:154.25,156.3 1 1
github.com/F5Networks/k8s-bigip-ctlr/v2/pkg/agent/as3/as3Resource.go:157.2,158.32 2 1
github.com/F5Networks/k8s-bigip-ctlr/v2/pkg/agent/as3/as3Resource.go:158.32,160.3 1 1
github.com/F5Networks/k8s-bigip-ctlr/v2/pkg/agent/as3/as3Resource.go:161.2,163.26 3 1
github.com/F5Networks/k8s-bigip-ctlr/v2/pkg/agent/as3/as3Resource.go:163.26,168.3 2 1
github.com/F5Networks/k8s-bigip-ctlr/v2/pkg/agent/as3/as3Resource.go:169.2,169.24 1 1
github.com/F5Networks/k8s-bigip-ctlr/v2/pkg/agent/as3/as3Resource.go:176.74,179.53 1 1
github.com/F5Networks/k8s-bigip-ctlr/v2/pkg/agent/as3/as3Resource.go:179.53,186.33 3 1
github.com/F5Networks/k8s-bigip-ctlr/v2/pkg/agent/as3/as3Resource.go:186.33,188.40 2 1
github.com/F5Networks/k8s-bigip-ctlr/v2/pkg/agent/as3/as3Resource.go:188.40,189.29 1 1
github.com/F5Networks/k8s-bigip-ctlr/v2/pkg/agent/as3/as3Resource.go:189.29,191.11 2 1
github.com/F5Networks/k8s-bigip-ctlr/v2/pkg/agent/as3/as3Resource.go:195.4,195.18 1 1
github.com/F5Networks/k8s-bigip-ctlr/v2/pkg/agent/as3/as3Resource.go:195.18,197.5 1 1
github.com/F5Networks/k8s-bigip-ctlr/v2/pkg/agent/as3/as3Resource.go:201.2,208.39 5 1
github.com/F5Networks/k8s-bigip-ctlr/v2/pkg/agent/as3/as3Resource.go:208.39,209.34 1 1
github.com/F5Networks/k8s-bigip-ctlr/v2/pkg/agent/as3/as3Resource.go:209.34,210.23 1 1
github.com/F5Networks/k8s-bigip-ctlr/v2/pkg/agent/as3/as3Resource.go:211.15,212.24 1 0
github.com/F5Networks/k8s-bigip-ctlr/v2/pkg/agent/as3/as3Resource.go:212.24,215.6 2 0
github.com/F5Networks/k8s-bigip-ctlr/v2/pkg/agent/as3/as3Resource.go:216.18,217.24 1 1
github.com/F5Networks/k8s-bigip-ctlr/v2/pkg/agent/as3/as3Resource.go:217.24,220.6 2 1
github.com/F5Networks/k8s-bigip-ctlr/v2/pkg/agent/as3/as3Resource.go:221.5,221.16 1 1
github.com/F5Networks/k8s-bigip-ctlr/v2/pkg/agent/as3/as3Resource.go:222.14,223.26 1 1
github.com/F5Networks/k8s-bigip-ctlr/v2/pkg/agent/as3/as3Resource.go:223.26,226.6 2 1
github.com/F5Networks/k8s-bigip-ctlr/v2/pkg/agent/as3/as3Resource.go:231.2,249.36 5 1
github.com/F5Networks/k8s-bigip-ctlr/v2/pkg/agent/as3/as3Resource.go:249.36,252.3 2 1
github.com/F5Networks/k8s-bigip-ctlr/v2/pkg/agent/as3/as3Resource.go:254.2,254.40 1 1
github.com/F5Networks/k8s-bigip-ctlr/v2/pkg/agent/as3/as3Resource.go:254.40,257.3 2 1
github.com/F5Networks/k8s-bigip-ctlr/v2/pkg/agent/as3/as3Utils.go:30.95,32.20 1 1
github.com/F5Networks/k8s-bigip-ctlr/v2/pkg/agent/as3/as3Utils.go:32.20,35.3 2 0
github.com/F5Networks/k8s-bigip-ctlr/v2/pkg/agent/as3/as3Utils.go:37.2,37.66 1 1
github.com/F5Networks/k8s-bigip-ctlr/v2/pkg/agent/as3/as3Utils.go:37.66,40.3 2 1
github.com/F5Networks/k8s-bigip-ctlr/v2/pkg/agent/as3/as3Utils.go:42.2,42.75 1 1
github.com/F5Networks/k8s-bigip-ctlr/v2/pkg/agent/as3/as3Utils.go:42.75,45.3 2 0
github.com/F5Networks/k8s-bigip-ctlr/v2/pkg/agent/as3/as3Utils.go:47.2,47.12 1 1
github.com/F5Networks/k8s-bigip-ctlr/v2/pkg/agent/as3/as3Utils.go:50.84,53.83 2 1
github.com/F5Networks/k8s-bigip-ctlr/v2/pkg/agent/as3/as3Utils.go:53.83,56.3 2 0
github.com/F5Networks/k8s-bigip-ctlr/v2/pkg/agent/as3/as3Utils.go:58.2,59.83 2 1
github.com/F5Networks/k8s-bigip-ctlr/v2/pkg/agent/as3/as3Utils.go:59.83,62.3 2 1
github.com/F5Networks/k8s-bigip-ctlr/v2/pkg/agent/as3/as3Utils.go:66.2,68.21 3 1
github.com/F5Networks/k8s-bigip-ctlr/v2/pkg/agent/as3/as3Utils.go:68.21,71.3 2 1
github.com/F5Networks/k8s-bigip-ctlr/v2/pkg/agent/as3/as3Utils.go:75.2,75.62 1 1
github.com/F5Networks/k8s-bigip-ctlr/v2/pkg/agent/as3/as3Utils.go:75.62,78.58 1 1
github.com/F5Networks/k8s-bigip-ctlr/v2/pkg/agent/as3/as3Utils.go:78.58,80.4 1 1
github.com/F5Networks/k8s-bigip-ctlr/v2/pkg/agent/as3/as3Utils.go:84.2,85.16 2 1
github.com/F5Networks/k8s-bigip-ctlr/v2/pkg/agent/as3/as3Utils.go:85.16,88.3 2 0
github.com/F5Networks/k8s-bigip-ctlr/v2/pkg/agent/as3/as3Utils.go:89.2,89.31 1 1
github.com/F5Networks/k8s-bigip-ctlr/v2/pkg/agent/as3/as3Utils.go:92.69,94.41 1 1
github.com/F5Networks/k8s-bigip-ctlr/v2/pkg/agent/as3/as3Utils.go:95.30,99.10 2 1
github.com/F5Networks/k8s-bigip-ctlr/v2/pkg/agent/as3/as3Utils.go:99.10,101.4 1 0
github.com/F5Networks/k8s-bigip-ctlr/v2/pkg/agent/as3/as3Utils.go:106.3,106.42 1 1
github.com/F5Networks/k8s-bigip-ctlr/v2/pkg/agent/as3/as3Utils.go:106.42,107.44 1 1
github.com/F5Networks/k8s-bigip-ctlr/v2/pkg/agent/as3/as3Utils.go:107.44,109.5 1 1
github.com/F5Networks/k8s-bigip-ctlr/v2/pkg/agent/as3/as3Utils.go:109.10,111.5 1 1
github.com/F5Networks/k8s-bigip-ctlr/v2/pkg/agent/as3/as3Utils.go:113.11,119.9 2 0
github.com/F5Networks/k8s-bigip-ctlr/v2/pkg/agent/as3/as3Utils.go:119.9,121.4 1 0
github.com/F5Networks/k8s-bigip-ctlr/v2/pkg/agent/as3/as3Utils.go:123.2,123.19 1 1
github.com/F5Networks/k8s-bigip-ctlr/v2/pkg/agent/as3/as3Utils.go:126.54,127.32 1 1
[...]
github.com/F5Networks/k8s-bigip-ctlr/v2/pkg/resource/resourceConfig.go:2486.34,2488.3 1 1
github.com/F5Networks/k8s-bigip-ctlr/v2/pkg/resource/resourceConfig.go:2489.2,2490.58 2 1
github.com/F5Networks/k8s-bigip-ctlr/v2/pkg/resource/resourceConfig.go:2490.58,2491.34 1 1
github.com/F5Networks/k8s-bigip-ctlr/v2/pkg/resource/resourceConfig.go:2491.34,2495.4 2 1
github.com/F5Networks/k8s-bigip-ctlr/v2/pkg/resource/resourceConfig.go:2497.3,2497.15 1 1
github.com/F5Networks/k8s-bigip-ctlr/v2/pkg/resource/resourceConfig.go:2501.2,2505.13 4 1
github.com/F5Networks/k8s-bigip-ctlr/v2/pkg/resource/resourceConfig.go:2508.62,2510.34 1 1
github.com/F5Networks/k8s-bigip-ctlr/v2/pkg/resource/resourceConfig.go:2510.34,2512.3 1 1
github.com/F5Networks/k8s-bigip-ctlr/v2/pkg/resource/resourceConfig.go:2513.2,2515.48 3 1
github.com/F5Networks/k8s-bigip-ctlr/v2/pkg/resource/resourceConfig.go:2515.48,2522.3 5 1
github.com/F5Networks/k8s-bigip-ctlr/v2/pkg/resource/resourceConfig.go:2523.2,2523.14 1 1
github.com/F5Networks/k8s-bigip-ctlr/v2/pkg/resource/resourceConfig.go:2535.17,2547.38 2 1
github.com/F5Networks/k8s-bigip-ctlr/v2/pkg/resource/resourceConfig.go:2547.38,2549.3 1 0
github.com/F5Networks/k8s-bigip-ctlr/v2/pkg/resource/resourceConfig.go:2550.2,2550.11 1 1
github.com/F5Networks/k8s-bigip-ctlr/v2/pkg/resource/resourceConfig.go:2561.18,2565.16 3 1
github.com/F5Networks/k8s-bigip-ctlr/v2/pkg/resource/resourceConfig.go:2565.16,2567.3 1 0
github.com/F5Networks/k8s-bigip-ctlr/v2/pkg/resource/resourceConfig.go:2568.2,2568.11 1 1
github.com/F5Networks/k8s-bigip-ctlr/v2/pkg/resource/resourceConfig.go:2568.11,2570.21 2 1
github.com/F5Networks/k8s-bigip-ctlr/v2/pkg/resource/resourceConfig.go:2570.21,2571.40 1 1
github.com/F5Networks/k8s-bigip-ctlr/v2/pkg/resource/resourceConfig.go:2571.40,2572.30 1 1
github.com/F5Networks/k8s-bigip-ctlr/v2/pkg/resource/resourceConfig.go:2572.30,2574.6 1 1
github.com/F5Networks/k8s-bigip-ctlr/v2/pkg/resource/resourceConfig.go:2576.4,2577.82 1 1
github.com/F5Networks/k8s-bigip-ctlr/v2/pkg/resource/resourceConfig.go:2578.9,2578.42 1 1
github.com/F5Networks/k8s-bigip-ctlr/v2/pkg/resource/resourceConfig.go:2578.42,2580.4 1 1
github.com/F5Networks/k8s-bigip-ctlr/v2/pkg/resource/resourceConfig.go:2582.2,2582.76 1 1
github.com/F5Networks/k8s-bigip-ctlr/v2/pkg/resource/resourceConfig.go:2586.50,2587.26 1 1
github.com/F5Networks/k8s-bigip-ctlr/v2/pkg/resource/resourceConfig.go:2587.26,2589.3 1 1
github.com/F5Networks/k8s-bigip-ctlr/v2/pkg/resource/resourceConfig.go:2591.2,2591.47 1 1
github.com/F5Networks/k8s-bigip-ctlr/v2/pkg/resource/resourceConfig.go:2591.47,2593.3 1 1
github.com/F5Networks/k8s-bigip-ctlr/v2/pkg/resource/resourceConfig.go:2595.2,2595.51 1 1
github.com/F5Networks/k8s-bigip-ctlr/v2/pkg/resource/resourceConfig.go:2595.51,2597.3 1 1
github.com/F5Networks/k8s-bigip-ctlr/v2/pkg/resource/resourceConfig.go:2599.2,2600.31 2 1
github.com/F5Networks/k8s-bigip-ctlr/v2/pkg/resource/resourceConfig.go:2600.31,2601.51 1 1
github.com/F5Networks/k8s-bigip-ctlr/v2/pkg/resource/resourceConfig.go:2601.51,2603.4 1 1
github.com/F5Networks/k8s-bigip-ctlr/v2/pkg/resource/resourceConfig.go:2606.2,2606.14 1 1
github.com/F5Networks/k8s-bigip-ctlr/v2/pkg/resource/resourceConfig.go:2609.26,2609.43 1 1
github.com/F5Networks/k8s-bigip-ctlr/v2/pkg/resource/resourceConfig.go:2610.36,2619.43 7 1
github.com/F5Networks/k8s-bigip-ctlr/v2/pkg/resource/resourceConfig.go:2619.43,2621.3 1 1
github.com/F5Networks/k8s-bigip-ctlr/v2/pkg/resource/resourceConfig.go:2622.2,2622.43 1 1
github.com/F5Networks/k8s-bigip-ctlr/v2/pkg/resource/resourceConfig.go:2622.43,2624.3 1 1
github.com/F5Networks/k8s-bigip-ctlr/v2/pkg/resource/resourceConfig.go:2625.2,2625.41 1 1
github.com/F5Networks/k8s-bigip-ctlr/v2/pkg/resource/resourceConfig.go:2625.41,2627.3 1 1
github.com/F5Networks/k8s-bigip-ctlr/v2/pkg/resource/resourceConfig.go:2628.2,2628.41 1 1
github.com/F5Networks/k8s-bigip-ctlr/v2/pkg/resource/resourceConfig.go:2628.41,2630.3 1 1
github.com/F5Networks/k8s-bigip-ctlr/v2/pkg/resource/resourceConfig.go:2631.2,2631.33 1 1
github.com/F5Networks/k8s-bigip-ctlr/v2/pkg/resource/resourceConfig.go:2631.33,2633.3 1 0
github.com/F5Networks/k8s-bigip-ctlr/v2/pkg/resource/resourceConfig.go:2634.2,2634.33 1 1
github.com/F5Networks/k8s-bigip-ctlr/v2/pkg/resource/resourceConfig.go:2634.33,2636.3 1 1
github.com/F5Networks/k8s-bigip-ctlr/v2/pkg/resource/resourceConfig.go:2638.2,2638.34 1 1
github.com/F5Networks/k8s-bigip-ctlr/v2/pkg/resource/resourceConfig.go:2638.34,2639.53 1 0
github.com/F5Networks/k8s-bigip-ctlr/v2/pkg/resource/resourceConfig.go:2639.53,2641.4 1 0
github.com/F5Networks/k8s-bigip-ctlr/v2/pkg/resource/resourceConfig.go:2642.3,2642.14 1 0
github.com/F5Networks/k8s-bigip-ctlr/v2/pkg/resource/resourceConfig.go:2645.2,2645.36 1 1
github.com/F5Networks/k8s-bigip-ctlr/v2/pkg/resource/resourceConfig.go:2647.31,2651.2 3 1
github.com/F5Networks/k8s-bigip-ctlr/v2/pkg/resource/resourceConfig.go:2653.59,2657.29 4 1
github.com/F5Networks/k8s-bigip-ctlr/v2/pkg/resource/resourceConfig.go:2657.29,2667.3 1 1
github.com/F5Networks/k8s-bigip-ctlr/v2/pkg/resource/resourceConfig.go:2668.2,2668.10 1 1
github.com/F5Networks/k8s-bigip-ctlr/v2/pkg/resource/resourceConfig.go:2671.75,2675.16 4 1
github.com/F5Networks/k8s-bigip-ctlr/v2/pkg/resource/resourceConfig.go:2675.16,2677.3 1 0
github.com/F5Networks/k8s-bigip-ctlr/v2/pkg/resource/resourceConfig.go:2678.2,2692.42 8 1
github.com/F5Networks/k8s-bigip-ctlr/v2/pkg/resource/resourceConfig.go:2692.42,2702.3 1 1
github.com/F5Networks/k8s-bigip-ctlr/v2/pkg/resource/resourceConfig.go:2702.8,2702.25 1 1
github.com/F5Networks/k8s-bigip-ctlr/v2/pkg/resource/resourceConfig.go:2702.25,2712.3 1 1
github.com/F5Networks/k8s-bigip-ctlr/v2/pkg/resource/resourceConfig.go:2713.2,2713.31 1 1
github.com/F5Networks/k8s-bigip-ctlr/v2/pkg/resource/resourceConfig.go:2713.31,2715.3 1 1
github.com/F5Networks/k8s-bigip-ctlr/v2/pkg/resource/resourceConfig.go:2717.2,2725.17 3 1
github.com/F5Networks/k8s-bigip-ctlr/v2/pkg/resource/resourceConfig.go:2728.68,2745.24 4 1
github.com/F5Networks/k8s-bigip-ctlr/v2/pkg/resource/resourceConfig.go:2745.24,2746.34 1 1
github.com/F5Networks/k8s-bigip-ctlr/v2/pkg/resource/resourceConfig.go:2746.34,2747.21 1 1
github.com/F5Networks/k8s-bigip-ctlr/v2/pkg/resource/resourceConfig.go:2747.21,2749.5 1 0
github.com/F5Networks/k8s-bigip-ctlr/v2/pkg/resource/resourceConfig.go:2755.2,2755.17 1 1
github.com/F5Networks/k8s-bigip-ctlr/v2/pkg/resource/resourceConfig.go:2755.17,2757.3 1 0
github.com/F5Networks/k8s-bigip-ctlr/v2/pkg/resource/resourceConfig.go:2759.2,2760.14 2 1
github.com/F5Networks/k8s-bigip-ctlr/v2/pkg/resource/resourceConfig.go:2763.152,2770.2 6 1
github.com/F5Networks/k8s-bigip-ctlr/v2/pkg/resource/routeDomain.go:26.90,30.56 2 1
github.com/F5Networks/k8s-bigip-ctlr/v2/pkg/resource/routeDomain.go:30.56,33.3 1 1
github.com/F5Networks/k8s-bigip-ctlr/v2/pkg/resource/routeDomain.go:34.2,35.21 2 1
github.com/F5Networks/k8s-bigip-ctlr/v2/pkg/resource/routeDomain.go:35.21,38.17 2 1
github.com/F5Networks/k8s-bigip-ctlr/v2/pkg/resource/routeDomain.go:38.17,41.4 2 1
github.com/F5Networks/k8s-bigip-ctlr/v2/pkg/resource/routeDomain.go:41.9,43.4 1 1
github.com/F5Networks/k8s-bigip-ctlr/v2/pkg/resource/routeDomain.go:44.8,46.3 1 1
github.com/F5Networks/k8s-bigip-ctlr/v2/pkg/resource/routeDomain.go:47.2,47.22 1 1
github.com/F5Networks/k8s-bigip-ctlr/v2/pkg/resource/routeDomain.go:47.22,48.40 1 1
github.com/F5Networks/k8s-bigip-ctlr/v2/pkg/resource/routeDomain.go:48.40,50.4 1 1
github.com/F5Networks/k8s-bigip-ctlr/v2/pkg/resource/routeDomain.go:50.9,53.4 2 0
github.com/F5Networks/k8s-bigip-ctlr/v2/pkg/resource/routeDomain.go:54.3,54.62 1 1
github.com/F5Networks/k8s-bigip-ctlr/v2/pkg/resource/routeDomain.go:54.62,56.4 1 0
github.com/F5Networks/k8s-bigip-ctlr/v2/pkg/resource/routeDomain.go:58.2,58.8 1 1
github.com/F5Networks/k8s-bigip-ctlr/v2/pkg/teem/teem.go:52.43,53.23 1 1
github.com/F5Networks/k8s-bigip-ctlr/v2/pkg/teem/teem.go:53.23,55.3 1 1
github.com/F5Networks/k8s-bigip-ctlr/v2/pkg/teem/teem.go:56.2,58.18 3 1
github.com/F5Networks/k8s-bigip-ctlr/v2/pkg/teem/teem.go:58.18,59.24 1 1
github.com/F5Networks/k8s-bigip-ctlr/v2/pkg/teem/teem.go:59.24,61.24 2 1
github.com/F5Networks/k8s-bigip-ctlr/v2/pkg/teem/teem.go:61.24,64.5 2 1
github.com/F5Networks/k8s-bigip-ctlr/v2/pkg/teem/teem.go:65.9,65.34 1 1
github.com/F5Networks/k8s-bigip-ctlr/v2/pkg/teem/teem.go:65.34,68.4 2 1
github.com/F5Networks/k8s-bigip-ctlr/v2/pkg/teem/teem.go:70.2,81.32 5 1
github.com/F5Networks/k8s-bigip-ctlr/v2/pkg/teem/teem.go:81.32,84.33 3 1
github.com/F5Networks/k8s-bigip-ctlr/v2/pkg/teem/teem.go:84.33,86.4 1 1
github.com/F5Networks/k8s-bigip-ctlr/v2/pkg/teem/teem.go:87.3,87.23 1 1
github.com/F5Networks/k8s-bigip-ctlr/v2/pkg/teem/teem.go:89.2,112.67 4 1
github.com/F5Networks/k8s-bigip-ctlr/v2/pkg/teem/teem.go:112.67,118.3 2 1
github.com/F5Networks/k8s-bigip-ctlr/v2/pkg/teem/teem.go:119.2,119.25 1 1
github.com/F5Networks/k8s-bigip-ctlr/v2/pkg/vxlan/vxlanMgr.go:73.22,74.20 1 1
github.com/F5Networks/k8s-bigip-ctlr/v2/pkg/vxlan/vxlanMgr.go:74.20,76.3 1 1
github.com/F5Networks/k8s-bigip-ctlr/v2/pkg/vxlan/vxlanMgr.go:76.8,76.28 1 1
github.com/F5Networks/k8s-bigip-ctlr/v2/pkg/vxlan/vxlanMgr.go:76.28,78.3 1 1
github.com/F5Networks/k8s-bigip-ctlr/v2/pkg/vxlan/vxlanMgr.go:78.8,78.26 1 1
github.com/F5Networks/k8s-bigip-ctlr/v2/pkg/vxlan/vxlanMgr.go:78.26,80.3 1 1
github.com/F5Networks/k8s-bigip-ctlr/v2/pkg/vxlan/vxlanMgr.go:82.2,82.24 1 1
github.com/F5Networks/k8s-bigip-ctlr/v2/pkg/vxlan/vxlanMgr.go:82.24,84.3 1 1
github.com/F5Networks/k8s-bigip-ctlr/v2/pkg/vxlan/vxlanMgr.go:86.2,95.19 2 1
github.com/F5Networks/k8s-bigip-ctlr/v2/pkg/vxlan/vxlanMgr.go:98.57,100.17 2 1
github.com/F5Networks/k8s-bigip-ctlr/v2/pkg/vxlan/vxlanMgr.go:100.17,104.3 2 1
github.com/F5Networks/k8s-bigip-ctlr/v2/pkg/vxlan/vxlanMgr.go:105.2,108.20 4 1
github.com/F5Networks/k8s-bigip-ctlr/v2/pkg/vxlan/vxlanMgr.go:108.20,110.3 1 1
github.com/F5Networks/k8s-bigip-ctlr/v2/pkg/vxlan/vxlanMgr.go:110.8,112.3 1 1
github.com/F5Networks/k8s-bigip-ctlr/v2/pkg/vxlan/vxlanMgr.go:114.2,114.29 1 1
github.com/F5Networks/k8s-bigip-ctlr/v2/pkg/vxlan/vxlanMgr.go:114.29,117.56 2 1
github.com/F5Networks/k8s-bigip-ctlr/v2/pkg/vxlan/vxlanMgr.go:117.56,118.86 1 0
github.com/F5Networks/k8s-bigip-ctlr/v2/pkg/vxlan/vxlanMgr.go:118.86,120.10 2 0
github.com/F5Networks/k8s-bigip-ctlr/v2/pkg/vxlan/vxlanMgr.go:123.3,123.28 1 1
github.com/F5Networks/k8s-bigip-ctlr/v2/pkg/vxlan/vxlanMgr.go:123.28,124.12 1 0
github.com/F5Networks/k8s-bigip-ctlr/v2/pkg/vxlan/vxlanMgr.go:126.3,128.34 3 1
github.com/F5Networks/k8s-bigip-ctlr/v2/pkg/vxlan/vxlanMgr.go:128.34,129.29 1 1
github.com/F5Networks/k8s-bigip-ctlr/v2/pkg/vxlan/vxlanMgr.go:129.29,134.5 2 1
github.com/F5Networks/k8s-bigip-ctlr/v2/pkg/vxlan/vxlanMgr.go:137.3,137.87 1 1
github.com/F5Networks/k8s-bigip-ctlr/v2/pkg/vxlan/vxlanMgr.go:137.87,138.27 1 0
github.com/F5Networks/k8s-bigip-ctlr/v2/pkg/vxlan/vxlanMgr.go:138.27,140.5 1 0
github.com/F5Networks/k8s-bigip-ctlr/v2/pkg/vxlan/vxlanMgr.go:142.3,142.90 1 1
github.com/F5Networks/k8s-bigip-ctlr/v2/pkg/vxlan/vxlanMgr.go:142.90,144.18 2 1
github.com/F5Networks/k8s-bigip-ctlr/v2/pkg/vxlan/vxlanMgr.go:144.18,146.5 1 0
github.com/F5Networks/k8s-bigip-ctlr/v2/pkg/vxlan/vxlanMgr.go:146.10,146.33 1 1
github.com/F5Networks/k8s-bigip-ctlr/v2/pkg/vxlan/vxlanMgr.go:146.33,148.5 1 1
github.com/F5Networks/k8s-bigip-ctlr/v2/pkg/vxlan/vxlanMgr.go:150.3,150.27 1 1
github.com/F5Networks/k8s-bigip-ctlr/v2/pkg/vxlan/vxlanMgr.go:150.27,152.4 1 1
github.com/F5Networks/k8s-bigip-ctlr/v2/pkg/vxlan/vxlanMgr.go:155.2,163.16 2 1
github.com/F5Networks/k8s-bigip-ctlr/v2/pkg/vxlan/vxlanMgr.go:163.16,166.3 1 1
github.com/F5Networks/k8s-bigip-ctlr/v2/pkg/vxlan/vxlanMgr.go:166.8,167.10 1 1
github.com/F5Networks/k8s-bigip-ctlr/v2/pkg/vxlan/vxlanMgr.go:168.17,170.24 1 1
github.com/F5Networks/k8s-bigip-ctlr/v2/pkg/vxlan/vxlanMgr.go:171.21,173.18 1 1
github.com/F5Networks/k8s-bigip-ctlr/v2/pkg/vxlan/vxlanMgr.go:174.34,176.15 1 1
github.com/F5Networks/k8s-bigip-ctlr/v2/pkg/vxlan/vxlanMgr.go:182.36,184.18 2 1
github.com/F5Networks/k8s-bigip-ctlr/v2/pkg/vxlan/vxlanMgr.go:184.18,187.3 2 0
github.com/F5Networks/k8s-bigip-ctlr/v2/pkg/vxlan/vxlanMgr.go:188.2,189.25 2 1
github.com/F5Networks/k8s-bigip-ctlr/v2/pkg/vxlan/vxlanMgr.go:189.25,191.3 1 1
github.com/F5Networks/k8s-bigip-ctlr/v2/pkg/vxlan/vxlanMgr.go:192.2,192.89 1 1
github.com/F5Networks/k8s-bigip-ctlr/v2/pkg/vxlan/vxlanMgr.go:196.79,197.12 1 1
github.com/F5Networks/k8s-bigip-ctlr/v2/pkg/vxlan/vxlanMgr.go:197.12,199.7 2 1
github.com/F5Networks/k8s-bigip-ctlr/v2/pkg/vxlan/vxlanMgr.go:199.7,200.11 1 1
github.com/F5Networks/k8s-bigip-ctlr/v2/pkg/vxlan/vxlanMgr.go:201.31,202.49 1 1
github.com/F5Networks/k8s-bigip-ctlr/v2/pkg/vxlan/vxlanMgr.go:202.49,204.6 1 1
github.com/F5Networks/k8s-bigip-ctlr/v2/pkg/vxlan/vxlanMgr.go:204.11,206.6 1 0
github.com/F5Networks/k8s-bigip-ctlr/v2/pkg/vxlan/vxlanMgr.go:210.2,210.8 1 1
github.com/F5Networks/k8s-bigip-ctlr/v2/pkg/vxlan/vxlanMgr.go:213.43,220.2 2 1
github.com/F5Networks/k8s-bigip-ctlr/v2/pkg/vxlan/vxlanMgr.go:222.87,225.16 3 1
github.com/F5Networks/k8s-bigip-ctlr/v2/pkg/vxlan/vxlanMgr.go:225.16,228.3 2 0
github.com/F5Networks/k8s-bigip-ctlr/v2/pkg/vxlan/vxlanMgr.go:230.2,230.38 1 1
github.com/F5Networks/k8s-bigip-ctlr/v2/pkg/vxlan/vxlanMgr.go:230.38,231.36 1 1
github.com/F5Networks/k8s-bigip-ctlr/v2/pkg/vxlan/vxlanMgr.go:231.36,234.4 2 1
github.com/F5Networks/k8s-bigip-ctlr/v2/pkg/vxlan/vxlanMgr.go:234.9,234.85 1 1
github.com/F5Networks/k8s-bigip-ctlr/v2/pkg/vxlan/vxlanMgr.go:234.85,237.4 2 1
github.com/F5Networks/k8s-bigip-ctlr/v2/pkg/vxlan/vxlanMgr.go:239.2,240.16 2 1
github.com/F5Networks/k8s-bigip-ctlr/v2/pkg/vxlan/vxlanMgr.go:240.16,243.3 2 0
github.com/F5Networks/k8s-bigip-ctlr/v2/pkg/vxlan/vxlanMgr.go:244.2,244.47 1 1
github.com/F5Networks/k8s-bigip-ctlr/v2/pkg/vxlan/vxlanMgr.go:244.47,247.17 3 1
github.com/F5Networks/k8s-bigip-ctlr/v2/pkg/vxlan/vxlanMgr.go:247.17,250.4 2 0
github.com/F5Networks/k8s-bigip-ctlr/v2/pkg/vxlan/vxlanMgr.go:251.3,256.45 2 1
github.com/F5Networks/k8s-bigip-ctlr/v2/pkg/vxlan/vxlanMgr.go:258.2,262.53 2 1
github.com/F5Networks/k8s-bigip-ctlr/v2/pkg/vxlan/vxlanMgr.go:265.116,266.16 1 1
github.com/F5Networks/k8s-bigip-ctlr/v2/pkg/vxlan/vxlanMgr.go:266.16,269.3 1 0
github.com/F5Networks/k8s-bigip-ctlr/v2/pkg/vxlan/vxlanMgr.go:269.8,270.10 1 1
github.com/F5Networks/k8s-bigip-ctlr/v2/pkg/vxlan/vxlanMgr.go:271.17,273.21 1 1
github.com/F5Networks/k8s-bigip-ctlr/v2/pkg/vxlan/vxlanMgr.go:274.21,276.18 1 0
github.com/F5Networks/k8s-bigip-ctlr/v2/pkg/vxlan/vxlanMgr.go:277.34,279.15 1 0
github.com/F5Networks/k8s-bigip-ctlr/v2/pkg/vxlan/vxlanMgr.go:289.19,290.38 1 1
github.com/F5Networks/k8s-bigip-ctlr/v2/pkg/vxlan/vxlanMgr.go:290.38,292.39 1 1
github.com/F5Networks/k8s-bigip-ctlr/v2/pkg/vxlan/vxlanMgr.go:292.39,294.41 1 1
github.com/F5Networks/k8s-bigip-ctlr/v2/pkg/vxlan/vxlanMgr.go:294.41,296.49 1 1
github.com/F5Networks/k8s-bigip-ctlr/v2/pkg/vxlan/vxlanMgr.go:296.49,298.80 1 1
github.com/F5Networks/k8s-bigip-ctlr/v2/pkg/vxlan/vxlanMgr.go:298.80,300.7 1 1
github.com/F5Networks/k8s-bigip-ctlr/v2/pkg/vxlan/vxlanMgr.go:305.2,305.90 1 0
github.com/F5Networks/k8s-bigip-ctlr/v2/pkg/vxlan/vxlanMgr.go:308.57,311.43 3 1
github.com/F5Networks/k8s-bigip-ctlr/v2/pkg/vxlan/vxlanMgr.go:311.43,313.3 1 1
github.com/F5Networks/k8s-bigip-ctlr/v2/pkg/vxlan/vxlanMgr.go:314.2,317.16 2 0
github.com/F5Networks/k8s-bigip-ctlr/v2/pkg/writer/configWriter.go:64.40,66.16 2 1
github.com/F5Networks/k8s-bigip-ctlr/v2/pkg/writer/configWriter.go:66.16,68.3 1 0
github.com/F5Networks/k8s-bigip-ctlr/v2/pkg/writer/configWriter.go:70.2,82.16 5 1
github.com/F5Networks/k8s-bigip-ctlr/v2/pkg/writer/configWriter.go:85.52,87.2 1 1
github.com/F5Networks/k8s-bigip-ctlr/v2/pkg/writer/configWriter.go:89.32,90.15 1 1
github.com/F5Networks/k8s-bigip-ctlr/v2/pkg/writer/configWriter.go:90.15,91.31 1 1
github.com/F5Networks/k8s-bigip-ctlr/v2/pkg/writer/configWriter.go:91.31,93.4 1 1
github.com/F5Networks/k8s-bigip-ctlr/v2/pkg/writer/configWriter.go:96.2,101.50 5 1
github.com/F5Networks/k8s-bigip-ctlr/v2/pkg/writer/configWriter.go:107.42,108.20 1 1
github.com/F5Networks/k8s-bigip-ctlr/v2/pkg/writer/configWriter.go:108.20,110.3 1 1
github.com/F5Networks/k8s-bigip-ctlr/v2/pkg/writer/configWriter.go:111.2,111.15 1 1
github.com/F5Networks/k8s-bigip-ctlr/v2/pkg/writer/configWriter.go:111.15,112.31 1 1
github.com/F5Networks/k8s-bigip-ctlr/v2/pkg/writer/configWriter.go:112.31,114.4 1 1
github.com/F5Networks/k8s-bigip-ctlr/v2/pkg/writer/configWriter.go:117.2,128.23 5 1
github.com/F5Networks/k8s-bigip-ctlr/v2/pkg/writer/configWriter.go:134.17,145.16 5 1
github.com/F5Networks/k8s-bigip-ctlr/v2/pkg/writer/configWriter.go:145.16,147.3 1 1
github.com/F5Networks/k8s-bigip-ctlr/v2/pkg/writer/configWriter.go:149.2,150.16 2 1
github.com/F5Networks/k8s-bigip-ctlr/v2/pkg/writer/configWriter.go:150.16,152.3 1 1
github.com/F5Networks/k8s-bigip-ctlr/v2/pkg/writer/configWriter.go:153.2,154.16 2 1
github.com/F5Networks/k8s-bigip-ctlr/v2/pkg/writer/configWriter.go:154.16,156.3 1 1
github.com/F5Networks/k8s-bigip-ctlr/v2/pkg/writer/configWriter.go:156.8,157.13 1 1
github.com/F5Networks/k8s-bigip-ctlr/v2/pkg/writer/configWriter.go:157.13,159.4 1 1
github.com/F5Networks/k8s-bigip-ctlr/v2/pkg/writer/configWriter.go:159.9,162.4 2 1
github.com/F5Networks/k8s-bigip-ctlr/v2/pkg/writer/configWriter.go:165.2,172.16 3 1
github.com/F5Networks/k8s-bigip-ctlr/v2/pkg/writer/configWriter.go:172.16,174.3 1 0
github.com/F5Networks/k8s-bigip-ctlr/v2/pkg/writer/configWriter.go:176.2,176.23 1 1
github.com/F5Networks/k8s-bigip-ctlr/v2/pkg/writer/configWriter.go:179.81,181.16 2 1
github.com/F5Networks/k8s-bigip-ctlr/v2/pkg/writer/configWriter.go:181.16,183.3 1 1
github.com/F5Networks/k8s-bigip-ctlr/v2/pkg/writer/configWriter.go:185.2,185.15 1 1
github.com/F5Networks/k8s-bigip-ctlr/v2/pkg/writer/configWriter.go:185.15,186.17 1 1
github.com/F5Networks/k8s-bigip-ctlr/v2/pkg/writer/configWriter.go:186.17,188.4 1 0
github.com/F5Networks/k8s-bigip-ctlr/v2/pkg/writer/configWriter.go:188.9,190.4 1 1
github.com/F5Networks/k8s-bigip-ctlr/v2/pkg/writer/configWriter.go:193.2,195.23 2 1
github.com/F5Networks/k8s-bigip-ctlr/v2/pkg/writer/configWriter.go:198.36,199.41 1 1
github.com/F5Networks/k8s-bigip-ctlr/v2/pkg/writer/configWriter.go:199.41,200.10 1 1
github.com/F5Networks/k8s-bigip-ctlr/v2/pkg/writer/configWriter.go:201.24,201.24 0 1
github.com/F5Networks/k8s-bigip-ctlr/v2/pkg/writer/configWriter.go:202.34,202.34 0 0
github.com/F5Networks/k8s-bigip-ctlr/v2/pkg/writer/configWriter.go:205.2,205.48 1 1
github.com/F5Networks/k8s-bigip-ctlr/v2/pkg/writer/configWriter.go:205.48,206.10 1 1
github.com/F5Networks/k8s-bigip-ctlr/v2/pkg/writer/configWriter.go:207.17,207.17 0 1
github.com/F5Networks/k8s-bigip-ctlr/v2/pkg/writer/configWriter.go:208.34,208.34 0 0
github.com/F5Networks/k8s-bigip-ctlr/v2/pkg/writer/configWriter.go:211.2,211.6 1 1
github.com/F5Networks/k8s-bigip-ctlr/v2/pkg/writer/configWriter.go:211.6,212.10 1 1
github.com/F5Networks/k8s-bigip-ctlr/v2/pkg/writer/configWriter.go:213.20,215.10 2 1
github.com/F5Networks/k8s-bigip-ctlr/v2/pkg/writer/configWriter.go:216.26,219.18 2 1
github.com/F5Networks/k8s-bigip-ctlr/v2/pkg/writer/configWriter.go:219.18,223.5 2 1
github.com/F5Networks/k8s-bigip-ctlr/v2/pkg/writer/configWriter.go:223.10,227.19 3 1
github.com/F5Networks/k8s-bigip-ctlr/v2/pkg/writer/configWriter.go:227.19,231.6 2 0
github.com/F5Networks/k8s-bigip-ctlr/v2/pkg/writer/configWriter.go:233.5,234.19 2 1
github.com/F5Networks/k8s-bigip-ctlr/v2/pkg/writer/configWriter.go:234.19,235.15 1 0
github.com/F5Networks/k8s-bigip-ctlr/v2/pkg/writer/configWriter.go:235.15,238.7 1 0
github.com/F5Networks/k8s-bigip-ctlr/v2/pkg/writer/configWriter.go:238.12,241.7 1 0
github.com/F5Networks/k8s-bigip-ctlr/v2/pkg/writer/configWriter.go:242.6,242.36 1 0
github.com/F5Networks/k8s-bigip-ctlr/v2/pkg/writer/configWriter.go:243.11,247.6 2 1
