<?xml version="1.0" encoding="UTF-8"?>
  <testsuites tests="509" disabled="0" errors="0" failures="0" time="78.22377445699999">
      <testsuite name="CR Manager Suite" package="/Users/v.lohiya/go/src/github.com/F5Networks/k8s-bigip-ctlr/pkg/controller" tests="223" disabled="0" skipped="0" errors="0" failures="0" time="60.207972" timestamp="2024-08-09T11:09:31">
          <properties>
              <property name="SuiteSucceeded" value="true"></property>
              <property name="SuiteHasProgrammaticFocus" value="false"></property>
              <property name="SpecialSuiteFailureReason" value=""></property>
              <property name="SuiteLabels" value="[]"></property>
              <property name="RandomSeed" value="1723181937"></property>
              <property name="RandomizeAllSpecs" value="true"></property>
              <property name="LabelFilter" value=""></property>
              <property name="FocusStrings" value=""></property>
              <property name="SkipStrings" value=""></property>
              <property name="FocusFiles" value=""></property>
              <property name="SkipFiles" value=""></property>
              <property name="FailOnPending" value="true"></property>
              <property name="FailOnEmpty" value="false"></property>
              <property name="FailFast" value="false"></property>
              <property name="FlakeAttempts" value="3"></property>
              <property name="DryRun" value="false"></property>
              <property name="ParallelTotal" value="4"></property>
              <property name="OutputInterceptorMode" value=""></property>
          </properties>
          <testcase name="[It] Routes Extended Spec ConfigMap Extended Route Spec with Common partition in RouteGroups and defaultRouteGroup of baseRouteSpec" classname="CR Manager Suite" status="passed" time="0.001359083">
              <system-err>&gt; Enter [BeforeEach] Routes - /Users/v.lohiya/go/src/github.com/F5Networks/k8s-bigip-ctlr/pkg/controller/nativeResourceWorker_test.go:25 @ 08/09/24 11:09:31.221&#xA;&lt; Exit [BeforeEach] Routes - /Users/v.lohiya/go/src/github.com/F5Networks/k8s-bigip-ctlr/pkg/controller/nativeResourceWorker_test.go:25 @ 08/09/24 11:09:31.221 (0s)&#xA;&gt; Enter [BeforeEach] Extended Spec ConfigMap - /Users/v.lohiya/go/src/github.com/F5Networks/k8s-bigip-ctlr/pkg/controller/nativeResourceWorker_test.go:1366 @ 08/09/24 11:09:31.222&#xA;&lt; Exit [BeforeEach] Extended Spec ConfigMap - /Users/v.lohiya/go/src/github.com/F5Networks/k8s-bigip-ctlr/pkg/controller/nativeResourceWorker_test.go:1366 @ 08/09/24 11:09:31.222 (0s)&#xA;&gt; Enter [It] Extended Route Spec with Common partition in RouteGroups and defaultRouteGroup of baseRouteSpec - /Users/v.lohiya/go/src/github.com/F5Networks/k8s-bigip-ctlr/pkg/controller/nativeResourceWorker_test.go:1424 @ 08/09/24 11:09:31.222&#xA;&lt; Exit [It] Extended Route Spec with Common partition in RouteGroups and defaultRouteGroup of baseRouteSpec - /Users/v.lohiya/go/src/github.com/F5Networks/k8s-bigip-ctlr/pkg/controller/nativeResourceWorker_test.go:1424 @ 08/09/24 11:09:31.222 (0s)&#xA;</system-err>
          </testcase>
          <testcase name="[It] Resource Config Tests Prepare Resource Configs Prepare Resource Config from a TransportServer with HTTP Monitor" classname="CR Manager Suite" status="passed" time="0.000386458">
              <system-err>&gt; Enter [BeforeEach] Prepare Resource Configs - /Users/v.lohiya/go/src/github.com/F5Networks/k8s-bigip-ctlr/pkg/controller/resourceConfig_test.go:255 @ 08/09/24 11:09:31.222&#xA;&lt; Exit [BeforeEach] Prepare Resource Configs - /Users/v.lohiya/go/src/github.com/F5Networks/k8s-bigip-ctlr/pkg/controller/resourceConfig_test.go:255 @ 08/09/24 11:09:31.222 (0s)&#xA;&gt; Enter [It] Prepare Resource Config from a TransportServer with HTTP Monitor - /Users/v.lohiya/go/src/github.com/F5Networks/k8s-bigip-ctlr/pkg/controller/resourceConfig_test.go:627 @ 08/09/24 11:09:31.222&#xA;&lt; Exit [It] Prepare Resource Config from a TransportServer with HTTP Monitor - /Users/v.lohiya/go/src/github.com/F5Networks/k8s-bigip-ctlr/pkg/controller/resourceConfig_test.go:627 @ 08/09/24 11:09:31.223 (0s)&#xA;</system-err>
          </testcase>
          <testcase name="[It] Worker Tests Processing Native Resources Process ConfigMap Process Global ConfigMap" classname="CR Manager Suite" status="passed" time="0.001093167">
              <system-err>&gt; Enter [BeforeEach] Worker Tests - /Users/v.lohiya/go/src/github.com/F5Networks/k8s-bigip-ctlr/pkg/controller/worker_test.go:45 @ 08/09/24 11:09:31.223&#xA;&lt; Exit [BeforeEach] Worker Tests - /Users/v.lohiya/go/src/github.com/F5Networks/k8s-bigip-ctlr/pkg/controller/worker_test.go:45 @ 08/09/24 11:09:31.223 (0s)&#xA;&gt; Enter [BeforeEach] Processing Native Resources - /Users/v.lohiya/go/src/github.com/F5Networks/k8s-bigip-ctlr/pkg/controller/worker_test.go:2917 @ 08/09/24 11:09:31.223&#xA;&lt; Exit [BeforeEach] Processing Native Resources - /Users/v.lohiya/go/src/github.com/F5Networks/k8s-bigip-ctlr/pkg/controller/worker_test.go:2917 @ 08/09/24 11:09:31.224 (0s)&#xA;&gt; Enter [BeforeEach] Process ConfigMap - /Users/v.lohiya/go/src/github.com/F5Networks/k8s-bigip-ctlr/pkg/controller/worker_test.go:2990 @ 08/09/24 11:09:31.224&#xA;&lt; Exit [BeforeEach] Process ConfigMap - /Users/v.lohiya/go/src/github.com/F5Networks/k8s-bigip-ctlr/pkg/controller/worker_test.go:2990 @ 08/09/24 11:09:31.224 (0s)&#xA;&gt; Enter [It] Process Global ConfigMap - /Users/v.lohiya/go/src/github.com/F5Networks/k8s-bigip-ctlr/pkg/controller/worker_test.go:3055 @ 08/09/24 11:09:31.224&#xA;&lt; Exit [It] Process Global ConfigMap - /Users/v.lohiya/go/src/github.com/F5Networks/k8s-bigip-ctlr/pkg/controller/worker_test.go:3055 @ 08/09/24 11:09:31.224 (0s)&#xA;&gt; Enter [AfterEach] Processing Native Resources - /Users/v.lohiya/go/src/github.com/F5Networks/k8s-bigip-ctlr/pkg/controller/worker_test.go:2982 @ 08/09/24 11:09:31.224&#xA;&lt; Exit [AfterEach] Processing Native Resources - /Users/v.lohiya/go/src/github.com/F5Networks/k8s-bigip-ctlr/pkg/controller/worker_test.go:2982 @ 08/09/24 11:09:31.224 (0s)&#xA;</system-err>
          </testcase>
          <testcase name="[It] Worker Tests Processing Native Resources Process Route Process Pass-through Route" classname="CR Manager Suite" status="passed" time="0.021710708">
              <system-out>E0809 11:09:31.226125   50744 worker.go:282] [ERROR] Sync &amp;{default Route route1 0x14000698380 Create  false} failed with Policy Not Found: default/policy&#xA;</system-out>
              <system-err>&gt; Enter [BeforeEach] Worker Tests - /Users/v.lohiya/go/src/github.com/F5Networks/k8s-bigip-ctlr/pkg/controller/worker_test.go:45 @ 08/09/24 11:09:31.225&#xA;&lt; Exit [BeforeEach] Worker Tests - /Users/v.lohiya/go/src/github.com/F5Networks/k8s-bigip-ctlr/pkg/controller/worker_test.go:45 @ 08/09/24 11:09:31.225 (0s)&#xA;&gt; Enter [BeforeEach] Processing Native Resources - /Users/v.lohiya/go/src/github.com/F5Networks/k8s-bigip-ctlr/pkg/controller/worker_test.go:2917 @ 08/09/24 11:09:31.225&#xA;&lt; Exit [BeforeEach] Processing Native Resources - /Users/v.lohiya/go/src/github.com/F5Networks/k8s-bigip-ctlr/pkg/controller/worker_test.go:2917 @ 08/09/24 11:09:31.225 (0s)&#xA;&gt; Enter [BeforeEach] Process Route - /Users/v.lohiya/go/src/github.com/F5Networks/k8s-bigip-ctlr/pkg/controller/worker_test.go:3106 @ 08/09/24 11:09:31.225&#xA;&lt; Exit [BeforeEach] Process Route - /Users/v.lohiya/go/src/github.com/F5Networks/k8s-bigip-ctlr/pkg/controller/worker_test.go:3106 @ 08/09/24 11:09:31.225 (0s)&#xA;&gt; Enter [It] Process Pass-through Route - /Users/v.lohiya/go/src/github.com/F5Networks/k8s-bigip-ctlr/pkg/controller/worker_test.go:3772 @ 08/09/24 11:09:31.225&#xA;&lt; Exit [It] Process Pass-through Route - /Users/v.lohiya/go/src/github.com/F5Networks/k8s-bigip-ctlr/pkg/controller/worker_test.go:3772 @ 08/09/24 11:09:31.246 (21ms)&#xA;&gt; Enter [AfterEach] Process Route - /Users/v.lohiya/go/src/github.com/F5Networks/k8s-bigip-ctlr/pkg/controller/worker_test.go:3091 @ 08/09/24 11:09:31.246&#xA;&lt; Exit [AfterEach] Process Route - /Users/v.lohiya/go/src/github.com/F5Networks/k8s-bigip-ctlr/pkg/controller/worker_test.go:3091 @ 08/09/24 11:09:31.246 (0s)&#xA;&gt; Enter [AfterEach] Processing Native Resources - /Users/v.lohiya/go/src/github.com/F5Networks/k8s-bigip-ctlr/pkg/controller/worker_test.go:2982 @ 08/09/24 11:09:31.246&#xA;&lt; Exit [AfterEach] Processing Native Resources - /Users/v.lohiya/go/src/github.com/F5Networks/k8s-bigip-ctlr/pkg/controller/worker_test.go:2982 @ 08/09/24 11:09:31.246 (0s)&#xA;</system-err>
          </testcase>
          <testcase name="[It] Informers Tests Custom Resource Queueing Policy" classname="CR Manager Suite" status="passed" time="0.000355625">
              <system-err>&gt; Enter [BeforeEach] Informers Tests - /Users/v.lohiya/go/src/github.com/F5Networks/k8s-bigip-ctlr/pkg/controller/informers_test.go:26 @ 08/09/24 11:09:31.247&#xA;&lt; Exit [BeforeEach] Informers Tests - /Users/v.lohiya/go/src/github.com/F5Networks/k8s-bigip-ctlr/pkg/controller/informers_test.go:26 @ 08/09/24 11:09:31.247 (0s)&#xA;&gt; Enter [BeforeEach] Custom Resource Queueing - /Users/v.lohiya/go/src/github.com/F5Networks/k8s-bigip-ctlr/pkg/controller/informers_test.go:61 @ 08/09/24 11:09:31.247&#xA;&lt; Exit [BeforeEach] Custom Resource Queueing - /Users/v.lohiya/go/src/github.com/F5Networks/k8s-bigip-ctlr/pkg/controller/informers_test.go:61 @ 08/09/24 11:09:31.247 (0s)&#xA;&gt; Enter [It] Policy - /Users/v.lohiya/go/src/github.com/F5Networks/k8s-bigip-ctlr/pkg/controller/informers_test.go:391 @ 08/09/24 11:09:31.247&#xA;&lt; Exit [It] Policy - /Users/v.lohiya/go/src/github.com/F5Networks/k8s-bigip-ctlr/pkg/controller/informers_test.go:391 @ 08/09/24 11:09:31.247 (0s)&#xA;&gt; Enter [AfterEach] Custom Resource Queueing - /Users/v.lohiya/go/src/github.com/F5Networks/k8s-bigip-ctlr/pkg/controller/informers_test.go:79 @ 08/09/24 11:09:31.247&#xA;&lt; Exit [AfterEach] Custom Resource Queueing - /Users/v.lohiya/go/src/github.com/F5Networks/k8s-bigip-ctlr/pkg/controller/informers_test.go:79 @ 08/09/24 11:09:31.247 (0s)&#xA;</system-err>
          </testcase>
          <testcase name="[It] Worker Tests Processing Resources Processing ServiceTypeLoadBalancer" classname="CR Manager Suite" status="passed" time="0.00054825">
              <system-err>&gt; Enter [BeforeEach] Worker Tests - /Users/v.lohiya/go/src/github.com/F5Networks/k8s-bigip-ctlr/pkg/controller/worker_test.go:45 @ 08/09/24 11:09:31.248&#xA;&lt; Exit [BeforeEach] Worker Tests - /Users/v.lohiya/go/src/github.com/F5Networks/k8s-bigip-ctlr/pkg/controller/worker_test.go:45 @ 08/09/24 11:09:31.248 (0s)&#xA;&gt; Enter [It] Processing ServiceTypeLoadBalancer - /Users/v.lohiya/go/src/github.com/F5Networks/k8s-bigip-ctlr/pkg/controller/worker_test.go:898 @ 08/09/24 11:09:31.248&#xA;&lt; Exit [It] Processing ServiceTypeLoadBalancer - /Users/v.lohiya/go/src/github.com/F5Networks/k8s-bigip-ctlr/pkg/controller/worker_test.go:898 @ 08/09/24 11:09:31.248 (0s)&#xA;</system-err>
          </testcase>
          <testcase name="[It] Worker Tests Processing Resources Processing ServiceTypeLoadBalancer with Ipam and static ip" classname="CR Manager Suite" status="passed" time="0.000346375">
              <system-err>&gt; Enter [BeforeEach] Worker Tests - /Users/v.lohiya/go/src/github.com/F5Networks/k8s-bigip-ctlr/pkg/controller/worker_test.go:45 @ 08/09/24 11:09:31.248&#xA;&lt; Exit [BeforeEach] Worker Tests - /Users/v.lohiya/go/src/github.com/F5Networks/k8s-bigip-ctlr/pkg/controller/worker_test.go:45 @ 08/09/24 11:09:31.248 (0s)&#xA;&gt; Enter [It] Processing ServiceTypeLoadBalancer with Ipam and static ip - /Users/v.lohiya/go/src/github.com/F5Networks/k8s-bigip-ctlr/pkg/controller/worker_test.go:969 @ 08/09/24 11:09:31.248&#xA;&lt; Exit [It] Processing ServiceTypeLoadBalancer with Ipam and static ip - /Users/v.lohiya/go/src/github.com/F5Networks/k8s-bigip-ctlr/pkg/controller/worker_test.go:969 @ 08/09/24 11:09:31.249 (0s)&#xA;</system-err>
          </testcase>
          <testcase name="[It] Worker Tests Processing Native Resources Process Route Process Edge Route" classname="CR Manager Suite" status="passed" time="0.001381958">
              <system-err>&gt; Enter [BeforeEach] Worker Tests - /Users/v.lohiya/go/src/github.com/F5Networks/k8s-bigip-ctlr/pkg/controller/worker_test.go:45 @ 08/09/24 11:09:31.249&#xA;&lt; Exit [BeforeEach] Worker Tests - /Users/v.lohiya/go/src/github.com/F5Networks/k8s-bigip-ctlr/pkg/controller/worker_test.go:45 @ 08/09/24 11:09:31.249 (0s)&#xA;&gt; Enter [BeforeEach] Processing Native Resources - /Users/v.lohiya/go/src/github.com/F5Networks/k8s-bigip-ctlr/pkg/controller/worker_test.go:2917 @ 08/09/24 11:09:31.249&#xA;&lt; Exit [BeforeEach] Processing Native Resources - /Users/v.lohiya/go/src/github.com/F5Networks/k8s-bigip-ctlr/pkg/controller/worker_test.go:2917 @ 08/09/24 11:09:31.249 (0s)&#xA;&gt; Enter [BeforeEach] Process Route - /Users/v.lohiya/go/src/github.com/F5Networks/k8s-bigip-ctlr/pkg/controller/worker_test.go:3106 @ 08/09/24 11:09:31.249&#xA;&lt; Exit [BeforeEach] Process Route - /Users/v.lohiya/go/src/github.com/F5Networks/k8s-bigip-ctlr/pkg/controller/worker_test.go:3106 @ 08/09/24 11:09:31.249 (0s)&#xA;&gt; Enter [It] Process Edge Route - /Users/v.lohiya/go/src/github.com/F5Networks/k8s-bigip-ctlr/pkg/controller/worker_test.go:3731 @ 08/09/24 11:09:31.249&#xA;&lt; Exit [It] Process Edge Route - /Users/v.lohiya/go/src/github.com/F5Networks/k8s-bigip-ctlr/pkg/controller/worker_test.go:3731 @ 08/09/24 11:09:31.25 (1ms)&#xA;&gt; Enter [AfterEach] Process Route - /Users/v.lohiya/go/src/github.com/F5Networks/k8s-bigip-ctlr/pkg/controller/worker_test.go:3091 @ 08/09/24 11:09:31.25&#xA;&lt; Exit [AfterEach] Process Route - /Users/v.lohiya/go/src/github.com/F5Networks/k8s-bigip-ctlr/pkg/controller/worker_test.go:3091 @ 08/09/24 11:09:31.25 (0s)&#xA;&gt; Enter [AfterEach] Processing Native Resources - /Users/v.lohiya/go/src/github.com/F5Networks/k8s-bigip-ctlr/pkg/controller/worker_test.go:2982 @ 08/09/24 11:09:31.25&#xA;&lt; Exit [AfterEach] Processing Native Resources - /Users/v.lohiya/go/src/github.com/F5Networks/k8s-bigip-ctlr/pkg/controller/worker_test.go:2982 @ 08/09/24 11:09:31.25 (0s)&#xA;</system-err>
          </testcase>
          <testcase name="[It] Multi Cluster with Routes Process Routes with multi cluster config Process Route with multi cluster annotation with multicluster config" classname="CR Manager Suite" status="passed" time="0.001852292">
              <system-err>&gt; Enter [BeforeEach] Multi Cluster with Routes - /Users/v.lohiya/go/src/github.com/F5Networks/k8s-bigip-ctlr/pkg/controller/nativeResourceWorker_test.go:2064 @ 08/09/24 11:09:31.25&#xA;&lt; Exit [BeforeEach] Multi Cluster with Routes - /Users/v.lohiya/go/src/github.com/F5Networks/k8s-bigip-ctlr/pkg/controller/nativeResourceWorker_test.go:2064 @ 08/09/24 11:09:31.251 (0s)&#xA;&gt; Enter [BeforeEach] Process Routes with multi cluster config - /Users/v.lohiya/go/src/github.com/F5Networks/k8s-bigip-ctlr/pkg/controller/nativeResourceWorker_test.go:2184 @ 08/09/24 11:09:31.251&#xA;&lt; Exit [BeforeEach] Process Routes with multi cluster config - /Users/v.lohiya/go/src/github.com/F5Networks/k8s-bigip-ctlr/pkg/controller/nativeResourceWorker_test.go:2184 @ 08/09/24 11:09:31.251 (0s)&#xA;&gt; Enter [It] Process Route with multi cluster annotation with multicluster config - /Users/v.lohiya/go/src/github.com/F5Networks/k8s-bigip-ctlr/pkg/controller/nativeResourceWorker_test.go:2225 @ 08/09/24 11:09:31.251&#xA;&lt; Exit [It] Process Route with multi cluster annotation with multicluster config - /Users/v.lohiya/go/src/github.com/F5Networks/k8s-bigip-ctlr/pkg/controller/nativeResourceWorker_test.go:2225 @ 08/09/24 11:09:31.252 (2ms)&#xA;</system-err>
          </testcase>
          <testcase name="[It] Backend Tests JSON comparision of AS3 declaration Verify with two empty declarations" classname="CR Manager Suite" status="passed" time="0.000101417">
              <system-err>&gt; Enter [It] Verify with two empty declarations - /Users/v.lohiya/go/src/github.com/F5Networks/k8s-bigip-ctlr/pkg/controller/backend_test.go:496 @ 08/09/24 11:09:31.253&#xA;&lt; Exit [It] Verify with two empty declarations - /Users/v.lohiya/go/src/github.com/F5Networks/k8s-bigip-ctlr/pkg/controller/backend_test.go:496 @ 08/09/24 11:09:31.253 (0s)&#xA;</system-err>
          </testcase>
          <testcase name="[It] Multi Cluster with CRD Process CRD with multi cluster config Process VS with multi cluster config" classname="CR Manager Suite" status="passed" time="0.001242959">
              <system-err>&gt; Enter [BeforeEach] Multi Cluster with CRD - /Users/v.lohiya/go/src/github.com/F5Networks/k8s-bigip-ctlr/pkg/controller/nativeResourceWorker_test.go:2366 @ 08/09/24 11:09:31.253&#xA;&lt; Exit [BeforeEach] Multi Cluster with CRD - /Users/v.lohiya/go/src/github.com/F5Networks/k8s-bigip-ctlr/pkg/controller/nativeResourceWorker_test.go:2366 @ 08/09/24 11:09:31.253 (0s)&#xA;&gt; Enter [BeforeEach] Process CRD with multi cluster config - /Users/v.lohiya/go/src/github.com/F5Networks/k8s-bigip-ctlr/pkg/controller/nativeResourceWorker_test.go:2475 @ 08/09/24 11:09:31.253&#xA;&lt; Exit [BeforeEach] Process CRD with multi cluster config - /Users/v.lohiya/go/src/github.com/F5Networks/k8s-bigip-ctlr/pkg/controller/nativeResourceWorker_test.go:2475 @ 08/09/24 11:09:31.254 (1ms)&#xA;&gt; Enter [It] Process VS with multi cluster config - /Users/v.lohiya/go/src/github.com/F5Networks/k8s-bigip-ctlr/pkg/controller/nativeResourceWorker_test.go:2479 @ 08/09/24 11:09:31.254&#xA;&lt; Exit [It] Process VS with multi cluster config - /Users/v.lohiya/go/src/github.com/F5Networks/k8s-bigip-ctlr/pkg/controller/nativeResourceWorker_test.go:2479 @ 08/09/24 11:09:31.254 (0s)&#xA;</system-err>
          </testcase>
          <testcase name="[It] Resource Config Tests Handle Virtual Server TLS TLS Reencrypt with BIGIP Reference" classname="CR Manager Suite" status="passed" time="0.000212708">
              <system-err>&gt; Enter [BeforeEach] Handle Virtual Server TLS - /Users/v.lohiya/go/src/github.com/F5Networks/k8s-bigip-ctlr/pkg/controller/resourceConfig_test.go:1199 @ 08/09/24 11:09:31.254&#xA;&lt; Exit [BeforeEach] Handle Virtual Server TLS - /Users/v.lohiya/go/src/github.com/F5Networks/k8s-bigip-ctlr/pkg/controller/resourceConfig_test.go:1199 @ 08/09/24 11:09:31.254 (0s)&#xA;&gt; Enter [It] TLS Reencrypt with BIGIP Reference - /Users/v.lohiya/go/src/github.com/F5Networks/k8s-bigip-ctlr/pkg/controller/resourceConfig_test.go:1296 @ 08/09/24 11:09:31.254&#xA;&lt; Exit [It] TLS Reencrypt with BIGIP Reference - /Users/v.lohiya/go/src/github.com/F5Networks/k8s-bigip-ctlr/pkg/controller/resourceConfig_test.go:1296 @ 08/09/24 11:09:31.254 (0s)&#xA;</system-err>
          </testcase>
          <testcase name="[It] OtherSDNType Create a new controller object" classname="CR Manager Suite" status="passed" time="3.004451">
              <system-err>&gt; Enter [BeforeEach] OtherSDNType - /Users/v.lohiya/go/src/github.com/F5Networks/k8s-bigip-ctlr/pkg/controller/controller_test.go:17 @ 08/09/24 11:09:31.255&#xA;&lt; Exit [BeforeEach] OtherSDNType - /Users/v.lohiya/go/src/github.com/F5Networks/k8s-bigip-ctlr/pkg/controller/controller_test.go:17 @ 08/09/24 11:09:31.255 (0s)&#xA;&gt; Enter [It] Create a new controller object - /Users/v.lohiya/go/src/github.com/F5Networks/k8s-bigip-ctlr/pkg/controller/controller_test.go:44 @ 08/09/24 11:09:31.255&#xA;&lt; Exit [It] Create a new controller object - /Users/v.lohiya/go/src/github.com/F5Networks/k8s-bigip-ctlr/pkg/controller/controller_test.go:44 @ 08/09/24 11:09:34.259 (3.004s)&#xA;</system-err>
          </testcase>
          <testcase name="[It] Worker Tests Processing Resources Processing IngressLink" classname="CR Manager Suite" status="passed" time="0.000586709">
              <system-err>&gt; Enter [BeforeEach] Worker Tests - /Users/v.lohiya/go/src/github.com/F5Networks/k8s-bigip-ctlr/pkg/controller/worker_test.go:45 @ 08/09/24 11:09:34.26&#xA;&lt; Exit [BeforeEach] Worker Tests - /Users/v.lohiya/go/src/github.com/F5Networks/k8s-bigip-ctlr/pkg/controller/worker_test.go:45 @ 08/09/24 11:09:34.26 (0s)&#xA;&gt; Enter [It] Processing IngressLink - /Users/v.lohiya/go/src/github.com/F5Networks/k8s-bigip-ctlr/pkg/controller/worker_test.go:1090 @ 08/09/24 11:09:34.26&#xA;&lt; Exit [It] Processing IngressLink - /Users/v.lohiya/go/src/github.com/F5Networks/k8s-bigip-ctlr/pkg/controller/worker_test.go:1090 @ 08/09/24 11:09:34.26 (0s)&#xA;</system-err>
          </testcase>
          <testcase name="[It] Worker Tests Processing Custom Resources Processing Ingress Link Ingress Link" classname="CR Manager Suite" status="passed" time="0.000904334">
              <system-err>&gt; Enter [BeforeEach] Worker Tests - /Users/v.lohiya/go/src/github.com/F5Networks/k8s-bigip-ctlr/pkg/controller/worker_test.go:45 @ 08/09/24 11:09:34.261&#xA;&lt; Exit [BeforeEach] Worker Tests - /Users/v.lohiya/go/src/github.com/F5Networks/k8s-bigip-ctlr/pkg/controller/worker_test.go:45 @ 08/09/24 11:09:34.261 (0s)&#xA;&gt; Enter [BeforeEach] Processing Custom Resources - /Users/v.lohiya/go/src/github.com/F5Networks/k8s-bigip-ctlr/pkg/controller/worker_test.go:1567 @ 08/09/24 11:09:34.261&#xA;&lt; Exit [BeforeEach] Processing Custom Resources - /Users/v.lohiya/go/src/github.com/F5Networks/k8s-bigip-ctlr/pkg/controller/worker_test.go:1567 @ 08/09/24 11:09:34.261 (0s)&#xA;&gt; Enter [It] Ingress Link - /Users/v.lohiya/go/src/github.com/F5Networks/k8s-bigip-ctlr/pkg/controller/worker_test.go:2714 @ 08/09/24 11:09:34.261&#xA;&lt; Exit [It] Ingress Link - /Users/v.lohiya/go/src/github.com/F5Networks/k8s-bigip-ctlr/pkg/controller/worker_test.go:2714 @ 08/09/24 11:09:34.262 (0s)&#xA;&gt; Enter [AfterEach] Processing Custom Resources - /Users/v.lohiya/go/src/github.com/F5Networks/k8s-bigip-ctlr/pkg/controller/worker_test.go:1668 @ 08/09/24 11:09:34.262&#xA;&lt; Exit [AfterEach] Processing Custom Resources - /Users/v.lohiya/go/src/github.com/F5Networks/k8s-bigip-ctlr/pkg/controller/worker_test.go:1668 @ 08/09/24 11:09:34.262 (0s)&#xA;</system-err>
          </testcase>
          <testcase name="[It] Routes Routes Check GSLB Support for Routes" classname="CR Manager Suite" status="passed" time="0.000838">
              <system-err>&gt; Enter [BeforeEach] Routes - /Users/v.lohiya/go/src/github.com/F5Networks/k8s-bigip-ctlr/pkg/controller/nativeResourceWorker_test.go:25 @ 08/09/24 11:09:34.262&#xA;&lt; Exit [BeforeEach] Routes - /Users/v.lohiya/go/src/github.com/F5Networks/k8s-bigip-ctlr/pkg/controller/nativeResourceWorker_test.go:25 @ 08/09/24 11:09:34.262 (0s)&#xA;&gt; Enter [BeforeEach] Routes - /Users/v.lohiya/go/src/github.com/F5Networks/k8s-bigip-ctlr/pkg/controller/nativeResourceWorker_test.go:65 @ 08/09/24 11:09:34.262&#xA;&lt; Exit [BeforeEach] Routes - /Users/v.lohiya/go/src/github.com/F5Networks/k8s-bigip-ctlr/pkg/controller/nativeResourceWorker_test.go:65 @ 08/09/24 11:09:34.262 (0s)&#xA;&gt; Enter [It] Check GSLB Support for Routes - /Users/v.lohiya/go/src/github.com/F5Networks/k8s-bigip-ctlr/pkg/controller/nativeResourceWorker_test.go:395 @ 08/09/24 11:09:34.262&#xA;&lt; Exit [It] Check GSLB Support for Routes - /Users/v.lohiya/go/src/github.com/F5Networks/k8s-bigip-ctlr/pkg/controller/nativeResourceWorker_test.go:395 @ 08/09/24 11:09:34.263 (1ms)&#xA;</system-err>
          </testcase>
          <testcase name="[It] Routes Routes Base Route" classname="CR Manager Suite" status="passed" time="0.000351334">
              <system-err>&gt; Enter [BeforeEach] Routes - /Users/v.lohiya/go/src/github.com/F5Networks/k8s-bigip-ctlr/pkg/controller/nativeResourceWorker_test.go:25 @ 08/09/24 11:09:34.263&#xA;&lt; Exit [BeforeEach] Routes - /Users/v.lohiya/go/src/github.com/F5Networks/k8s-bigip-ctlr/pkg/controller/nativeResourceWorker_test.go:25 @ 08/09/24 11:09:34.263 (0s)&#xA;&gt; Enter [BeforeEach] Routes - /Users/v.lohiya/go/src/github.com/F5Networks/k8s-bigip-ctlr/pkg/controller/nativeResourceWorker_test.go:65 @ 08/09/24 11:09:34.263&#xA;&lt; Exit [BeforeEach] Routes - /Users/v.lohiya/go/src/github.com/F5Networks/k8s-bigip-ctlr/pkg/controller/nativeResourceWorker_test.go:65 @ 08/09/24 11:09:34.263 (0s)&#xA;&gt; Enter [It] Base Route - /Users/v.lohiya/go/src/github.com/F5Networks/k8s-bigip-ctlr/pkg/controller/nativeResourceWorker_test.go:82 @ 08/09/24 11:09:34.263&#xA;&lt; Exit [It] Base Route - /Users/v.lohiya/go/src/github.com/F5Networks/k8s-bigip-ctlr/pkg/controller/nativeResourceWorker_test.go:82 @ 08/09/24 11:09:34.264 (0s)&#xA;</system-err>
          </testcase>
          <testcase name="[It] Routes Routes Check Route TLS" classname="CR Manager Suite" status="passed" time="0.000488125">
              <system-err>&gt; Enter [BeforeEach] Routes - /Users/v.lohiya/go/src/github.com/F5Networks/k8s-bigip-ctlr/pkg/controller/nativeResourceWorker_test.go:25 @ 08/09/24 11:09:34.264&#xA;&lt; Exit [BeforeEach] Routes - /Users/v.lohiya/go/src/github.com/F5Networks/k8s-bigip-ctlr/pkg/controller/nativeResourceWorker_test.go:25 @ 08/09/24 11:09:34.264 (0s)&#xA;&gt; Enter [BeforeEach] Routes - /Users/v.lohiya/go/src/github.com/F5Networks/k8s-bigip-ctlr/pkg/controller/nativeResourceWorker_test.go:65 @ 08/09/24 11:09:34.264&#xA;&lt; Exit [BeforeEach] Routes - /Users/v.lohiya/go/src/github.com/F5Networks/k8s-bigip-ctlr/pkg/controller/nativeResourceWorker_test.go:65 @ 08/09/24 11:09:34.264 (0s)&#xA;&gt; Enter [It] Check Route TLS - /Users/v.lohiya/go/src/github.com/F5Networks/k8s-bigip-ctlr/pkg/controller/nativeResourceWorker_test.go:883 @ 08/09/24 11:09:34.264&#xA;&lt; Exit [It] Check Route TLS - /Users/v.lohiya/go/src/github.com/F5Networks/k8s-bigip-ctlr/pkg/controller/nativeResourceWorker_test.go:883 @ 08/09/24 11:09:34.264 (0s)&#xA;</system-err>
          </testcase>
          <testcase name="[It] Resource Config Tests Prepare Resource Configs Prepare Resource Config from a Service" classname="CR Manager Suite" status="passed" time="0.000283875">
              <system-err>&gt; Enter [BeforeEach] Prepare Resource Configs - /Users/v.lohiya/go/src/github.com/F5Networks/k8s-bigip-ctlr/pkg/controller/resourceConfig_test.go:255 @ 08/09/24 11:09:34.265&#xA;&lt; Exit [BeforeEach] Prepare Resource Configs - /Users/v.lohiya/go/src/github.com/F5Networks/k8s-bigip-ctlr/pkg/controller/resourceConfig_test.go:255 @ 08/09/24 11:09:34.265 (0s)&#xA;&gt; Enter [It] Prepare Resource Config from a Service - /Users/v.lohiya/go/src/github.com/F5Networks/k8s-bigip-ctlr/pkg/controller/resourceConfig_test.go:693 @ 08/09/24 11:09:34.265&#xA;&lt; Exit [It] Prepare Resource Config from a Service - /Users/v.lohiya/go/src/github.com/F5Networks/k8s-bigip-ctlr/pkg/controller/resourceConfig_test.go:693 @ 08/09/24 11:09:34.265 (0s)&#xA;</system-err>
          </testcase>
          <testcase name="[It] Worker Tests Filtering and Validation Filter Associated VirtualServers UnAssociated VS 2" classname="CR Manager Suite" status="passed" time="0.000409084">
              <system-err>&gt; Enter [BeforeEach] Worker Tests - /Users/v.lohiya/go/src/github.com/F5Networks/k8s-bigip-ctlr/pkg/controller/worker_test.go:45 @ 08/09/24 11:09:34.265&#xA;&lt; Exit [BeforeEach] Worker Tests - /Users/v.lohiya/go/src/github.com/F5Networks/k8s-bigip-ctlr/pkg/controller/worker_test.go:45 @ 08/09/24 11:09:34.265 (0s)&#xA;&gt; Enter [BeforeEach] Filter Associated VirtualServers - /Users/v.lohiya/go/src/github.com/F5Networks/k8s-bigip-ctlr/pkg/controller/worker_test.go:488 @ 08/09/24 11:09:34.265&#xA;&lt; Exit [BeforeEach] Filter Associated VirtualServers - /Users/v.lohiya/go/src/github.com/F5Networks/k8s-bigip-ctlr/pkg/controller/worker_test.go:488 @ 08/09/24 11:09:34.265 (0s)&#xA;&gt; Enter [It] UnAssociated VS 2 - /Users/v.lohiya/go/src/github.com/F5Networks/k8s-bigip-ctlr/pkg/controller/worker_test.go:628 @ 08/09/24 11:09:34.266&#xA;&lt; Exit [It] UnAssociated VS 2 - /Users/v.lohiya/go/src/github.com/F5Networks/k8s-bigip-ctlr/pkg/controller/worker_test.go:628 @ 08/09/24 11:09:34.266 (0s)&#xA;</system-err>
          </testcase>
          <testcase name="[It] Routes Extended Spec ConfigMap Extended Route Spec Allow local Update with out spec change" classname="CR Manager Suite" status="passed" time="0.000293042">
              <system-err>&gt; Enter [BeforeEach] Routes - /Users/v.lohiya/go/src/github.com/F5Networks/k8s-bigip-ctlr/pkg/controller/nativeResourceWorker_test.go:25 @ 08/09/24 11:09:34.266&#xA;&lt; Exit [BeforeEach] Routes - /Users/v.lohiya/go/src/github.com/F5Networks/k8s-bigip-ctlr/pkg/controller/nativeResourceWorker_test.go:25 @ 08/09/24 11:09:34.266 (0s)&#xA;&gt; Enter [BeforeEach] Extended Spec ConfigMap - /Users/v.lohiya/go/src/github.com/F5Networks/k8s-bigip-ctlr/pkg/controller/nativeResourceWorker_test.go:1366 @ 08/09/24 11:09:34.266&#xA;&lt; Exit [BeforeEach] Extended Spec ConfigMap - /Users/v.lohiya/go/src/github.com/F5Networks/k8s-bigip-ctlr/pkg/controller/nativeResourceWorker_test.go:1366 @ 08/09/24 11:09:34.266 (0s)&#xA;&gt; Enter [It] Extended Route Spec Allow local Update with out spec change - /Users/v.lohiya/go/src/github.com/F5Networks/k8s-bigip-ctlr/pkg/controller/nativeResourceWorker_test.go:1526 @ 08/09/24 11:09:34.266&#xA;&lt; Exit [It] Extended Route Spec Allow local Update with out spec change - /Users/v.lohiya/go/src/github.com/F5Networks/k8s-bigip-ctlr/pkg/controller/nativeResourceWorker_test.go:1526 @ 08/09/24 11:09:34.266 (0s)&#xA;</system-err>
          </testcase>
          <testcase name="[It] Multi Cluster Health Probe Check Primary Cluster HealthProbe with invalid tcp endpoint" classname="CR Manager Suite" status="passed" time="0.000275917">
              <system-err>&gt; Enter [BeforeEach] Multi Cluster Health Probe - /Users/v.lohiya/go/src/github.com/F5Networks/k8s-bigip-ctlr/pkg/controller/multiClusterHealthProbeManager_test.go:20 @ 08/09/24 11:09:34.266&#xA;&lt; Exit [BeforeEach] Multi Cluster Health Probe - /Users/v.lohiya/go/src/github.com/F5Networks/k8s-bigip-ctlr/pkg/controller/multiClusterHealthProbeManager_test.go:20 @ 08/09/24 11:09:34.267 (0s)&#xA;&gt; Enter [It] Check Primary Cluster HealthProbe with invalid tcp endpoint - /Users/v.lohiya/go/src/github.com/F5Networks/k8s-bigip-ctlr/pkg/controller/multiClusterHealthProbeManager_test.go:152 @ 08/09/24 11:09:34.267&#xA;&lt; Exit [It] Check Primary Cluster HealthProbe with invalid tcp endpoint - /Users/v.lohiya/go/src/github.com/F5Networks/k8s-bigip-ctlr/pkg/controller/multiClusterHealthProbeManager_test.go:152 @ 08/09/24 11:09:34.267 (0s)&#xA;</system-err>
          </testcase>
          <testcase name="[It] Resource Config Tests Prepare Resource Configs Prepare Resource Config from a TransportServer" classname="CR Manager Suite" status="passed" time="0.000243042">
              <system-err>&gt; Enter [BeforeEach] Prepare Resource Configs - /Users/v.lohiya/go/src/github.com/F5Networks/k8s-bigip-ctlr/pkg/controller/resourceConfig_test.go:255 @ 08/09/24 11:09:34.267&#xA;&lt; Exit [BeforeEach] Prepare Resource Configs - /Users/v.lohiya/go/src/github.com/F5Networks/k8s-bigip-ctlr/pkg/controller/resourceConfig_test.go:255 @ 08/09/24 11:09:34.267 (0s)&#xA;&gt; Enter [It] Prepare Resource Config from a TransportServer - /Users/v.lohiya/go/src/github.com/F5Networks/k8s-bigip-ctlr/pkg/controller/resourceConfig_test.go:650 @ 08/09/24 11:09:34.267&#xA;&lt; Exit [It] Prepare Resource Config from a TransportServer - /Users/v.lohiya/go/src/github.com/F5Networks/k8s-bigip-ctlr/pkg/controller/resourceConfig_test.go:650 @ 08/09/24 11:09:34.267 (0s)&#xA;</system-err>
          </testcase>
          <testcase name="[It] Worker Tests Processing VS, TS, IL, SvcLB on pod update Virtual Server processing on pod update" classname="CR Manager Suite" status="passed" time="0.001465334">
              <system-err>&gt; Enter [BeforeEach] Worker Tests - /Users/v.lohiya/go/src/github.com/F5Networks/k8s-bigip-ctlr/pkg/controller/worker_test.go:45 @ 08/09/24 11:09:34.268&#xA;&lt; Exit [BeforeEach] Worker Tests - /Users/v.lohiya/go/src/github.com/F5Networks/k8s-bigip-ctlr/pkg/controller/worker_test.go:45 @ 08/09/24 11:09:34.268 (0s)&#xA;&gt; Enter [BeforeEach] Processing VS, TS, IL, SvcLB on pod update - /Users/v.lohiya/go/src/github.com/F5Networks/k8s-bigip-ctlr/pkg/controller/worker_test.go:3855 @ 08/09/24 11:09:34.268&#xA;&lt; Exit [BeforeEach] Processing VS, TS, IL, SvcLB on pod update - /Users/v.lohiya/go/src/github.com/F5Networks/k8s-bigip-ctlr/pkg/controller/worker_test.go:3855 @ 08/09/24 11:09:34.269 (0s)&#xA;&gt; Enter [It] Virtual Server processing on pod update - /Users/v.lohiya/go/src/github.com/F5Networks/k8s-bigip-ctlr/pkg/controller/worker_test.go:3906 @ 08/09/24 11:09:34.269&#xA;&lt; Exit [It] Virtual Server processing on pod update - /Users/v.lohiya/go/src/github.com/F5Networks/k8s-bigip-ctlr/pkg/controller/worker_test.go:3906 @ 08/09/24 11:09:34.269 (0s)&#xA;</system-err>
          </testcase>
          <testcase name="[It] Worker Tests Filtering and Validation Filter Associated VirtualServers Unique Paths" classname="CR Manager Suite" status="passed" time="0.000271125">
              <system-err>&gt; Enter [BeforeEach] Worker Tests - /Users/v.lohiya/go/src/github.com/F5Networks/k8s-bigip-ctlr/pkg/controller/worker_test.go:45 @ 08/09/24 11:09:34.269&#xA;&lt; Exit [BeforeEach] Worker Tests - /Users/v.lohiya/go/src/github.com/F5Networks/k8s-bigip-ctlr/pkg/controller/worker_test.go:45 @ 08/09/24 11:09:34.269 (0s)&#xA;&gt; Enter [BeforeEach] Filter Associated VirtualServers - /Users/v.lohiya/go/src/github.com/F5Networks/k8s-bigip-ctlr/pkg/controller/worker_test.go:488 @ 08/09/24 11:09:34.269&#xA;&lt; Exit [BeforeEach] Filter Associated VirtualServers - /Users/v.lohiya/go/src/github.com/F5Networks/k8s-bigip-ctlr/pkg/controller/worker_test.go:488 @ 08/09/24 11:09:34.269 (0s)&#xA;&gt; Enter [It] Unique Paths - /Users/v.lohiya/go/src/github.com/F5Networks/k8s-bigip-ctlr/pkg/controller/worker_test.go:555 @ 08/09/24 11:09:34.269&#xA;&lt; Exit [It] Unique Paths - /Users/v.lohiya/go/src/github.com/F5Networks/k8s-bigip-ctlr/pkg/controller/worker_test.go:555 @ 08/09/24 11:09:34.269 (0s)&#xA;</system-err>
          </testcase>
          <testcase name="[It] Without NamespaceLabel parameter in deployment Extended Spec ConfigMap namespaceLabel only without namespace-label deployment parameter" classname="CR Manager Suite" status="passed" time="0.000293208">
              <system-err>&gt; Enter [BeforeEach] Without NamespaceLabel parameter in deployment - /Users/v.lohiya/go/src/github.com/F5Networks/k8s-bigip-ctlr/pkg/controller/nativeResourceWorker_test.go:2019 @ 08/09/24 11:09:34.27&#xA;&lt; Exit [BeforeEach] Without NamespaceLabel parameter in deployment - /Users/v.lohiya/go/src/github.com/F5Networks/k8s-bigip-ctlr/pkg/controller/nativeResourceWorker_test.go:2019 @ 08/09/24 11:09:34.27 (0s)&#xA;&gt; Enter [BeforeEach] Extended Spec ConfigMap - /Users/v.lohiya/go/src/github.com/F5Networks/k8s-bigip-ctlr/pkg/controller/nativeResourceWorker_test.go:2028 @ 08/09/24 11:09:34.27&#xA;&lt; Exit [BeforeEach] Extended Spec ConfigMap - /Users/v.lohiya/go/src/github.com/F5Networks/k8s-bigip-ctlr/pkg/controller/nativeResourceWorker_test.go:2028 @ 08/09/24 11:09:34.27 (0s)&#xA;&gt; Enter [It] namespaceLabel only without namespace-label deployment parameter - /Users/v.lohiya/go/src/github.com/F5Networks/k8s-bigip-ctlr/pkg/controller/nativeResourceWorker_test.go:2040 @ 08/09/24 11:09:34.27&#xA;&lt; Exit [It] namespaceLabel only without namespace-label deployment parameter - /Users/v.lohiya/go/src/github.com/F5Networks/k8s-bigip-ctlr/pkg/controller/nativeResourceWorker_test.go:2040 @ 08/09/24 11:09:34.27 (0s)&#xA;</system-err>
          </testcase>
          <testcase name="[It] Routes Routes Check Route A/B Deploy" classname="CR Manager Suite" status="passed" time="0.000574416">
              <system-err>&gt; Enter [BeforeEach] Routes - /Users/v.lohiya/go/src/github.com/F5Networks/k8s-bigip-ctlr/pkg/controller/nativeResourceWorker_test.go:25 @ 08/09/24 11:09:34.27&#xA;&lt; Exit [BeforeEach] Routes - /Users/v.lohiya/go/src/github.com/F5Networks/k8s-bigip-ctlr/pkg/controller/nativeResourceWorker_test.go:25 @ 08/09/24 11:09:34.27 (0s)&#xA;&gt; Enter [BeforeEach] Routes - /Users/v.lohiya/go/src/github.com/F5Networks/k8s-bigip-ctlr/pkg/controller/nativeResourceWorker_test.go:65 @ 08/09/24 11:09:34.27&#xA;&lt; Exit [BeforeEach] Routes - /Users/v.lohiya/go/src/github.com/F5Networks/k8s-bigip-ctlr/pkg/controller/nativeResourceWorker_test.go:65 @ 08/09/24 11:09:34.27 (0s)&#xA;&gt; Enter [It] Check Route A/B Deploy - /Users/v.lohiya/go/src/github.com/F5Networks/k8s-bigip-ctlr/pkg/controller/nativeResourceWorker_test.go:789 @ 08/09/24 11:09:34.27&#xA;&lt; Exit [It] Check Route A/B Deploy - /Users/v.lohiya/go/src/github.com/F5Networks/k8s-bigip-ctlr/pkg/controller/nativeResourceWorker_test.go:789 @ 08/09/24 11:09:34.271 (0s)&#xA;</system-err>
          </testcase>
          <testcase name="[It] PostManager Tests Post Config and Handle Response Handle First Post" classname="CR Manager Suite" status="passed" time="0.000239917">
              <system-err>&gt; Enter [BeforeEach] PostManager Tests - /Users/v.lohiya/go/src/github.com/F5Networks/k8s-bigip-ctlr/pkg/controller/postManager_test.go:12 @ 08/09/24 11:09:34.271&#xA;&lt; Exit [BeforeEach] PostManager Tests - /Users/v.lohiya/go/src/github.com/F5Networks/k8s-bigip-ctlr/pkg/controller/postManager_test.go:12 @ 08/09/24 11:09:34.271 (0s)&#xA;&gt; Enter [BeforeEach] Post Config and Handle Response - /Users/v.lohiya/go/src/github.com/F5Networks/k8s-bigip-ctlr/pkg/controller/postManager_test.go:25 @ 08/09/24 11:09:34.271&#xA;&lt; Exit [BeforeEach] Post Config and Handle Response - /Users/v.lohiya/go/src/github.com/F5Networks/k8s-bigip-ctlr/pkg/controller/postManager_test.go:25 @ 08/09/24 11:09:34.271 (0s)&#xA;&gt; Enter [It] Handle First Post - /Users/v.lohiya/go/src/github.com/F5Networks/k8s-bigip-ctlr/pkg/controller/postManager_test.go:37 @ 08/09/24 11:09:34.271&#xA;&lt; Exit [It] Handle First Post - /Users/v.lohiya/go/src/github.com/F5Networks/k8s-bigip-ctlr/pkg/controller/postManager_test.go:37 @ 08/09/24 11:09:34.271 (0s)&#xA;</system-err>
          </testcase>
          <testcase name="[It] Resource Config Tests Fetch target ports Int target port is returned with integer targetPort" classname="CR Manager Suite" status="passed" time="0.000151375">
              <system-err>&gt; Enter [BeforeEach] Fetch target ports - /Users/v.lohiya/go/src/github.com/F5Networks/k8s-bigip-ctlr/pkg/controller/resourceConfig_test.go:1037 @ 08/09/24 11:09:34.272&#xA;&lt; Exit [BeforeEach] Fetch target ports - /Users/v.lohiya/go/src/github.com/F5Networks/k8s-bigip-ctlr/pkg/controller/resourceConfig_test.go:1037 @ 08/09/24 11:09:34.272 (0s)&#xA;&gt; Enter [It] Int target port is returned with integer targetPort - /Users/v.lohiya/go/src/github.com/F5Networks/k8s-bigip-ctlr/pkg/controller/resourceConfig_test.go:1047 @ 08/09/24 11:09:34.272&#xA;&lt; Exit [It] Int target port is returned with integer targetPort - /Users/v.lohiya/go/src/github.com/F5Networks/k8s-bigip-ctlr/pkg/controller/resourceConfig_test.go:1047 @ 08/09/24 11:09:34.272 (0s)&#xA;</system-err>
          </testcase>
          <testcase name="[It] Resource Config Tests Prepare Resource Configs Validate default pool in Virtual server with bigip reference" classname="CR Manager Suite" status="passed" time="0.000198708">
              <system-err>&gt; Enter [BeforeEach] Prepare Resource Configs - /Users/v.lohiya/go/src/github.com/F5Networks/k8s-bigip-ctlr/pkg/controller/resourceConfig_test.go:255 @ 08/09/24 11:09:34.272&#xA;&lt; Exit [BeforeEach] Prepare Resource Configs - /Users/v.lohiya/go/src/github.com/F5Networks/k8s-bigip-ctlr/pkg/controller/resourceConfig_test.go:255 @ 08/09/24 11:09:34.272 (0s)&#xA;&gt; Enter [It] Validate default pool in Virtual server with bigip reference - /Users/v.lohiya/go/src/github.com/F5Networks/k8s-bigip-ctlr/pkg/controller/resourceConfig_test.go:576 @ 08/09/24 11:09:34.272&#xA;&lt; Exit [It] Validate default pool in Virtual server with bigip reference - /Users/v.lohiya/go/src/github.com/F5Networks/k8s-bigip-ctlr/pkg/controller/resourceConfig_test.go:576 @ 08/09/24 11:09:34.272 (0s)&#xA;</system-err>
          </testcase>
          <testcase name="[It] Multi Cluster with Routes Process Routes with multi cluster config Process Route with multi cluster annotation without multicluster config" classname="CR Manager Suite" status="passed" time="0.000296833">
              <system-err>&gt; Enter [BeforeEach] Multi Cluster with Routes - /Users/v.lohiya/go/src/github.com/F5Networks/k8s-bigip-ctlr/pkg/controller/nativeResourceWorker_test.go:2064 @ 08/09/24 11:09:34.272&#xA;&lt; Exit [BeforeEach] Multi Cluster with Routes - /Users/v.lohiya/go/src/github.com/F5Networks/k8s-bigip-ctlr/pkg/controller/nativeResourceWorker_test.go:2064 @ 08/09/24 11:09:34.272 (0s)&#xA;&gt; Enter [BeforeEach] Process Routes with multi cluster config - /Users/v.lohiya/go/src/github.com/F5Networks/k8s-bigip-ctlr/pkg/controller/nativeResourceWorker_test.go:2184 @ 08/09/24 11:09:34.273&#xA;&lt; Exit [BeforeEach] Process Routes with multi cluster config - /Users/v.lohiya/go/src/github.com/F5Networks/k8s-bigip-ctlr/pkg/controller/nativeResourceWorker_test.go:2184 @ 08/09/24 11:09:34.273 (0s)&#xA;&gt; Enter [It] Process Route with multi cluster annotation without multicluster config - /Users/v.lohiya/go/src/github.com/F5Networks/k8s-bigip-ctlr/pkg/controller/nativeResourceWorker_test.go:2219 @ 08/09/24 11:09:34.273&#xA;&lt; Exit [It] Process Route with multi cluster annotation without multicluster config - /Users/v.lohiya/go/src/github.com/F5Networks/k8s-bigip-ctlr/pkg/controller/nativeResourceWorker_test.go:2219 @ 08/09/24 11:09:34.273 (0s)&#xA;</system-err>
          </testcase>
          <testcase name="[It] Validation Tests Validating ExtendedServiceReference Validating ExtendedServiceReference in non multiCluster mode" classname="CR Manager Suite" status="passed" time="0.000232042">
              <system-err>&gt; Enter [BeforeEach] Validation Tests - /Users/v.lohiya/go/src/github.com/F5Networks/k8s-bigip-ctlr/pkg/controller/validate_test.go:16 @ 08/09/24 11:09:34.273&#xA;&lt; Exit [BeforeEach] Validation Tests - /Users/v.lohiya/go/src/github.com/F5Networks/k8s-bigip-ctlr/pkg/controller/validate_test.go:16 @ 08/09/24 11:09:34.273 (0s)&#xA;&gt; Enter [BeforeEach] Validating ExtendedServiceReference - /Users/v.lohiya/go/src/github.com/F5Networks/k8s-bigip-ctlr/pkg/controller/validate_test.go:21 @ 08/09/24 11:09:34.273&#xA;&lt; Exit [BeforeEach] Validating ExtendedServiceReference - /Users/v.lohiya/go/src/github.com/F5Networks/k8s-bigip-ctlr/pkg/controller/validate_test.go:21 @ 08/09/24 11:09:34.273 (0s)&#xA;&gt; Enter [It] Validating ExtendedServiceReference in non multiCluster mode - /Users/v.lohiya/go/src/github.com/F5Networks/k8s-bigip-ctlr/pkg/controller/validate_test.go:33 @ 08/09/24 11:09:34.273&#xA;&lt; Exit [It] Validating ExtendedServiceReference in non multiCluster mode - /Users/v.lohiya/go/src/github.com/F5Networks/k8s-bigip-ctlr/pkg/controller/validate_test.go:33 @ 08/09/24 11:09:34.273 (0s)&#xA;</system-err>
          </testcase>
          <testcase name="[It] Worker Tests Filtering and Validation Filter Associated VirtualServers HostGroup with wrong custom port" classname="CR Manager Suite" status="passed" time="0.000279625">
              <system-err>&gt; Enter [BeforeEach] Worker Tests - /Users/v.lohiya/go/src/github.com/F5Networks/k8s-bigip-ctlr/pkg/controller/worker_test.go:45 @ 08/09/24 11:09:34.273&#xA;&lt; Exit [BeforeEach] Worker Tests - /Users/v.lohiya/go/src/github.com/F5Networks/k8s-bigip-ctlr/pkg/controller/worker_test.go:45 @ 08/09/24 11:09:34.274 (0s)&#xA;&gt; Enter [BeforeEach] Filter Associated VirtualServers - /Users/v.lohiya/go/src/github.com/F5Networks/k8s-bigip-ctlr/pkg/controller/worker_test.go:488 @ 08/09/24 11:09:34.274&#xA;&lt; Exit [BeforeEach] Filter Associated VirtualServers - /Users/v.lohiya/go/src/github.com/F5Networks/k8s-bigip-ctlr/pkg/controller/worker_test.go:488 @ 08/09/24 11:09:34.274 (0s)&#xA;&gt; Enter [It] HostGroup with wrong custom port - /Users/v.lohiya/go/src/github.com/F5Networks/k8s-bigip-ctlr/pkg/controller/worker_test.go:741 @ 08/09/24 11:09:34.274&#xA;&lt; Exit [It] HostGroup with wrong custom port - /Users/v.lohiya/go/src/github.com/F5Networks/k8s-bigip-ctlr/pkg/controller/worker_test.go:741 @ 08/09/24 11:09:34.274 (0s)&#xA;</system-err>
          </testcase>
          <testcase name="[It] Validation Tests Validating ExtendedServiceReference Validating ExtendedServiceReference running in HA and non-HA cluster" classname="CR Manager Suite" status="passed" time="0.000187584">
              <system-err>&gt; Enter [BeforeEach] Validation Tests - /Users/v.lohiya/go/src/github.com/F5Networks/k8s-bigip-ctlr/pkg/controller/validate_test.go:16 @ 08/09/24 11:09:34.274&#xA;&lt; Exit [BeforeEach] Validation Tests - /Users/v.lohiya/go/src/github.com/F5Networks/k8s-bigip-ctlr/pkg/controller/validate_test.go:16 @ 08/09/24 11:09:34.274 (0s)&#xA;&gt; Enter [BeforeEach] Validating ExtendedServiceReference - /Users/v.lohiya/go/src/github.com/F5Networks/k8s-bigip-ctlr/pkg/controller/validate_test.go:21 @ 08/09/24 11:09:34.274&#xA;&lt; Exit [BeforeEach] Validating ExtendedServiceReference - /Users/v.lohiya/go/src/github.com/F5Networks/k8s-bigip-ctlr/pkg/controller/validate_test.go:21 @ 08/09/24 11:09:34.274 (0s)&#xA;&gt; Enter [It] Validating ExtendedServiceReference running in HA and non-HA cluster - /Users/v.lohiya/go/src/github.com/F5Networks/k8s-bigip-ctlr/pkg/controller/validate_test.go:64 @ 08/09/24 11:09:34.274&#xA;&lt; Exit [It] Validating ExtendedServiceReference running in HA and non-HA cluster - /Users/v.lohiya/go/src/github.com/F5Networks/k8s-bigip-ctlr/pkg/controller/validate_test.go:64 @ 08/09/24 11:09:34.274 (0s)&#xA;</system-err>
          </testcase>
          <testcase name="[It] Backend Tests Prepare AS3 Declaration Handles Persistence Methods" classname="CR Manager Suite" status="passed" time="0.00012525">
              <system-err>&gt; Enter [BeforeEach] Prepare AS3 Declaration - /Users/v.lohiya/go/src/github.com/F5Networks/k8s-bigip-ctlr/pkg/controller/backend_test.go:20 @ 08/09/24 11:09:34.274&#xA;&lt; Exit [BeforeEach] Prepare AS3 Declaration - /Users/v.lohiya/go/src/github.com/F5Networks/k8s-bigip-ctlr/pkg/controller/backend_test.go:20 @ 08/09/24 11:09:34.274 (0s)&#xA;&gt; Enter [It] Handles Persistence Methods - /Users/v.lohiya/go/src/github.com/F5Networks/k8s-bigip-ctlr/pkg/controller/backend_test.go:321 @ 08/09/24 11:09:34.274&#xA;&lt; Exit [It] Handles Persistence Methods - /Users/v.lohiya/go/src/github.com/F5Networks/k8s-bigip-ctlr/pkg/controller/backend_test.go:321 @ 08/09/24 11:09:34.274 (0s)&#xA;</system-err>
          </testcase>
          <testcase name="[It] Worker Tests Filtering and Validation Filter Associated VirtualServers Host Group with IP Address Only specified once" classname="CR Manager Suite" status="passed" time="0.000288625">
              <system-err>&gt; Enter [BeforeEach] Worker Tests - /Users/v.lohiya/go/src/github.com/F5Networks/k8s-bigip-ctlr/pkg/controller/worker_test.go:45 @ 08/09/24 11:09:34.275&#xA;&lt; Exit [BeforeEach] Worker Tests - /Users/v.lohiya/go/src/github.com/F5Networks/k8s-bigip-ctlr/pkg/controller/worker_test.go:45 @ 08/09/24 11:09:34.275 (0s)&#xA;&gt; Enter [BeforeEach] Filter Associated VirtualServers - /Users/v.lohiya/go/src/github.com/F5Networks/k8s-bigip-ctlr/pkg/controller/worker_test.go:488 @ 08/09/24 11:09:34.275&#xA;&lt; Exit [BeforeEach] Filter Associated VirtualServers - /Users/v.lohiya/go/src/github.com/F5Networks/k8s-bigip-ctlr/pkg/controller/worker_test.go:488 @ 08/09/24 11:09:34.275 (0s)&#xA;&gt; Enter [It] Host Group with IP Address Only specified once - /Users/v.lohiya/go/src/github.com/F5Networks/k8s-bigip-ctlr/pkg/controller/worker_test.go:665 @ 08/09/24 11:09:34.275&#xA;&lt; Exit [It] Host Group with IP Address Only specified once - /Users/v.lohiya/go/src/github.com/F5Networks/k8s-bigip-ctlr/pkg/controller/worker_test.go:665 @ 08/09/24 11:09:34.275 (0s)&#xA;</system-err>
          </testcase>
          <testcase name="[It] Resource Config Tests Handle Virtual Server TLS Passthrough Termination" classname="CR Manager Suite" status="passed" time="0.000219291">
              <system-err>&gt; Enter [BeforeEach] Handle Virtual Server TLS - /Users/v.lohiya/go/src/github.com/F5Networks/k8s-bigip-ctlr/pkg/controller/resourceConfig_test.go:1199 @ 08/09/24 11:09:34.275&#xA;&lt; Exit [BeforeEach] Handle Virtual Server TLS - /Users/v.lohiya/go/src/github.com/F5Networks/k8s-bigip-ctlr/pkg/controller/resourceConfig_test.go:1199 @ 08/09/24 11:09:34.275 (0s)&#xA;&gt; Enter [It] Passthrough Termination - /Users/v.lohiya/go/src/github.com/F5Networks/k8s-bigip-ctlr/pkg/controller/resourceConfig_test.go:1267 @ 08/09/24 11:09:34.275&#xA;&lt; Exit [It] Passthrough Termination - /Users/v.lohiya/go/src/github.com/F5Networks/k8s-bigip-ctlr/pkg/controller/resourceConfig_test.go:1267 @ 08/09/24 11:09:34.275 (0s)&#xA;</system-err>
          </testcase>
          <testcase name="[It] Resource Config Tests Handle Virtual Server TLS Handle HTTP Server when Redirect" classname="CR Manager Suite" status="passed" time="0.000131417">
              <system-err>&gt; Enter [BeforeEach] Handle Virtual Server TLS - /Users/v.lohiya/go/src/github.com/F5Networks/k8s-bigip-ctlr/pkg/controller/resourceConfig_test.go:1199 @ 08/09/24 11:09:34.275&#xA;&lt; Exit [BeforeEach] Handle Virtual Server TLS - /Users/v.lohiya/go/src/github.com/F5Networks/k8s-bigip-ctlr/pkg/controller/resourceConfig_test.go:1199 @ 08/09/24 11:09:34.275 (0s)&#xA;&gt; Enter [It] Handle HTTP Server when Redirect - /Users/v.lohiya/go/src/github.com/F5Networks/k8s-bigip-ctlr/pkg/controller/resourceConfig_test.go:1338 @ 08/09/24 11:09:34.276&#xA;&lt; Exit [It] Handle HTTP Server when Redirect - /Users/v.lohiya/go/src/github.com/F5Networks/k8s-bigip-ctlr/pkg/controller/resourceConfig_test.go:1338 @ 08/09/24 11:09:34.276 (0s)&#xA;</system-err>
          </testcase>
          <testcase name="[It] Backend Tests Prepare AS3 GTM PostManager Test GTM on different server" classname="CR Manager Suite" status="passed" time="0.000139084">
              <system-err>&gt; Enter [BeforeEach] Prepare AS3 GTM PostManager - /Users/v.lohiya/go/src/github.com/F5Networks/k8s-bigip-ctlr/pkg/controller/gtmBackend_test.go:14 @ 08/09/24 11:09:34.276&#xA;&lt; Exit [BeforeEach] Prepare AS3 GTM PostManager - /Users/v.lohiya/go/src/github.com/F5Networks/k8s-bigip-ctlr/pkg/controller/gtmBackend_test.go:14 @ 08/09/24 11:09:34.276 (0s)&#xA;&gt; Enter [It] Test GTM on different server - /Users/v.lohiya/go/src/github.com/F5Networks/k8s-bigip-ctlr/pkg/controller/gtmBackend_test.go:21 @ 08/09/24 11:09:34.276&#xA;&lt; Exit [It] Test GTM on different server - /Users/v.lohiya/go/src/github.com/F5Networks/k8s-bigip-ctlr/pkg/controller/gtmBackend_test.go:21 @ 08/09/24 11:09:34.276 (0s)&#xA;</system-err>
          </testcase>
          <testcase name="[It] PostManager Tests BIGIP Queries Get Tenant Configuration Status" classname="CR Manager Suite" status="passed" time="0.000182708">
              <system-err>&gt; Enter [BeforeEach] PostManager Tests - /Users/v.lohiya/go/src/github.com/F5Networks/k8s-bigip-ctlr/pkg/controller/postManager_test.go:12 @ 08/09/24 11:09:34.276&#xA;&lt; Exit [BeforeEach] PostManager Tests - /Users/v.lohiya/go/src/github.com/F5Networks/k8s-bigip-ctlr/pkg/controller/postManager_test.go:12 @ 08/09/24 11:09:34.276 (0s)&#xA;&gt; Enter [It] Get Tenant Configuration Status - /Users/v.lohiya/go/src/github.com/F5Networks/k8s-bigip-ctlr/pkg/controller/postManager_test.go:145 @ 08/09/24 11:09:34.276&#xA;&lt; Exit [It] Get Tenant Configuration Status - /Users/v.lohiya/go/src/github.com/F5Networks/k8s-bigip-ctlr/pkg/controller/postManager_test.go:145 @ 08/09/24 11:09:34.276 (0s)&#xA;</system-err>
          </testcase>
          <testcase name="[It] Routes Routes Passthrough Route" classname="CR Manager Suite" status="passed" time="0.00035">
              <system-err>&gt; Enter [BeforeEach] Routes - /Users/v.lohiya/go/src/github.com/F5Networks/k8s-bigip-ctlr/pkg/controller/nativeResourceWorker_test.go:25 @ 08/09/24 11:09:34.276&#xA;&lt; Exit [BeforeEach] Routes - /Users/v.lohiya/go/src/github.com/F5Networks/k8s-bigip-ctlr/pkg/controller/nativeResourceWorker_test.go:25 @ 08/09/24 11:09:34.277 (0s)&#xA;&gt; Enter [BeforeEach] Routes - /Users/v.lohiya/go/src/github.com/F5Networks/k8s-bigip-ctlr/pkg/controller/nativeResourceWorker_test.go:65 @ 08/09/24 11:09:34.277&#xA;&lt; Exit [BeforeEach] Routes - /Users/v.lohiya/go/src/github.com/F5Networks/k8s-bigip-ctlr/pkg/controller/nativeResourceWorker_test.go:65 @ 08/09/24 11:09:34.277 (0s)&#xA;&gt; Enter [It] Passthrough Route - /Users/v.lohiya/go/src/github.com/F5Networks/k8s-bigip-ctlr/pkg/controller/nativeResourceWorker_test.go:97 @ 08/09/24 11:09:34.277&#xA;&lt; Exit [It] Passthrough Route - /Users/v.lohiya/go/src/github.com/F5Networks/k8s-bigip-ctlr/pkg/controller/nativeResourceWorker_test.go:97 @ 08/09/24 11:09:34.277 (0s)&#xA;</system-err>
          </testcase>
          <testcase name="[It] Worker Tests Endpoints NodePort" classname="CR Manager Suite" status="passed" time="0.000243625">
              <system-err>&gt; Enter [BeforeEach] Worker Tests - /Users/v.lohiya/go/src/github.com/F5Networks/k8s-bigip-ctlr/pkg/controller/worker_test.go:45 @ 08/09/24 11:09:34.277&#xA;&lt; Exit [BeforeEach] Worker Tests - /Users/v.lohiya/go/src/github.com/F5Networks/k8s-bigip-ctlr/pkg/controller/worker_test.go:45 @ 08/09/24 11:09:34.277 (0s)&#xA;&gt; Enter [BeforeEach] Endpoints - /Users/v.lohiya/go/src/github.com/F5Networks/k8s-bigip-ctlr/pkg/controller/worker_test.go:841 @ 08/09/24 11:09:34.277&#xA;&lt; Exit [BeforeEach] Endpoints - /Users/v.lohiya/go/src/github.com/F5Networks/k8s-bigip-ctlr/pkg/controller/worker_test.go:841 @ 08/09/24 11:09:34.277 (0s)&#xA;&gt; Enter [It] NodePort - /Users/v.lohiya/go/src/github.com/F5Networks/k8s-bigip-ctlr/pkg/controller/worker_test.go:864 @ 08/09/24 11:09:34.277&#xA;&lt; Exit [It] NodePort - /Users/v.lohiya/go/src/github.com/F5Networks/k8s-bigip-ctlr/pkg/controller/worker_test.go:864 @ 08/09/24 11:09:34.277 (0s)&#xA;</system-err>
          </testcase>
          <testcase name="[It] Informers Tests Custom Resource Queueing Secret" classname="CR Manager Suite" status="passed" time="0.000240375">
              <system-err>&gt; Enter [BeforeEach] Informers Tests - /Users/v.lohiya/go/src/github.com/F5Networks/k8s-bigip-ctlr/pkg/controller/informers_test.go:26 @ 08/09/24 11:09:34.277&#xA;&lt; Exit [BeforeEach] Informers Tests - /Users/v.lohiya/go/src/github.com/F5Networks/k8s-bigip-ctlr/pkg/controller/informers_test.go:26 @ 08/09/24 11:09:34.277 (0s)&#xA;&gt; Enter [BeforeEach] Custom Resource Queueing - /Users/v.lohiya/go/src/github.com/F5Networks/k8s-bigip-ctlr/pkg/controller/informers_test.go:61 @ 08/09/24 11:09:34.277&#xA;&lt; Exit [BeforeEach] Custom Resource Queueing - /Users/v.lohiya/go/src/github.com/F5Networks/k8s-bigip-ctlr/pkg/controller/informers_test.go:61 @ 08/09/24 11:09:34.278 (0s)&#xA;&gt; Enter [It] Secret - /Users/v.lohiya/go/src/github.com/F5Networks/k8s-bigip-ctlr/pkg/controller/informers_test.go:540 @ 08/09/24 11:09:34.278&#xA;&lt; Exit [It] Secret - /Users/v.lohiya/go/src/github.com/F5Networks/k8s-bigip-ctlr/pkg/controller/informers_test.go:540 @ 08/09/24 11:09:34.278 (0s)&#xA;&gt; Enter [AfterEach] Custom Resource Queueing - /Users/v.lohiya/go/src/github.com/F5Networks/k8s-bigip-ctlr/pkg/controller/informers_test.go:79 @ 08/09/24 11:09:34.278&#xA;&lt; Exit [AfterEach] Custom Resource Queueing - /Users/v.lohiya/go/src/github.com/F5Networks/k8s-bigip-ctlr/pkg/controller/informers_test.go:79 @ 08/09/24 11:09:34.278 (0s)&#xA;</system-err>
          </testcase>
          <testcase name="[It] PostManager Tests BIGIP AS3 Version Validation2: Get BIG-IP AS3 Version" classname="CR Manager Suite" status="passed" time="0.000186334">
              <system-err>&gt; Enter [BeforeEach] PostManager Tests - /Users/v.lohiya/go/src/github.com/F5Networks/k8s-bigip-ctlr/pkg/controller/postManager_test.go:12 @ 08/09/24 11:09:34.278&#xA;&lt; Exit [BeforeEach] PostManager Tests - /Users/v.lohiya/go/src/github.com/F5Networks/k8s-bigip-ctlr/pkg/controller/postManager_test.go:12 @ 08/09/24 11:09:34.278 (0s)&#xA;&gt; Enter [BeforeEach] BIGIP AS3 Version - /Users/v.lohiya/go/src/github.com/F5Networks/k8s-bigip-ctlr/pkg/controller/postManager_test.go:176 @ 08/09/24 11:09:34.278&#xA;&lt; Exit [BeforeEach] BIGIP AS3 Version - /Users/v.lohiya/go/src/github.com/F5Networks/k8s-bigip-ctlr/pkg/controller/postManager_test.go:176 @ 08/09/24 11:09:34.278 (0s)&#xA;&gt; Enter [It] Validation2: Get BIG-IP AS3 Version - /Users/v.lohiya/go/src/github.com/F5Networks/k8s-bigip-ctlr/pkg/controller/postManager_test.go:218 @ 08/09/24 11:09:34.278&#xA;&lt; Exit [It] Validation2: Get BIG-IP AS3 Version - /Users/v.lohiya/go/src/github.com/F5Networks/k8s-bigip-ctlr/pkg/controller/postManager_test.go:218 @ 08/09/24 11:09:34.278 (0s)&#xA;</system-err>
          </testcase>
          <testcase name="[It] Resource Config Tests ResourceStore Get Partition Resource Map" classname="CR Manager Suite" status="passed" time="0.000270583">
              <system-err>&gt; Enter [BeforeEach] ResourceStore - /Users/v.lohiya/go/src/github.com/F5Networks/k8s-bigip-ctlr/pkg/controller/resourceConfig_test.go:1135 @ 08/09/24 11:09:34.279&#xA;&lt; Exit [BeforeEach] ResourceStore - /Users/v.lohiya/go/src/github.com/F5Networks/k8s-bigip-ctlr/pkg/controller/resourceConfig_test.go:1135 @ 08/09/24 11:09:34.279 (0s)&#xA;&gt; Enter [It] Get Partition Resource Map - /Users/v.lohiya/go/src/github.com/F5Networks/k8s-bigip-ctlr/pkg/controller/resourceConfig_test.go:1139 @ 08/09/24 11:09:34.279&#xA;&lt; Exit [It] Get Partition Resource Map - /Users/v.lohiya/go/src/github.com/F5Networks/k8s-bigip-ctlr/pkg/controller/resourceConfig_test.go:1139 @ 08/09/24 11:09:34.279 (0s)&#xA;</system-err>
          </testcase>
          <testcase name="[It] Informers Tests Custom Resource Informers Namespace Informer" classname="CR Manager Suite" status="passed" time="0.000289916">
              <system-err>&gt; Enter [BeforeEach] Informers Tests - /Users/v.lohiya/go/src/github.com/F5Networks/k8s-bigip-ctlr/pkg/controller/informers_test.go:26 @ 08/09/24 11:09:34.279&#xA;&lt; Exit [BeforeEach] Informers Tests - /Users/v.lohiya/go/src/github.com/F5Networks/k8s-bigip-ctlr/pkg/controller/informers_test.go:26 @ 08/09/24 11:09:34.279 (0s)&#xA;&gt; Enter [BeforeEach] Custom Resource Informers - /Users/v.lohiya/go/src/github.com/F5Networks/k8s-bigip-ctlr/pkg/controller/informers_test.go:31 @ 08/09/24 11:09:34.279&#xA;&lt; Exit [BeforeEach] Custom Resource Informers - /Users/v.lohiya/go/src/github.com/F5Networks/k8s-bigip-ctlr/pkg/controller/informers_test.go:31 @ 08/09/24 11:09:34.279 (0s)&#xA;&gt; Enter [It] Namespace Informer - /Users/v.lohiya/go/src/github.com/F5Networks/k8s-bigip-ctlr/pkg/controller/informers_test.go:51 @ 08/09/24 11:09:34.279&#xA;&lt; Exit [It] Namespace Informer - /Users/v.lohiya/go/src/github.com/F5Networks/k8s-bigip-ctlr/pkg/controller/informers_test.go:51 @ 08/09/24 11:09:34.279 (0s)&#xA;</system-err>
          </testcase>
          <testcase name="[It] Worker Tests Filtering and Validation Filter Associated VirtualServers Unassociated VS" classname="CR Manager Suite" status="passed" time="0.000200083">
              <system-err>&gt; Enter [BeforeEach] Worker Tests - /Users/v.lohiya/go/src/github.com/F5Networks/k8s-bigip-ctlr/pkg/controller/worker_test.go:45 @ 08/09/24 11:09:34.28&#xA;&lt; Exit [BeforeEach] Worker Tests - /Users/v.lohiya/go/src/github.com/F5Networks/k8s-bigip-ctlr/pkg/controller/worker_test.go:45 @ 08/09/24 11:09:34.28 (0s)&#xA;&gt; Enter [BeforeEach] Filter Associated VirtualServers - /Users/v.lohiya/go/src/github.com/F5Networks/k8s-bigip-ctlr/pkg/controller/worker_test.go:488 @ 08/09/24 11:09:34.28&#xA;&lt; Exit [BeforeEach] Filter Associated VirtualServers - /Users/v.lohiya/go/src/github.com/F5Networks/k8s-bigip-ctlr/pkg/controller/worker_test.go:488 @ 08/09/24 11:09:34.28 (0s)&#xA;&gt; Enter [It] Unassociated VS - /Users/v.lohiya/go/src/github.com/F5Networks/k8s-bigip-ctlr/pkg/controller/worker_test.go:545 @ 08/09/24 11:09:34.28&#xA;&lt; Exit [It] Unassociated VS - /Users/v.lohiya/go/src/github.com/F5Networks/k8s-bigip-ctlr/pkg/controller/worker_test.go:545 @ 08/09/24 11:09:34.28 (0s)&#xA;</system-err>
          </testcase>
          <testcase name="[It] Routes Routes Route Admit Status" classname="CR Manager Suite" status="passed" time="0.00024275">
              <system-err>&gt; Enter [BeforeEach] Routes - /Users/v.lohiya/go/src/github.com/F5Networks/k8s-bigip-ctlr/pkg/controller/nativeResourceWorker_test.go:25 @ 08/09/24 11:09:34.28&#xA;&lt; Exit [BeforeEach] Routes - /Users/v.lohiya/go/src/github.com/F5Networks/k8s-bigip-ctlr/pkg/controller/nativeResourceWorker_test.go:25 @ 08/09/24 11:09:34.28 (0s)&#xA;&gt; Enter [BeforeEach] Routes - /Users/v.lohiya/go/src/github.com/F5Networks/k8s-bigip-ctlr/pkg/controller/nativeResourceWorker_test.go:65 @ 08/09/24 11:09:34.28&#xA;&lt; Exit [BeforeEach] Routes - /Users/v.lohiya/go/src/github.com/F5Networks/k8s-bigip-ctlr/pkg/controller/nativeResourceWorker_test.go:65 @ 08/09/24 11:09:34.28 (0s)&#xA;&gt; Enter [It] Route Admit Status - /Users/v.lohiya/go/src/github.com/F5Networks/k8s-bigip-ctlr/pkg/controller/nativeResourceWorker_test.go:149 @ 08/09/24 11:09:34.28&#xA;&lt; Exit [It] Route Admit Status - /Users/v.lohiya/go/src/github.com/F5Networks/k8s-bigip-ctlr/pkg/controller/nativeResourceWorker_test.go:149 @ 08/09/24 11:09:34.28 (0s)&#xA;</system-err>
          </testcase>
          <testcase name="[It] Informers Tests Native Resource Queueing Route" classname="CR Manager Suite" status="passed" time="0.000259125">
              <system-err>&gt; Enter [BeforeEach] Informers Tests - /Users/v.lohiya/go/src/github.com/F5Networks/k8s-bigip-ctlr/pkg/controller/informers_test.go:26 @ 08/09/24 11:09:34.28&#xA;&lt; Exit [BeforeEach] Informers Tests - /Users/v.lohiya/go/src/github.com/F5Networks/k8s-bigip-ctlr/pkg/controller/informers_test.go:26 @ 08/09/24 11:09:34.28 (0s)&#xA;&gt; Enter [BeforeEach] Native Resource Queueing - /Users/v.lohiya/go/src/github.com/F5Networks/k8s-bigip-ctlr/pkg/controller/informers_test.go:672 @ 08/09/24 11:09:34.281&#xA;&lt; Exit [BeforeEach] Native Resource Queueing - /Users/v.lohiya/go/src/github.com/F5Networks/k8s-bigip-ctlr/pkg/controller/informers_test.go:672 @ 08/09/24 11:09:34.281 (0s)&#xA;&gt; Enter [It] Route - /Users/v.lohiya/go/src/github.com/F5Networks/k8s-bigip-ctlr/pkg/controller/informers_test.go:690 @ 08/09/24 11:09:34.281&#xA;&lt; Exit [It] Route - /Users/v.lohiya/go/src/github.com/F5Networks/k8s-bigip-ctlr/pkg/controller/informers_test.go:690 @ 08/09/24 11:09:34.281 (0s)&#xA;&gt; Enter [AfterEach] Native Resource Queueing - /Users/v.lohiya/go/src/github.com/F5Networks/k8s-bigip-ctlr/pkg/controller/informers_test.go:686 @ 08/09/24 11:09:34.281&#xA;&lt; Exit [AfterEach] Native Resource Queueing - /Users/v.lohiya/go/src/github.com/F5Networks/k8s-bigip-ctlr/pkg/controller/informers_test.go:686 @ 08/09/24 11:09:34.281 (0s)&#xA;</system-err>
          </testcase>
          <testcase name="[It] Node Poller Handler Nodes" classname="CR Manager Suite" status="passed" time="0.000212916">
              <system-err>&gt; Enter [BeforeEach] Node Poller Handler - /Users/v.lohiya/go/src/github.com/F5Networks/k8s-bigip-ctlr/pkg/controller/node_poll_handler_test.go:14 @ 08/09/24 11:09:34.281&#xA;&lt; Exit [BeforeEach] Node Poller Handler - /Users/v.lohiya/go/src/github.com/F5Networks/k8s-bigip-ctlr/pkg/controller/node_poll_handler_test.go:14 @ 08/09/24 11:09:34.281 (0s)&#xA;&gt; Enter [It] Nodes - /Users/v.lohiya/go/src/github.com/F5Networks/k8s-bigip-ctlr/pkg/controller/node_poll_handler_test.go:32 @ 08/09/24 11:09:34.281&#xA;&lt; Exit [It] Nodes - /Users/v.lohiya/go/src/github.com/F5Networks/k8s-bigip-ctlr/pkg/controller/node_poll_handler_test.go:32 @ 08/09/24 11:09:34.281 (0s)&#xA;&gt; Enter [AfterEach] Node Poller Handler - /Users/v.lohiya/go/src/github.com/F5Networks/k8s-bigip-ctlr/pkg/controller/node_poll_handler_test.go:28 @ 08/09/24 11:09:34.281&#xA;&lt; Exit [AfterEach] Node Poller Handler - /Users/v.lohiya/go/src/github.com/F5Networks/k8s-bigip-ctlr/pkg/controller/node_poll_handler_test.go:28 @ 08/09/24 11:09:34.281 (0s)&#xA;</system-err>
          </testcase>
          <testcase name="[It] Worker Tests Filtering and Validation Filter Associated VirtualServers IPAM Label" classname="CR Manager Suite" status="passed" time="0.000228666">
              <system-err>&gt; Enter [BeforeEach] Worker Tests - /Users/v.lohiya/go/src/github.com/F5Networks/k8s-bigip-ctlr/pkg/controller/worker_test.go:45 @ 08/09/24 11:09:34.281&#xA;&lt; Exit [BeforeEach] Worker Tests - /Users/v.lohiya/go/src/github.com/F5Networks/k8s-bigip-ctlr/pkg/controller/worker_test.go:45 @ 08/09/24 11:09:34.281 (0s)&#xA;&gt; Enter [BeforeEach] Filter Associated VirtualServers - /Users/v.lohiya/go/src/github.com/F5Networks/k8s-bigip-ctlr/pkg/controller/worker_test.go:488 @ 08/09/24 11:09:34.281&#xA;&lt; Exit [BeforeEach] Filter Associated VirtualServers - /Users/v.lohiya/go/src/github.com/F5Networks/k8s-bigip-ctlr/pkg/controller/worker_test.go:488 @ 08/09/24 11:09:34.281 (0s)&#xA;&gt; Enter [It] IPAM Label - /Users/v.lohiya/go/src/github.com/F5Networks/k8s-bigip-ctlr/pkg/controller/worker_test.go:782 @ 08/09/24 11:09:34.281&#xA;&lt; Exit [It] IPAM Label - /Users/v.lohiya/go/src/github.com/F5Networks/k8s-bigip-ctlr/pkg/controller/worker_test.go:782 @ 08/09/24 11:09:34.281 (0s)&#xA;</system-err>
          </testcase>
          <testcase name="[It] Resource Config Tests Fetch target ports empty target port is returned without port name with named target port" classname="CR Manager Suite" status="passed" time="0.000137333">
              <system-err>&gt; Enter [BeforeEach] Fetch target ports - /Users/v.lohiya/go/src/github.com/F5Networks/k8s-bigip-ctlr/pkg/controller/resourceConfig_test.go:1037 @ 08/09/24 11:09:34.282&#xA;&lt; Exit [BeforeEach] Fetch target ports - /Users/v.lohiya/go/src/github.com/F5Networks/k8s-bigip-ctlr/pkg/controller/resourceConfig_test.go:1037 @ 08/09/24 11:09:34.282 (0s)&#xA;&gt; Enter [It] empty target port is returned without port name with named target port - /Users/v.lohiya/go/src/github.com/F5Networks/k8s-bigip-ctlr/pkg/controller/resourceConfig_test.go:1099 @ 08/09/24 11:09:34.282&#xA;&lt; Exit [It] empty target port is returned without port name with named target port - /Users/v.lohiya/go/src/github.com/F5Networks/k8s-bigip-ctlr/pkg/controller/resourceConfig_test.go:1099 @ 08/09/24 11:09:34.282 (0s)&#xA;</system-err>
          </testcase>
          <testcase name="[It] PostManager Tests Post Config and Handle Response Handle Expected HTTP Response Errors" classname="CR Manager Suite" status="passed" time="0.000201833">
              <system-err>&gt; Enter [BeforeEach] PostManager Tests - /Users/v.lohiya/go/src/github.com/F5Networks/k8s-bigip-ctlr/pkg/controller/postManager_test.go:12 @ 08/09/24 11:09:34.282&#xA;&lt; Exit [BeforeEach] PostManager Tests - /Users/v.lohiya/go/src/github.com/F5Networks/k8s-bigip-ctlr/pkg/controller/postManager_test.go:12 @ 08/09/24 11:09:34.282 (0s)&#xA;&gt; Enter [BeforeEach] Post Config and Handle Response - /Users/v.lohiya/go/src/github.com/F5Networks/k8s-bigip-ctlr/pkg/controller/postManager_test.go:25 @ 08/09/24 11:09:34.282&#xA;&lt; Exit [BeforeEach] Post Config and Handle Response - /Users/v.lohiya/go/src/github.com/F5Networks/k8s-bigip-ctlr/pkg/controller/postManager_test.go:25 @ 08/09/24 11:09:34.282 (0s)&#xA;&gt; Enter [It] Handle Expected HTTP Response Errors - /Users/v.lohiya/go/src/github.com/F5Networks/k8s-bigip-ctlr/pkg/controller/postManager_test.go:78 @ 08/09/24 11:09:34.282&#xA;&lt; Exit [It] Handle Expected HTTP Response Errors - /Users/v.lohiya/go/src/github.com/F5Networks/k8s-bigip-ctlr/pkg/controller/postManager_test.go:78 @ 08/09/24 11:09:34.282 (0s)&#xA;</system-err>
          </testcase>
          <testcase name="[It] Routes Extended Spec ConfigMap Extended Route Spec Global" classname="CR Manager Suite" status="passed" time="0.000337875">
              <system-err>&gt; Enter [BeforeEach] Routes - /Users/v.lohiya/go/src/github.com/F5Networks/k8s-bigip-ctlr/pkg/controller/nativeResourceWorker_test.go:25 @ 08/09/24 11:09:34.282&#xA;&lt; Exit [BeforeEach] Routes - /Users/v.lohiya/go/src/github.com/F5Networks/k8s-bigip-ctlr/pkg/controller/nativeResourceWorker_test.go:25 @ 08/09/24 11:09:34.282 (0s)&#xA;&gt; Enter [BeforeEach] Extended Spec ConfigMap - /Users/v.lohiya/go/src/github.com/F5Networks/k8s-bigip-ctlr/pkg/controller/nativeResourceWorker_test.go:1366 @ 08/09/24 11:09:34.282&#xA;&lt; Exit [BeforeEach] Extended Spec ConfigMap - /Users/v.lohiya/go/src/github.com/F5Networks/k8s-bigip-ctlr/pkg/controller/nativeResourceWorker_test.go:1366 @ 08/09/24 11:09:34.282 (0s)&#xA;&gt; Enter [It] Extended Route Spec Global - /Users/v.lohiya/go/src/github.com/F5Networks/k8s-bigip-ctlr/pkg/controller/nativeResourceWorker_test.go:1379 @ 08/09/24 11:09:34.283&#xA;&lt; Exit [It] Extended Route Spec Global - /Users/v.lohiya/go/src/github.com/F5Networks/k8s-bigip-ctlr/pkg/controller/nativeResourceWorker_test.go:1379 @ 08/09/24 11:09:34.283 (0s)&#xA;</system-err>
          </testcase>
          <testcase name="[It] Multi Cluster with CRD Process CRD with multi cluster config Process TS with multi cluster config" classname="CR Manager Suite" status="passed" time="0.00104875">
              <system-err>&gt; Enter [BeforeEach] Multi Cluster with CRD - /Users/v.lohiya/go/src/github.com/F5Networks/k8s-bigip-ctlr/pkg/controller/nativeResourceWorker_test.go:2366 @ 08/09/24 11:09:34.283&#xA;&lt; Exit [BeforeEach] Multi Cluster with CRD - /Users/v.lohiya/go/src/github.com/F5Networks/k8s-bigip-ctlr/pkg/controller/nativeResourceWorker_test.go:2366 @ 08/09/24 11:09:34.283 (0s)&#xA;&gt; Enter [BeforeEach] Process CRD with multi cluster config - /Users/v.lohiya/go/src/github.com/F5Networks/k8s-bigip-ctlr/pkg/controller/nativeResourceWorker_test.go:2475 @ 08/09/24 11:09:34.283&#xA;&lt; Exit [BeforeEach] Process CRD with multi cluster config - /Users/v.lohiya/go/src/github.com/F5Networks/k8s-bigip-ctlr/pkg/controller/nativeResourceWorker_test.go:2475 @ 08/09/24 11:09:34.284 (1ms)&#xA;&gt; Enter [It] Process TS with multi cluster config - /Users/v.lohiya/go/src/github.com/F5Networks/k8s-bigip-ctlr/pkg/controller/nativeResourceWorker_test.go:2593 @ 08/09/24 11:09:34.284&#xA;&lt; Exit [It] Process TS with multi cluster config - /Users/v.lohiya/go/src/github.com/F5Networks/k8s-bigip-ctlr/pkg/controller/nativeResourceWorker_test.go:2593 @ 08/09/24 11:09:34.284 (0s)&#xA;</system-err>
          </testcase>
          <testcase name="[It] Resource Config Tests Handle Virtual Server TLS Handle TLS for AB Virtual Server" classname="CR Manager Suite" status="passed" time="0.000296625">
              <system-err>&gt; Enter [BeforeEach] Handle Virtual Server TLS - /Users/v.lohiya/go/src/github.com/F5Networks/k8s-bigip-ctlr/pkg/controller/resourceConfig_test.go:1199 @ 08/09/24 11:09:34.284&#xA;&lt; Exit [BeforeEach] Handle Virtual Server TLS - /Users/v.lohiya/go/src/github.com/F5Networks/k8s-bigip-ctlr/pkg/controller/resourceConfig_test.go:1199 @ 08/09/24 11:09:34.284 (0s)&#xA;&gt; Enter [It] Handle TLS for AB Virtual Server - /Users/v.lohiya/go/src/github.com/F5Networks/k8s-bigip-ctlr/pkg/controller/resourceConfig_test.go:1508 @ 08/09/24 11:09:34.284&#xA;&lt; Exit [It] Handle TLS for AB Virtual Server - /Users/v.lohiya/go/src/github.com/F5Networks/k8s-bigip-ctlr/pkg/controller/resourceConfig_test.go:1508 @ 08/09/24 11:09:34.284 (0s)&#xA;</system-err>
          </testcase>
          <testcase name="[It] Resource Config Tests Handle iRules and DataGroups Handle DataGroup" classname="CR Manager Suite" status="passed" time="0.000142375">
              <system-err>&gt; Enter [BeforeEach] Handle iRules and DataGroups - /Users/v.lohiya/go/src/github.com/F5Networks/k8s-bigip-ctlr/pkg/controller/resourceConfig_test.go:181 @ 08/09/24 11:09:34.285&#xA;&lt; Exit [BeforeEach] Handle iRules and DataGroups - /Users/v.lohiya/go/src/github.com/F5Networks/k8s-bigip-ctlr/pkg/controller/resourceConfig_test.go:181 @ 08/09/24 11:09:34.285 (0s)&#xA;&gt; Enter [It] Handle DataGroup - /Users/v.lohiya/go/src/github.com/F5Networks/k8s-bigip-ctlr/pkg/controller/resourceConfig_test.go:210 @ 08/09/24 11:09:34.285&#xA;&lt; Exit [It] Handle DataGroup - /Users/v.lohiya/go/src/github.com/F5Networks/k8s-bigip-ctlr/pkg/controller/resourceConfig_test.go:210 @ 08/09/24 11:09:34.285 (0s)&#xA;</system-err>
          </testcase>
          <testcase name="[It] Profile Server SSL" classname="CR Manager Suite" status="passed" time="0.000143625">
              <system-err>&gt; Enter [BeforeEach] Profile - /Users/v.lohiya/go/src/github.com/F5Networks/k8s-bigip-ctlr/pkg/controller/profile_test.go:13 @ 08/09/24 11:09:34.285&#xA;&lt; Exit [BeforeEach] Profile - /Users/v.lohiya/go/src/github.com/F5Networks/k8s-bigip-ctlr/pkg/controller/profile_test.go:13 @ 08/09/24 11:09:34.285 (0s)&#xA;&gt; Enter [It] Server SSL - /Users/v.lohiya/go/src/github.com/F5Networks/k8s-bigip-ctlr/pkg/controller/profile_test.go:83 @ 08/09/24 11:09:34.285&#xA;&lt; Exit [It] Server SSL - /Users/v.lohiya/go/src/github.com/F5Networks/k8s-bigip-ctlr/pkg/controller/profile_test.go:83 @ 08/09/24 11:09:34.285 (0s)&#xA;</system-err>
          </testcase>
          <testcase name="[It] PostManager Tests Post Config and Handle Response Handle Multiple HTTP Responses" classname="CR Manager Suite" status="passed" time="0.000160625">
              <system-err>&gt; Enter [BeforeEach] PostManager Tests - /Users/v.lohiya/go/src/github.com/F5Networks/k8s-bigip-ctlr/pkg/controller/postManager_test.go:12 @ 08/09/24 11:09:34.285&#xA;&lt; Exit [BeforeEach] PostManager Tests - /Users/v.lohiya/go/src/github.com/F5Networks/k8s-bigip-ctlr/pkg/controller/postManager_test.go:12 @ 08/09/24 11:09:34.285 (0s)&#xA;&gt; Enter [BeforeEach] Post Config and Handle Response - /Users/v.lohiya/go/src/github.com/F5Networks/k8s-bigip-ctlr/pkg/controller/postManager_test.go:25 @ 08/09/24 11:09:34.285&#xA;&lt; Exit [BeforeEach] Post Config and Handle Response - /Users/v.lohiya/go/src/github.com/F5Networks/k8s-bigip-ctlr/pkg/controller/postManager_test.go:25 @ 08/09/24 11:09:34.285 (0s)&#xA;&gt; Enter [It] Handle Multiple HTTP Responses - /Users/v.lohiya/go/src/github.com/F5Networks/k8s-bigip-ctlr/pkg/controller/postManager_test.go:131 @ 08/09/24 11:09:34.285&#xA;&lt; Exit [It] Handle Multiple HTTP Responses - /Users/v.lohiya/go/src/github.com/F5Networks/k8s-bigip-ctlr/pkg/controller/postManager_test.go:131 @ 08/09/24 11:09:34.285 (0s)&#xA;</system-err>
          </testcase>
          <testcase name="[It] Routes Routes Verify NextGenRoutes K8S Secret as TLS certs" classname="CR Manager Suite" status="passed" time="0.000311125">
              <system-err>&gt; Enter [BeforeEach] Routes - /Users/v.lohiya/go/src/github.com/F5Networks/k8s-bigip-ctlr/pkg/controller/nativeResourceWorker_test.go:25 @ 08/09/24 11:09:34.286&#xA;&lt; Exit [BeforeEach] Routes - /Users/v.lohiya/go/src/github.com/F5Networks/k8s-bigip-ctlr/pkg/controller/nativeResourceWorker_test.go:25 @ 08/09/24 11:09:34.286 (0s)&#xA;&gt; Enter [BeforeEach] Routes - /Users/v.lohiya/go/src/github.com/F5Networks/k8s-bigip-ctlr/pkg/controller/nativeResourceWorker_test.go:65 @ 08/09/24 11:09:34.286&#xA;&lt; Exit [BeforeEach] Routes - /Users/v.lohiya/go/src/github.com/F5Networks/k8s-bigip-ctlr/pkg/controller/nativeResourceWorker_test.go:65 @ 08/09/24 11:09:34.286 (0s)&#xA;&gt; Enter [It] Verify NextGenRoutes K8S Secret as TLS certs - /Users/v.lohiya/go/src/github.com/F5Networks/k8s-bigip-ctlr/pkg/controller/nativeResourceWorker_test.go:1066 @ 08/09/24 11:09:34.286&#xA;&lt; Exit [It] Verify NextGenRoutes K8S Secret as TLS certs - /Users/v.lohiya/go/src/github.com/F5Networks/k8s-bigip-ctlr/pkg/controller/nativeResourceWorker_test.go:1066 @ 08/09/24 11:09:34.286 (0s)&#xA;</system-err>
          </testcase>
          <testcase name="[It] Resource Config Tests Validate Multiple TLS Profiles" classname="CR Manager Suite" status="passed" time="6.7125e-05">
              <system-err>&gt; Enter [It] Validate Multiple TLS Profiles - /Users/v.lohiya/go/src/github.com/F5Networks/k8s-bigip-ctlr/pkg/controller/resourceConfig_test.go:954 @ 08/09/24 11:09:34.286&#xA;&lt; Exit [It] Validate Multiple TLS Profiles - /Users/v.lohiya/go/src/github.com/F5Networks/k8s-bigip-ctlr/pkg/controller/resourceConfig_test.go:954 @ 08/09/24 11:09:34.286 (0s)&#xA;</system-err>
          </testcase>
          <testcase name="[It] Worker Tests Filtering and Validation Filter Associated VirtualServers HostGroup" classname="CR Manager Suite" status="passed" time="0.000259041">
              <system-err>&gt; Enter [BeforeEach] Worker Tests - /Users/v.lohiya/go/src/github.com/F5Networks/k8s-bigip-ctlr/pkg/controller/worker_test.go:45 @ 08/09/24 11:09:34.286&#xA;&lt; Exit [BeforeEach] Worker Tests - /Users/v.lohiya/go/src/github.com/F5Networks/k8s-bigip-ctlr/pkg/controller/worker_test.go:45 @ 08/09/24 11:09:34.286 (0s)&#xA;&gt; Enter [BeforeEach] Filter Associated VirtualServers - /Users/v.lohiya/go/src/github.com/F5Networks/k8s-bigip-ctlr/pkg/controller/worker_test.go:488 @ 08/09/24 11:09:34.287&#xA;&lt; Exit [BeforeEach] Filter Associated VirtualServers - /Users/v.lohiya/go/src/github.com/F5Networks/k8s-bigip-ctlr/pkg/controller/worker_test.go:488 @ 08/09/24 11:09:34.287 (0s)&#xA;&gt; Enter [It] HostGroup - /Users/v.lohiya/go/src/github.com/F5Networks/k8s-bigip-ctlr/pkg/controller/worker_test.go:651 @ 08/09/24 11:09:34.287&#xA;&lt; Exit [It] HostGroup - /Users/v.lohiya/go/src/github.com/F5Networks/k8s-bigip-ctlr/pkg/controller/worker_test.go:651 @ 08/09/24 11:09:34.287 (0s)&#xA;</system-err>
          </testcase>
          <testcase name="[It] Resource Config Tests SNAT in policy CRD Verifies SNAT whether is set properly for TransportServer" classname="CR Manager Suite" status="passed" time="0.000127375">
              <system-err>&gt; Enter [BeforeEach] SNAT in policy CRD - /Users/v.lohiya/go/src/github.com/F5Networks/k8s-bigip-ctlr/pkg/controller/resourceConfig_test.go:1600 @ 08/09/24 11:09:34.287&#xA;&lt; Exit [BeforeEach] SNAT in policy CRD - /Users/v.lohiya/go/src/github.com/F5Networks/k8s-bigip-ctlr/pkg/controller/resourceConfig_test.go:1600 @ 08/09/24 11:09:34.287 (0s)&#xA;&gt; Enter [It] Verifies SNAT whether is set properly for TransportServer - /Users/v.lohiya/go/src/github.com/F5Networks/k8s-bigip-ctlr/pkg/controller/resourceConfig_test.go:1684 @ 08/09/24 11:09:34.287&#xA;&lt; Exit [It] Verifies SNAT whether is set properly for TransportServer - /Users/v.lohiya/go/src/github.com/F5Networks/k8s-bigip-ctlr/pkg/controller/resourceConfig_test.go:1684 @ 08/09/24 11:09:34.287 (0s)&#xA;</system-err>
          </testcase>
          <testcase name="[It] Worker Tests Processing Custom Resources Processing Virtual Server Virtual Server with Virtual Address" classname="CR Manager Suite" status="passed" time="0.103807959">
              <system-out>I0809 11:09:34.287951   50744 shared_informer.go:240] Waiting for caches to sync for F5 CIS Ingress Controller&#xA;I0809 11:09:34.389049   50744 shared_informer.go:247] Caches are synced for F5 CIS Ingress Controller &#xA;I0809 11:09:34.389075   50744 shared_informer.go:240] Waiting for caches to sync for F5 CIS Ingress Controller&#xA;I0809 11:09:34.389079   50744 shared_informer.go:247] Caches are synced for F5 CIS Ingress Controller &#xA;</system-out>
[...]
          </testcase>
          <testcase name="[It] AS3Manager Tests Prepare AS3 Declaration for route config" classname="AS3 Suite" status="passed" time="0.000863666">
              <system-err>&gt; Enter [BeforeEach] AS3Manager Tests - /Users/v.lohiya/go/src/github.com/F5Networks/k8s-bigip-ctlr/pkg/agent/as3/as3Resource_test.go:13 @ 08/09/24 11:11:07.236&#xA;&lt; Exit [BeforeEach] AS3Manager Tests - /Users/v.lohiya/go/src/github.com/F5Networks/k8s-bigip-ctlr/pkg/agent/as3/as3Resource_test.go:13 @ 08/09/24 11:11:07.236 (0s)&#xA;&gt; Enter [It] Prepare AS3 Declaration for route config - /Users/v.lohiya/go/src/github.com/F5Networks/k8s-bigip-ctlr/pkg/agent/as3/as3Resource_test.go:177 @ 08/09/24 11:11:07.236&#xA;&lt; Exit [It] Prepare AS3 Declaration for route config - /Users/v.lohiya/go/src/github.com/F5Networks/k8s-bigip-ctlr/pkg/agent/as3/as3Resource_test.go:177 @ 08/09/24 11:11:07.237 (1ms)&#xA;&gt; Enter [AfterEach] AS3Manager Tests - /Users/v.lohiya/go/src/github.com/F5Networks/k8s-bigip-ctlr/pkg/agent/as3/as3Resource_test.go:142 @ 08/09/24 11:11:07.237&#xA;&lt; Exit [AfterEach] AS3Manager Tests - /Users/v.lohiya/go/src/github.com/F5Networks/k8s-bigip-ctlr/pkg/agent/as3/as3Resource_test.go:142 @ 08/09/24 11:11:07.237 (0s)&#xA;</system-err>
          </testcase>
          <testcase name="[It] AS3Manager Tests Validate Generated Unified Declaration Unified Declaration only with User Defined ConfigMaps with filter tenant &amp; nodeport local" classname="AS3 Suite" status="passed" time="0.001567541">
              <system-err>&gt; Enter [BeforeEach] AS3Manager Tests - /Users/v.lohiya/go/src/github.com/F5Networks/k8s-bigip-ctlr/pkg/agent/as3/as3Manager_test.go:49 @ 08/09/24 11:11:07.238&#xA;&lt; Exit [BeforeEach] AS3Manager Tests - /Users/v.lohiya/go/src/github.com/F5Networks/k8s-bigip-ctlr/pkg/agent/as3/as3Manager_test.go:49 @ 08/09/24 11:11:07.238 (0s)&#xA;&gt; Enter [It] Unified Declaration only with User Defined ConfigMaps with filter tenant &amp; nodeport local - /Users/v.lohiya/go/src/github.com/F5Networks/k8s-bigip-ctlr/pkg/agent/as3/as3Manager_test.go:95 @ 08/09/24 11:11:07.238&#xA;&lt; Exit [It] Unified Declaration only with User Defined ConfigMaps with filter tenant &amp; nodeport local - /Users/v.lohiya/go/src/github.com/F5Networks/k8s-bigip-ctlr/pkg/agent/as3/as3Manager_test.go:95 @ 08/09/24 11:11:07.239 (1ms)&#xA;&gt; Enter [AfterEach] AS3Manager Tests - /Users/v.lohiya/go/src/github.com/F5Networks/k8s-bigip-ctlr/pkg/agent/as3/as3Manager_test.go:57 @ 08/09/24 11:11:07.239&#xA;&lt; Exit [AfterEach] AS3Manager Tests - /Users/v.lohiya/go/src/github.com/F5Networks/k8s-bigip-ctlr/pkg/agent/as3/as3Manager_test.go:57 @ 08/09/24 11:11:07.239 (0s)&#xA;</system-err>
          </testcase>
          <testcase name="[It] AS3Manager Tests Validate Generated Unified Declaration Validate staging of Configmap" classname="AS3 Suite" status="passed" time="0.0003875">
              <system-err>&gt; Enter [BeforeEach] AS3Manager Tests - /Users/v.lohiya/go/src/github.com/F5Networks/k8s-bigip-ctlr/pkg/agent/as3/as3Manager_test.go:49 @ 08/09/24 11:11:07.239&#xA;&lt; Exit [BeforeEach] AS3Manager Tests - /Users/v.lohiya/go/src/github.com/F5Networks/k8s-bigip-ctlr/pkg/agent/as3/as3Manager_test.go:49 @ 08/09/24 11:11:07.239 (0s)&#xA;&gt; Enter [It] Validate staging of Configmap - /Users/v.lohiya/go/src/github.com/F5Networks/k8s-bigip-ctlr/pkg/agent/as3/as3Manager_test.go:172 @ 08/09/24 11:11:07.24&#xA;&lt; Exit [It] Validate staging of Configmap - /Users/v.lohiya/go/src/github.com/F5Networks/k8s-bigip-ctlr/pkg/agent/as3/as3Manager_test.go:172 @ 08/09/24 11:11:07.24 (0s)&#xA;&gt; Enter [AfterEach] AS3Manager Tests - /Users/v.lohiya/go/src/github.com/F5Networks/k8s-bigip-ctlr/pkg/agent/as3/as3Manager_test.go:57 @ 08/09/24 11:11:07.24&#xA;&lt; Exit [AfterEach] AS3Manager Tests - /Users/v.lohiya/go/src/github.com/F5Networks/k8s-bigip-ctlr/pkg/agent/as3/as3Manager_test.go:57 @ 08/09/24 11:11:07.24 (0s)&#xA;</system-err>
          </testcase>
          <testcase name="[It] Override Simple Config Map TestValidateJSONStringAndFetchObject" classname="AS3 Suite" status="passed" time="0.000260917">
              <system-err>&gt; Enter [It] TestValidateJSONStringAndFetchObject - /Users/v.lohiya/go/src/github.com/F5Networks/k8s-bigip-ctlr/pkg/agent/as3/as3Utils_test.go:22 @ 08/09/24 11:11:07.24&#xA;&lt; Exit [It] TestValidateJSONStringAndFetchObject - /Users/v.lohiya/go/src/github.com/F5Networks/k8s-bigip-ctlr/pkg/agent/as3/as3Utils_test.go:22 @ 08/09/24 11:11:07.24 (0s)&#xA;</system-err>
          </testcase>
          <testcase name="[It] PostManager Tests Get BIGIP Registration key function getTimeDurationForErrorResponse" classname="AS3 Suite" status="passed" time="0.000607791">
              <system-err>&gt; Enter [BeforeEach] PostManager Tests - /Users/v.lohiya/go/src/github.com/F5Networks/k8s-bigip-ctlr/pkg/agent/as3/postManager_test.go:68 @ 08/09/24 11:11:07.227&#xA;&lt; Exit [BeforeEach] PostManager Tests - /Users/v.lohiya/go/src/github.com/F5Networks/k8s-bigip-ctlr/pkg/agent/as3/postManager_test.go:68 @ 08/09/24 11:11:07.227 (0s)&#xA;&gt; Enter [It] function getTimeDurationForErrorResponse - /Users/v.lohiya/go/src/github.com/F5Networks/k8s-bigip-ctlr/pkg/agent/as3/postManager_test.go:285 @ 08/09/24 11:11:07.227&#xA;&lt; Exit [It] function getTimeDurationForErrorResponse - /Users/v.lohiya/go/src/github.com/F5Networks/k8s-bigip-ctlr/pkg/agent/as3/postManager_test.go:285 @ 08/09/24 11:11:07.228 (0s)&#xA;</system-err>
          </testcase>
          <testcase name="[It] Tenant parsing in AS3 declaration Get Tenants from a declaration" classname="AS3 Suite" status="passed" time="0.001154209">
              <system-err>&gt; Enter [It] Get Tenants from a declaration - /Users/v.lohiya/go/src/github.com/F5Networks/k8s-bigip-ctlr/pkg/agent/as3/as3Utils_test.go:63 @ 08/09/24 11:11:07.228&#xA;&lt; Exit [It] Get Tenants from a declaration - /Users/v.lohiya/go/src/github.com/F5Networks/k8s-bigip-ctlr/pkg/agent/as3/as3Utils_test.go:63 @ 08/09/24 11:11:07.229 (1ms)&#xA;</system-err>
          </testcase>
          <testcase name="[It] AS3Manager Tests Prepare AS3 Declaration 2 policy" classname="AS3 Suite" status="passed" time="0.000770583">
              <system-err>&gt; Enter [BeforeEach] AS3Manager Tests - /Users/v.lohiya/go/src/github.com/F5Networks/k8s-bigip-ctlr/pkg/agent/as3/as3Resource_test.go:13 @ 08/09/24 11:11:07.23&#xA;&lt; Exit [BeforeEach] AS3Manager Tests - /Users/v.lohiya/go/src/github.com/F5Networks/k8s-bigip-ctlr/pkg/agent/as3/as3Resource_test.go:13 @ 08/09/24 11:11:07.23 (0s)&#xA;&gt; Enter [It] Prepare AS3 Declaration 2 policy - /Users/v.lohiya/go/src/github.com/F5Networks/k8s-bigip-ctlr/pkg/agent/as3/as3Resource_test.go:165 @ 08/09/24 11:11:07.23&#xA;&lt; Exit [It] Prepare AS3 Declaration 2 policy - /Users/v.lohiya/go/src/github.com/F5Networks/k8s-bigip-ctlr/pkg/agent/as3/as3Resource_test.go:165 @ 08/09/24 11:11:07.23 (1ms)&#xA;&gt; Enter [AfterEach] AS3Manager Tests - /Users/v.lohiya/go/src/github.com/F5Networks/k8s-bigip-ctlr/pkg/agent/as3/as3Resource_test.go:142 @ 08/09/24 11:11:07.23&#xA;&lt; Exit [AfterEach] AS3Manager Tests - /Users/v.lohiya/go/src/github.com/F5Networks/k8s-bigip-ctlr/pkg/agent/as3/as3Resource_test.go:142 @ 08/09/24 11:11:07.23 (0s)&#xA;</system-err>
          </testcase>
          <testcase name="[It] AS3Manager Tests Validate Generated Unified Declaration Unified Declaration with User Defined ConfigMap and Openshift Route" classname="AS3 Suite" status="passed" time="0.001648542">
              <system-err>&gt; Enter [BeforeEach] AS3Manager Tests - /Users/v.lohiya/go/src/github.com/F5Networks/k8s-bigip-ctlr/pkg/agent/as3/as3Manager_test.go:49 @ 08/09/24 11:11:07.231&#xA;&lt; Exit [BeforeEach] AS3Manager Tests - /Users/v.lohiya/go/src/github.com/F5Networks/k8s-bigip-ctlr/pkg/agent/as3/as3Manager_test.go:49 @ 08/09/24 11:11:07.231 (0s)&#xA;&gt; Enter [It] Unified Declaration with User Defined ConfigMap and Openshift Route - /Users/v.lohiya/go/src/github.com/F5Networks/k8s-bigip-ctlr/pkg/agent/as3/as3Manager_test.go:141 @ 08/09/24 11:11:07.231&#xA;&lt; Exit [It] Unified Declaration with User Defined ConfigMap and Openshift Route - /Users/v.lohiya/go/src/github.com/F5Networks/k8s-bigip-ctlr/pkg/agent/as3/as3Manager_test.go:141 @ 08/09/24 11:11:07.232 (1ms)&#xA;&gt; Enter [AfterEach] AS3Manager Tests - /Users/v.lohiya/go/src/github.com/F5Networks/k8s-bigip-ctlr/pkg/agent/as3/as3Manager_test.go:57 @ 08/09/24 11:11:07.232&#xA;&lt; Exit [AfterEach] AS3Manager Tests - /Users/v.lohiya/go/src/github.com/F5Networks/k8s-bigip-ctlr/pkg/agent/as3/as3Manager_test.go:57 @ 08/09/24 11:11:07.232 (0s)&#xA;</system-err>
          </testcase>
          <testcase name="[It] AS3Common Tests Creates AS3 monitor declaration" classname="AS3 Suite" status="passed" time="0.000272">
              <system-err>&gt; Enter [It] Creates AS3 monitor declaration - /Users/v.lohiya/go/src/github.com/F5Networks/k8s-bigip-ctlr/pkg/agent/as3/as3Common_test.go:10 @ 08/09/24 11:11:07.233&#xA;&lt; Exit [It] Creates AS3 monitor declaration - /Users/v.lohiya/go/src/github.com/F5Networks/k8s-bigip-ctlr/pkg/agent/as3/as3Common_test.go:10 @ 08/09/24 11:11:07.233 (0s)&#xA;</system-err>
          </testcase>
          <testcase name="[It] AS3Manager Tests Post AS3 Declaration Handle Post Failures" classname="AS3 Suite" status="passed" time="0.000547">
              <system-err>&gt; Enter [BeforeEach] AS3Manager Tests - /Users/v.lohiya/go/src/github.com/F5Networks/k8s-bigip-ctlr/pkg/agent/as3/as3Manager_test.go:49 @ 08/09/24 11:11:07.234&#xA;&lt; Exit [BeforeEach] AS3Manager Tests - /Users/v.lohiya/go/src/github.com/F5Networks/k8s-bigip-ctlr/pkg/agent/as3/as3Manager_test.go:49 @ 08/09/24 11:11:07.234 (0s)&#xA;&gt; Enter [It] Handle Post Failures - /Users/v.lohiya/go/src/github.com/F5Networks/k8s-bigip-ctlr/pkg/agent/as3/as3Manager_test.go:495 @ 08/09/24 11:11:07.234&#xA;&lt; Exit [It] Handle Post Failures - /Users/v.lohiya/go/src/github.com/F5Networks/k8s-bigip-ctlr/pkg/agent/as3/as3Manager_test.go:495 @ 08/09/24 11:11:07.234 (0s)&#xA;&gt; Enter [AfterEach] AS3Manager Tests - /Users/v.lohiya/go/src/github.com/F5Networks/k8s-bigip-ctlr/pkg/agent/as3/as3Manager_test.go:57 @ 08/09/24 11:11:07.234&#xA;&lt; Exit [AfterEach] AS3Manager Tests - /Users/v.lohiya/go/src/github.com/F5Networks/k8s-bigip-ctlr/pkg/agent/as3/as3Manager_test.go:57 @ 08/09/24 11:11:07.234 (0s)&#xA;</system-err>
          </testcase>
          <testcase name="[It] AS3Manager Tests Validating AS3 ConfigMap with AS3Manager AS3 declaration with all Tenants, Applications and Pools" classname="AS3 Suite" status="passed" time="0.000398042">
              <system-err>&gt; Enter [BeforeEach] AS3Manager Tests - /Users/v.lohiya/go/src/github.com/F5Networks/k8s-bigip-ctlr/pkg/agent/as3/as3Manager_test.go:49 @ 08/09/24 11:11:07.235&#xA;&lt; Exit [BeforeEach] AS3Manager Tests - /Users/v.lohiya/go/src/github.com/F5Networks/k8s-bigip-ctlr/pkg/agent/as3/as3Manager_test.go:49 @ 08/09/24 11:11:07.235 (0s)&#xA;&gt; Enter [It] AS3 declaration with all Tenants, Applications and Pools - /Users/v.lohiya/go/src/github.com/F5Networks/k8s-bigip-ctlr/pkg/agent/as3/as3Manager_test.go:67 @ 08/09/24 11:11:07.235&#xA;&lt; Exit [It] AS3 declaration with all Tenants, Applications and Pools - /Users/v.lohiya/go/src/github.com/F5Networks/k8s-bigip-ctlr/pkg/agent/as3/as3Manager_test.go:67 @ 08/09/24 11:11:07.235 (0s)&#xA;&gt; Enter [AfterEach] AS3Manager Tests - /Users/v.lohiya/go/src/github.com/F5Networks/k8s-bigip-ctlr/pkg/agent/as3/as3Manager_test.go:57 @ 08/09/24 11:11:07.235&#xA;&lt; Exit [AfterEach] AS3Manager Tests - /Users/v.lohiya/go/src/github.com/F5Networks/k8s-bigip-ctlr/pkg/agent/as3/as3Manager_test.go:57 @ 08/09/24 11:11:07.235 (0s)&#xA;</system-err>
          </testcase>
          <testcase name="[It] AS3Manager Tests Validate Generated Unified Declaration Unified Declaration only with Openshift Route" classname="AS3 Suite" status="passed" time="0.0007455">
              <system-err>&gt; Enter [BeforeEach] AS3Manager Tests - /Users/v.lohiya/go/src/github.com/F5Networks/k8s-bigip-ctlr/pkg/agent/as3/as3Manager_test.go:49 @ 08/09/24 11:11:07.235&#xA;&lt; Exit [BeforeEach] AS3Manager Tests - /Users/v.lohiya/go/src/github.com/F5Networks/k8s-bigip-ctlr/pkg/agent/as3/as3Manager_test.go:49 @ 08/09/24 11:11:07.235 (0s)&#xA;&gt; Enter [It] Unified Declaration only with Openshift Route - /Users/v.lohiya/go/src/github.com/F5Networks/k8s-bigip-ctlr/pkg/agent/as3/as3Manager_test.go:129 @ 08/09/24 11:11:07.235&#xA;&lt; Exit [It] Unified Declaration only with Openshift Route - /Users/v.lohiya/go/src/github.com/F5Networks/k8s-bigip-ctlr/pkg/agent/as3/as3Manager_test.go:129 @ 08/09/24 11:11:07.236 (0s)&#xA;&gt; Enter [AfterEach] AS3Manager Tests - /Users/v.lohiya/go/src/github.com/F5Networks/k8s-bigip-ctlr/pkg/agent/as3/as3Manager_test.go:57 @ 08/09/24 11:11:07.236&#xA;&lt; Exit [AfterEach] AS3Manager Tests - /Users/v.lohiya/go/src/github.com/F5Networks/k8s-bigip-ctlr/pkg/agent/as3/as3Manager_test.go:57 @ 08/09/24 11:11:07.236 (0s)&#xA;</system-err>
          </testcase>
          <testcase name="[It] AS3Manager Tests Validate Labels of Configmaps Validate Override configmap labels" classname="AS3 Suite" status="passed" time="0.000428125">
              <system-err>&gt; Enter [BeforeEach] AS3Manager Tests - /Users/v.lohiya/go/src/github.com/F5Networks/k8s-bigip-ctlr/pkg/agent/as3/as3Manager_test.go:49 @ 08/09/24 11:11:07.236&#xA;&lt; Exit [BeforeEach] AS3Manager Tests - /Users/v.lohiya/go/src/github.com/F5Networks/k8s-bigip-ctlr/pkg/agent/as3/as3Manager_test.go:49 @ 08/09/24 11:11:07.236 (0s)&#xA;&gt; Enter [It] Validate Override configmap labels - /Users/v.lohiya/go/src/github.com/F5Networks/k8s-bigip-ctlr/pkg/agent/as3/as3Manager_test.go:218 @ 08/09/24 11:11:07.237&#xA;&lt; Exit [It] Validate Override configmap labels - /Users/v.lohiya/go/src/github.com/F5Networks/k8s-bigip-ctlr/pkg/agent/as3/as3Manager_test.go:218 @ 08/09/24 11:11:07.237 (0s)&#xA;&gt; Enter [AfterEach] AS3Manager Tests - /Users/v.lohiya/go/src/github.com/F5Networks/k8s-bigip-ctlr/pkg/agent/as3/as3Manager_test.go:57 @ 08/09/24 11:11:07.237&#xA;&lt; Exit [AfterEach] AS3Manager Tests - /Users/v.lohiya/go/src/github.com/F5Networks/k8s-bigip-ctlr/pkg/agent/as3/as3Manager_test.go:57 @ 08/09/24 11:11:07.237 (0s)&#xA;</system-err>
          </testcase>
          <testcase name="[It] AS3Manager Tests Validate Labels of Configmaps Validate staging of Configmap" classname="AS3 Suite" status="passed" time="0.000256917">
              <system-err>&gt; Enter [BeforeEach] AS3Manager Tests - /Users/v.lohiya/go/src/github.com/F5Networks/k8s-bigip-ctlr/pkg/agent/as3/as3Manager_test.go:49 @ 08/09/24 11:11:07.237&#xA;&lt; Exit [BeforeEach] AS3Manager Tests - /Users/v.lohiya/go/src/github.com/F5Networks/k8s-bigip-ctlr/pkg/agent/as3/as3Manager_test.go:49 @ 08/09/24 11:11:07.237 (0s)&#xA;&gt; Enter [It] Validate staging of Configmap - /Users/v.lohiya/go/src/github.com/F5Networks/k8s-bigip-ctlr/pkg/agent/as3/as3Manager_test.go:206 @ 08/09/24 11:11:07.237&#xA;&lt; Exit [It] Validate staging of Configmap - /Users/v.lohiya/go/src/github.com/F5Networks/k8s-bigip-ctlr/pkg/agent/as3/as3Manager_test.go:206 @ 08/09/24 11:11:07.237 (0s)&#xA;&gt; Enter [AfterEach] AS3Manager Tests - /Users/v.lohiya/go/src/github.com/F5Networks/k8s-bigip-ctlr/pkg/agent/as3/as3Manager_test.go:57 @ 08/09/24 11:11:07.237&#xA;&lt; Exit [AfterEach] AS3Manager Tests - /Users/v.lohiya/go/src/github.com/F5Networks/k8s-bigip-ctlr/pkg/agent/as3/as3Manager_test.go:57 @ 08/09/24 11:11:07.237 (0s)&#xA;</system-err>
          </testcase>
          <testcase name="[It] AS3Manager Tests Validate Override Configmap Override CIS generated config with Override Configmap" classname="AS3 Suite" status="passed" time="0.001678375">
              <system-err>&gt; Enter [BeforeEach] AS3Manager Tests - /Users/v.lohiya/go/src/github.com/F5Networks/k8s-bigip-ctlr/pkg/agent/as3/as3Manager_test.go:49 @ 08/09/24 11:11:07.238&#xA;&lt; Exit [BeforeEach] AS3Manager Tests - /Users/v.lohiya/go/src/github.com/F5Networks/k8s-bigip-ctlr/pkg/agent/as3/as3Manager_test.go:49 @ 08/09/24 11:11:07.238 (0s)&#xA;&gt; Enter [It] Override CIS generated config with Override Configmap - /Users/v.lohiya/go/src/github.com/F5Networks/k8s-bigip-ctlr/pkg/agent/as3/as3Manager_test.go:233 @ 08/09/24 11:11:07.238&#xA;&lt; Exit [It] Override CIS generated config with Override Configmap - /Users/v.lohiya/go/src/github.com/F5Networks/k8s-bigip-ctlr/pkg/agent/as3/as3Manager_test.go:233 @ 08/09/24 11:11:07.239 (1ms)&#xA;&gt; Enter [AfterEach] AS3Manager Tests - /Users/v.lohiya/go/src/github.com/F5Networks/k8s-bigip-ctlr/pkg/agent/as3/as3Manager_test.go:57 @ 08/09/24 11:11:07.239&#xA;&lt; Exit [AfterEach] AS3Manager Tests - /Users/v.lohiya/go/src/github.com/F5Networks/k8s-bigip-ctlr/pkg/agent/as3/as3Manager_test.go:57 @ 08/09/24 11:11:07.239 (0s)&#xA;</system-err>
          </testcase>
          <testcase name="[It] AS3Manager Tests Validating AS3 ConfigMap with AS3Manager AS3 declaration without Applications" classname="AS3 Suite" status="passed" time="0.000662">
              <system-err>&gt; Enter [BeforeEach] AS3Manager Tests - /Users/v.lohiya/go/src/github.com/F5Networks/k8s-bigip-ctlr/pkg/agent/as3/as3Manager_test.go:49 @ 08/09/24 11:11:07.24&#xA;&lt; Exit [BeforeEach] AS3Manager Tests - /Users/v.lohiya/go/src/github.com/F5Networks/k8s-bigip-ctlr/pkg/agent/as3/as3Manager_test.go:49 @ 08/09/24 11:11:07.24 (0s)&#xA;&gt; Enter [It] AS3 declaration without Applications - /Users/v.lohiya/go/src/github.com/F5Networks/k8s-bigip-ctlr/pkg/agent/as3/as3Manager_test.go:77 @ 08/09/24 11:11:07.24&#xA;&lt; Exit [It] AS3 declaration without Applications - /Users/v.lohiya/go/src/github.com/F5Networks/k8s-bigip-ctlr/pkg/agent/as3/as3Manager_test.go:77 @ 08/09/24 11:11:07.24 (0s)&#xA;&gt; Enter [AfterEach] AS3Manager Tests - /Users/v.lohiya/go/src/github.com/F5Networks/k8s-bigip-ctlr/pkg/agent/as3/as3Manager_test.go:57 @ 08/09/24 11:11:07.24&#xA;&lt; Exit [AfterEach] AS3Manager Tests - /Users/v.lohiya/go/src/github.com/F5Networks/k8s-bigip-ctlr/pkg/agent/as3/as3Manager_test.go:57 @ 08/09/24 11:11:07.24 (0s)&#xA;</system-err>
          </testcase>
          <testcase name="[It] PostManager Tests BIGIP AS3 Version Get BIG-IP AS3 Version" classname="AS3 Suite" status="passed" time="0.000397167">
              <system-err>&gt; Enter [BeforeEach] PostManager Tests - /Users/v.lohiya/go/src/github.com/F5Networks/k8s-bigip-ctlr/pkg/agent/as3/postManager_test.go:68 @ 08/09/24 11:11:07.241&#xA;&lt; Exit [BeforeEach] PostManager Tests - /Users/v.lohiya/go/src/github.com/F5Networks/k8s-bigip-ctlr/pkg/agent/as3/postManager_test.go:68 @ 08/09/24 11:11:07.241 (0s)&#xA;&gt; Enter [BeforeEach] BIGIP AS3 Version - /Users/v.lohiya/go/src/github.com/F5Networks/k8s-bigip-ctlr/pkg/agent/as3/postManager_test.go:195 @ 08/09/24 11:11:07.241&#xA;&lt; Exit [BeforeEach] BIGIP AS3 Version - /Users/v.lohiya/go/src/github.com/F5Networks/k8s-bigip-ctlr/pkg/agent/as3/postManager_test.go:195 @ 08/09/24 11:11:07.241 (0s)&#xA;&gt; Enter [It] Get BIG-IP AS3 Version - /Users/v.lohiya/go/src/github.com/F5Networks/k8s-bigip-ctlr/pkg/agent/as3/postManager_test.go:201 @ 08/09/24 11:11:07.241&#xA;&lt; Exit [It] Get BIG-IP AS3 Version - /Users/v.lohiya/go/src/github.com/F5Networks/k8s-bigip-ctlr/pkg/agent/as3/postManager_test.go:201 @ 08/09/24 11:11:07.241 (0s)&#xA;</system-err>
          </testcase>
      </testsuite>
  </testsuites>